Error: memory error: out of bound pointer
File: libc/string/strnlen.c
Line: 30
assembly.ll line: 12260
State: 1
Stack: 
	#000012260 in wcsnlen (=210453397552, =18446744073709551615) at libc/string/strnlen.c:30
	#100010822 in _do_one_spec.299 (=94411427275416, =94411403484416, =94411434599136) at libc/stdio/_vfprintf.c:1702
	#200009966 in vfwprintf (=94411434218176, =94411434960512) at libc/stdio/_vfprintf.c:1919
	#300005937 in wprintf (=0) at libc/stdio/wprintf.c:20
	#400005727 in printWLine (=210453397552) at io.c:23
	#500004238 in CWE122_Heap_Based_Buffer_Overflow__wchar_t_type_overrun_memmove_16_bad () at ./juliet_testcases/CWE122_Heap_Based_Buffer_Overflow__wchar_t_type_overrun_memmove_16.c:47
	#600004319 in __klee_posix_wrapped_main (=1, =94411434524816) at ./juliet_testcases/CWE122_Heap_Based_Buffer_Overflow__wchar_t_type_overrun_memmove_16.c:103
	#700002566 in __user_main (=1, =94411428286208, =94411428286224) at klee_src/runtime/POSIX/klee_init_env.c:245
	#800000474 in __uClibc_main (=1, =94411428286208) at libc/misc/internals/__uClibc_main.c:401
	#900000640 in main (=1, =94411428286208)
Info: 
	address: 210453397552
	next: object at 94411403421952 of size 768
		MO283[768] allocated at global:__C_ctype_toupper_data
