Error: memory error: out of bound pointer
File: libc/string/memcpy.c
Line: 29
assembly.ll line: 4098
State: 1
Stack: 
	#000004098 in memcpy (=94118000344192, =94118000104032, =99) at libc/string/memcpy.c:29
	#100009129 in __stdio_fwrite (=94118000104032, =99, =94118017834592) at libc/stdio/_fwrite.c:39
	#200007135 in _do_one_spec (=94118017834592, =94117999179520, =94118029818560) at libc/stdio/_vfprintf.c:1817
	#300006208 in vfprintf (=94118017834592, =94118029815408, =94118030672992) at libc/stdio/_vfprintf.c:1919
	#400005723 in vsnprintf (=94118000344192, =99, =94118029815408, =94118030672992) at libc/stdio/vsnprintf.c:64
	#500005645 in snprintf (=94118000344192, =99, =0) at libc/stdio/snprintf.c:25
	#600004230 in CWE122_Heap_Based_Buffer_Overflow__c_CWE806_char_snprintf_34_bad () at ./juliet_testcases/CWE122_Heap_Based_Buffer_Overflow__c_CWE806_char_snprintf_34.c:50
	#700004307 in __klee_posix_wrapped_main (=1, =94118027713808) at ./juliet_testcases/CWE122_Heap_Based_Buffer_Overflow__c_CWE806_char_snprintf_34.c:109
	#800002564 in __user_main (=1, =94117998812672, =94117998812688) at klee_src/runtime/POSIX/klee_init_env.c:245
	#900000472 in __uClibc_main (=1, =94117998812672) at libc/misc/internals/__uClibc_main.c:401
	#1000000638 in main (=1, =94117998812672)
Info: 
	address: 94118000344242
	next: object at 94117998812672 of size 384
		MO0[384] allocated at main():  tail call fastcc void @__uClibc_main(i32 %0, i8** %1)
