Error: memory error: out of bound pointer
File: libc/string/memcpy.c
Line: 29
assembly.ll line: 4097
State: 1
Stack: 
	#000004097 in memcpy (=94653179358016, =94653163809408, =99) at libc/string/memcpy.c:29
	#100009106 in __stdio_fwrite (=94653163809408, =99, =94653164324640) at libc/stdio/_fwrite.c:39
	#200007112 in _do_one_spec (=94653164324640, =94653162930432, =94653188430560) at libc/stdio/_vfprintf.c:1817
	#300006185 in vfprintf (=94653164324640, =94653188427152, =94653193704928) at libc/stdio/_vfprintf.c:1919
	#400005700 in vsnprintf (=94653179358016, =100, =94653188427152, =94653193704928) at libc/stdio/vsnprintf.c:64
	#500005622 in snprintf (=94653179358016, =0, =0) at libc/stdio/snprintf.c:25
	#600004218 in CWE122_Heap_Based_Buffer_Overflow__c_CWE805_char_snprintf_01_bad () at ./juliet_testcases/CWE122_Heap_Based_Buffer_Overflow__c_CWE805_char_snprintf_01.c:42
	#700004284 in __klee_posix_wrapped_main (=1, =94653190413552) at ./juliet_testcases/CWE122_Heap_Based_Buffer_Overflow__c_CWE805_char_snprintf_01.c:98
	#800002563 in __user_main (=1, =94653187302528, =94653187302544) at klee_src/runtime/POSIX/klee_init_env.c:245
	#900000471 in __uClibc_main (=1, =94653187302528) at libc/misc/internals/__uClibc_main.c:401
	#1000000637 in main (=1, =94653187302528)
Info: 
	address: 94653179358066
	next: object at 94653162930432 of size 256
		MO31154[256] allocated at vfprintf():  %7 = alloca %struct.ppfs_t.715, align 16
