Error: memory error: out of bound pointer
File: libc/string/memcpy.c
Line: 29
assembly.ll line: 4097
State: 1
Stack: 
	#000004097 in memcpy (=94392351165120, =94392358178976, =99) at libc/string/memcpy.c:29
	#100009160 in __stdio_fwrite (=94392358178976, =99, =94392369196896) at libc/stdio/_fwrite.c:39
	#200007166 in _do_one_spec (=94392369196896, =94392350636544, =94392381201440) at libc/stdio/_vfprintf.c:1817
	#300006239 in vfprintf (=94392369196896, =94392381198008, =94392381559008) at libc/stdio/_vfprintf.c:1919
	#400005754 in vsnprintf (=94392351165120, =100, =94392381198008, =94392381559008) at libc/stdio/vsnprintf.c:64
	#500005676 in snprintf (=94392351165120, =0, =0) at libc/stdio/snprintf.c:25
	#600004224 in CWE122_Heap_Based_Buffer_Overflow__c_CWE805_char_snprintf_07_bad () at ./juliet_testcases/CWE122_Heap_Based_Buffer_Overflow__c_CWE805_char_snprintf_07.c:51
	#700004338 in __klee_posix_wrapped_main (=1, =94392379088192) at ./juliet_testcases/CWE122_Heap_Based_Buffer_Overflow__c_CWE805_char_snprintf_07.c:139
	#800002563 in __user_main (=1, =94392375459328, =94392375459344) at klee_src/runtime/POSIX/klee_init_env.c:245
	#900000471 in __uClibc_main (=1, =94392375459328) at libc/misc/internals/__uClibc_main.c:401
	#1000000637 in main (=1, =94392375459328)
Info: 
	address: 94392351165170
	next: object at 94392350611584 of size 114
		MO40[114] allocated at main():  tail call fastcc void @__uClibc_main(i32 %0, i8** %1)
