Error: memory error: out of bound pointer
File: libc/string/memcpy.c
Line: 29
assembly.ll line: 4097
State: 1
Stack: 
	#000004097 in memcpy (=94014780409920, =94014787260912, =99) at libc/string/memcpy.c:29
	#100009118 in __stdio_fwrite (=94014787260912, =99, =94014798325440) at libc/stdio/_fwrite.c:39
	#200007124 in _do_one_spec (=94014798325440, =94014779727616, =94014810299296) at libc/stdio/_vfprintf.c:1817
	#300006197 in vfprintf (=94014798325440, =94014810295864, =94014811161568) at libc/stdio/_vfprintf.c:1919
	#400005712 in vsnprintf (=94014780409920, =99, =94014810295864, =94014811161568) at libc/stdio/vsnprintf.c:64
	#500005634 in snprintf (=94014780409920, =99, =0) at libc/stdio/snprintf.c:25
	#600004212 in CWE121_Stack_Based_Buffer_Overflow__CWE806_char_declare_snprintf_15_bad () at ./juliet_testcases/CWE121_Stack_Based_Buffer_Overflow__CWE806_char_declare_snprintf_15.c:49
	#700004296 in __klee_posix_wrapped_main (=1, =94014808202560) at ./juliet_testcases/CWE121_Stack_Based_Buffer_Overflow__CWE806_char_declare_snprintf_15.c:137
	#800002563 in __user_main (=1, =94014804376704, =94014804376720) at klee_src/runtime/POSIX/klee_init_env.c:245
	#900000471 in __uClibc_main (=1, =94014804376704) at libc/misc/internals/__uClibc_main.c:401
	#1000000637 in main (=1, =94014804376704)
Info: 
	address: 94014780409970
	next: object at 94014779643648 of size 55
		MO201[55] allocated at global:__evoke_link_warning_mktemp
