Error: memory error: out of bound pointer
File: libc/string/memcpy.c
Line: 29
assembly.ll line: 4097
State: 1
Stack: 
	#000004097 in memcpy (=94356649262592, =94356628884544, =99) at libc/string/memcpy.c:29
	#100009142 in __stdio_fwrite (=94356628884544, =99, =94356646705248) at libc/stdio/_fwrite.c:39
	#200007148 in _do_one_spec (=94356646705248, =94356627998208, =94356658559984) at libc/stdio/_vfprintf.c:1817
	#300006221 in vfprintf (=94356646705248, =94356658556552, =94356658916768) at libc/stdio/_vfprintf.c:1919
	#400005736 in vsnprintf (=94356649262592, =100, =94356658556552, =94356658916768) at libc/stdio/vsnprintf.c:64
	#500005658 in snprintf (=94356649262592, =0, =0) at libc/stdio/snprintf.c:25
	#600004218 in CWE122_Heap_Based_Buffer_Overflow__c_CWE805_char_snprintf_03_bad () at ./juliet_testcases/CWE122_Heap_Based_Buffer_Overflow__c_CWE805_char_snprintf_03.c:45
	#700004320 in __klee_posix_wrapped_main (=1, =94356656446784) at ./juliet_testcases/CWE122_Heap_Based_Buffer_Overflow__c_CWE805_char_snprintf_03.c:133
	#800002563 in __user_main (=1, =94356652824960, =94356652824976) at klee_src/runtime/POSIX/klee_init_env.c:245
	#900000471 in __uClibc_main (=1, =94356652824960) at libc/misc/internals/__uClibc_main.c:401
	#1000000637 in main (=1, =94356652824960)
Info: 
	address: 94356649262642
	next: object at 94356627998208 of size 256
		MO36708[256] allocated at vfprintf():  %7 = alloca %struct.ppfs_t.715, align 16
