Error: memory error: out of bound pointer
File: libc/string/memcpy.c
Line: 29
assembly.ll line: 4097
State: 1
Stack: 
	#000004097 in memcpy (=94320700545536, =94320680333136, =99) at libc/string/memcpy.c:29
	#100009114 in __stdio_fwrite (=94320680333136, =99, =94320698139104) at libc/stdio/_fwrite.c:39
	#200007120 in _do_one_spec (=94320698139104, =94320679417600, =94320709933920) at libc/stdio/_vfprintf.c:1817
	#300006193 in vfprintf (=94320698139104, =94320709930512, =94320710308512) at libc/stdio/_vfprintf.c:1919
	#400005708 in vsnprintf (=94320700545536, =99, =94320709930512, =94320710308512) at libc/stdio/vsnprintf.c:64
	#500005630 in snprintf (=94320700545536, =99, =0) at libc/stdio/snprintf.c:25
	#600004210 in CWE121_Stack_Based_Buffer_Overflow__CWE806_char_declare_snprintf_61_bad () at ./juliet_testcases/CWE121_Stack_Based_Buffer_Overflow__CWE806_char_declare_snprintf_61a.c:41
	#700004292 in __klee_posix_wrapped_main (=1, =94320707837200) at ./juliet_testcases/CWE121_Stack_Based_Buffer_Overflow__CWE806_char_declare_snprintf_61a.c:93
	#800002563 in __user_main (=1, =94320679050752, =94320679050768) at klee_src/runtime/POSIX/klee_init_env.c:245
	#900000471 in __uClibc_main (=1, =94320679050752) at libc/misc/internals/__uClibc_main.c:401
	#1000000637 in main (=1, =94320679050752)
Info: 
	address: 94320700545586
	next: object at 94320679050752 of size 376
		MO0[376] allocated at main():  tail call fastcc void @__uClibc_main(i32 %0, i8** %1)
