Error: memory error: out of bound pointer
File: libc/string/strnlen.c
Line: 30
assembly.ll line: 12346
State: 1
Stack: 
	#000012346 in wcsnlen (=94115649369792, =18446744073709551615) at libc/string/strnlen.c:30
	#100010908 in _do_one_spec.307 (=94115648841496, =94115625135104, =94115656246128) at libc/stdio/_vfprintf.c:1702
	#200010052 in vfwprintf (=94115655869952, =94115656202528) at libc/stdio/_vfprintf.c:1919
	#300006023 in wprintf (=0) at libc/stdio/wprintf.c:20
	#400005813 in printWLine (=94115649369792) at io.c:23
	#500004234 in CWE126_Buffer_Overread__CWE170_wchar_t_loop_10_bad () at ./juliet_testcases/CWE126_Buffer_Overread__CWE170_wchar_t_loop_10.c:37
	#600004367 in __klee_posix_wrapped_main (=1, =94115656163696) at ./juliet_testcases/CWE126_Buffer_Overread__CWE170_wchar_t_loop_10.c:119
	#700002564 in __user_main (=1, =94115643281920, =94115643281936) at klee_src/runtime/POSIX/klee_init_env.c:245
	#800000472 in __uClibc_main (=1, =94115643281920) at libc/misc/internals/__uClibc_main.c:401
	#900000638 in main (=1, =94115643281920)
Info: 
	address: 94115649370192
	next: object at 94115625115264 of size 128
		MO290[128] allocated at global:randtbl
