Error: memory error: out of bound pointer
File: libc/string/strnlen.c
Line: 30
assembly.ll line: 12303
State: 1
Stack: 
	#000012303 in wcsnlen (=94291908900544, =18446744073709551615) at libc/string/strnlen.c:30
	#100010865 in _do_one_spec.304 (=94291923411896, =94291899694592, =94291930784576) at libc/stdio/_vfprintf.c:1702
	#200010009 in vfwprintf (=94291930397344, =94291930800160) at libc/stdio/_vfprintf.c:1919
	#300005980 in wprintf (=0) at libc/stdio/wprintf.c:20
	#400005770 in printWLine (=94291908900544) at io.c:23
	#500004206 in CWE126_Buffer_Overread__CWE170_wchar_t_strncpy_02_bad () at ./juliet_testcases/CWE126_Buffer_Overread__CWE170_wchar_t_strncpy_02.c:35
	#600004274 in __klee_posix_wrapped_main (=1, =94291930710336) at ./juliet_testcases/CWE126_Buffer_Overread__CWE170_wchar_t_strncpy_02.c:113
	#700002564 in __user_main (=1, =94291924493056, =94291924493072) at klee_src/runtime/POSIX/klee_init_env.c:245
	#800000472 in __uClibc_main (=1, =94291924493056) at libc/misc/internals/__uClibc_main.c:401
	#900000638 in main (=1, =94291924493056)
Info: 
	address: 94291908900944
	next: object at 94291899669248 of size 128
		MO291[128] allocated at global:randtbl
