Error: memory error: out of bound pointer
File: libc/string/strnlen.c
Line: 30
assembly.ll line: 12303
State: 1
Stack: 
	#000012303 in wcsnlen (=210453397552, =18446744073709551615) at libc/string/strnlen.c:30
	#100010865 in _do_one_spec.301 (=94074007691928, =94073983937792, =94074015032248) at libc/stdio/_vfprintf.c:1702
	#200010009 in vfwprintf (=94074014655104, =94074014988576) at libc/stdio/_vfprintf.c:1919
	#300005980 in wprintf (=0) at libc/stdio/wprintf.c:20
	#400005770 in printWLine (=210453397552) at io.c:23
	#500004235 in CWE122_Heap_Based_Buffer_Overflow__wchar_t_type_overrun_memcpy_04_bad () at ./juliet_testcases/CWE122_Heap_Based_Buffer_Overflow__wchar_t_type_overrun_memcpy_04.c:53
	#600004362 in __klee_posix_wrapped_main (=1, =94074014949680) at ./juliet_testcases/CWE122_Heap_Based_Buffer_Overflow__wchar_t_type_overrun_memcpy_04.c:136
	#700002566 in __user_main (=1, =94074008607872, =94074008607888) at klee_src/runtime/POSIX/klee_init_env.c:245
	#800000474 in __uClibc_main (=1, =94074008607872) at libc/misc/internals/__uClibc_main.c:401
	#900000640 in main (=1, =94074008607872)
Info: 
	address: 210453397552
	next: object at 94073983914624 of size 128
		MO258[128] allocated at global:.str.88
