Error: memory error: out of bound pointer
File: libc/string/memcpy.c
Line: 29
assembly.ll line: 4097
State: 1
Stack: 
	#000004097 in memcpy (=94804328220224, =94804327660544, =99) at libc/string/memcpy.c:29
	#100009114 in __stdio_fwrite (=94804327660544, =99, =94804345665632) at libc/stdio/_fwrite.c:39
	#200007120 in _do_one_spec (=94804345665632, =94804326979328, =94804357610256) at libc/stdio/_vfprintf.c:1817
	#300006193 in vfprintf (=94804345665632, =94804357606848, =94804357986208) at libc/stdio/_vfprintf.c:1919
	#400005708 in vsnprintf (=94804328220224, =100, =94804357606848, =94804357986208) at libc/stdio/vsnprintf.c:64
	#500005630 in snprintf (=94804328220224, =0, =0) at libc/stdio/snprintf.c:25
	#600004222 in CWE122_Heap_Based_Buffer_Overflow__c_CWE805_char_snprintf_18_bad () at ./juliet_testcases/CWE122_Heap_Based_Buffer_Overflow__c_CWE805_char_snprintf_18.c:44
	#700004292 in __klee_posix_wrapped_main (=1, =94804355513584) at ./juliet_testcases/CWE122_Heap_Based_Buffer_Overflow__c_CWE805_char_snprintf_18.c:102
	#800002563 in __user_main (=1, =94804351802496, =94804351802512) at klee_src/runtime/POSIX/klee_init_env.c:245
	#900000471 in __uClibc_main (=1, =94804351802496) at libc/misc/internals/__uClibc_main.c:401
	#1000000637 in main (=1, =94804351802496)
Info: 
	address: 94804328220274
	next: object at 94804326953856 of size 128
		MO285[128] allocated at global:randtbl
