Error: memory error: out of bound pointer
File: libc/string/memcpy.c
Line: 29
assembly.ll line: 4097
State: 1
Stack: 
	#000004097 in memcpy (=94362566268800, =94362566022736, =99) at libc/string/memcpy.c:29
	#100009134 in __stdio_fwrite (=94362566022736, =99, =94362583758464) at libc/stdio/_fwrite.c:39
	#200007140 in _do_one_spec (=94362583758464, =94362565105408, =94362595736392) at libc/stdio/_vfprintf.c:1817
	#300006213 in vfprintf (=94362583758464, =94362595733184, =94362596378560) at libc/stdio/_vfprintf.c:1919
	#400005728 in vsnprintf (=94362566268800, =99, =94362595733184, =94362596378560) at libc/stdio/vsnprintf.c:64
	#500005650 in snprintf (=94362566268800, =99, =0) at libc/stdio/snprintf.c:25
	#600004234 in CWE121_Stack_Based_Buffer_Overflow__CWE806_char_alloca_snprintf_64b_badSink (=94362595733952) at ./juliet_testcases/CWE121_Stack_Based_Buffer_Overflow__CWE806_char_alloca_snprintf_64b.c:38
	#700004207 in CWE121_Stack_Based_Buffer_Overflow__CWE806_char_alloca_snprintf_64_bad () at ./juliet_testcases/CWE121_Stack_Based_Buffer_Overflow__CWE806_char_alloca_snprintf_64a.c:40
	#800004312 in __klee_posix_wrapped_main (=1, =94362593623344) at ./juliet_testcases/CWE121_Stack_Based_Buffer_Overflow__CWE806_char_alloca_snprintf_64a.c:87
	#900002563 in __user_main (=1, =94362589749632, =94362589749648) at klee_src/runtime/POSIX/klee_init_env.c:245
	#1000000471 in __uClibc_main (=1, =94362589749632) at libc/misc/internals/__uClibc_main.c:401
	#1100000637 in main (=1, =94362589749632)
Info: 
	address: 94362566268850
	next: object at 94362565046016 of size 768
		MO281[768] allocated at global:__C_ctype_toupper_data
