Error: memory error: out of bound pointer
File: libc/string/strnlen.c
Line: 30
assembly.ll line: 12321
State: 1
Stack: 
	#000012321 in wcsnlen (=94113899796160, =18446744073709551615) at libc/string/strnlen.c:30
	#100010883 in _do_one_spec.305 (=94113904681912, =94113880952064, =94113912071024) at libc/stdio/_vfprintf.c:1702
	#200010027 in vfwprintf (=94113911676256, =94113912021728) at libc/stdio/_vfprintf.c:1919
	#300005998 in wprintf (=0) at libc/stdio/wprintf.c:20
	#400005788 in printWLine (=94113899796160) at io.c:23
	#500004209 in CWE126_Buffer_Overread__CWE170_wchar_t_strncpy_05_bad () at ./juliet_testcases/CWE126_Buffer_Overread__CWE170_wchar_t_strncpy_05.c:41
	#600004292 in __klee_posix_wrapped_main (=1, =94113911988544) at ./juliet_testcases/CWE126_Buffer_Overread__CWE170_wchar_t_strncpy_05.c:119
	#700002564 in __user_main (=1, =94113905609728, =94113905609744) at klee_src/runtime/POSIX/klee_init_env.c:245
	#800000472 in __uClibc_main (=1, =94113905609728) at libc/misc/internals/__uClibc_main.c:401
	#900000638 in main (=1, =94113905609728)
Info: 
	address: 94113899796560
	next: object at 94113880929024 of size 114
		MO40[114] allocated at main():  tail call fastcc void @__uClibc_main(i32 %0, i8** %1)
