Error: memory error: out of bound pointer
File: libc/string/strnlen.c
Line: 30
assembly.ll line: 12321
State: 1
Stack: 
	#000012321 in wcsnlen (=210453397552, =18446744073709551615) at libc/string/strnlen.c:30
	#100010883 in _do_one_spec.304 (=94031309226648, =94031285472512, =94031316624360) at libc/stdio/_vfprintf.c:1702
	#200010027 in vfwprintf (=94031316247968, =94031316581440) at libc/stdio/_vfprintf.c:1919
	#300005998 in wprintf (=0) at libc/stdio/wprintf.c:20
	#400005788 in printWLine (=210453397552) at io.c:23
	#500004238 in CWE122_Heap_Based_Buffer_Overflow__wchar_t_type_overrun_memcpy_13_bad () at ./juliet_testcases/CWE122_Heap_Based_Buffer_Overflow__wchar_t_type_overrun_memcpy_13.c:47
	#600004380 in __klee_posix_wrapped_main (=1, =94031316541744) at ./juliet_testcases/CWE122_Heap_Based_Buffer_Overflow__wchar_t_type_overrun_memcpy_13.c:130
	#700002566 in __user_main (=1, =94031310306432, =94031310306448) at klee_src/runtime/POSIX/klee_init_env.c:245
	#800000474 in __uClibc_main (=1, =94031310306432) at libc/misc/internals/__uClibc_main.c:401
	#900000640 in main (=1, =94031310306432)
Info: 
	address: 210453397552
	next: object at 94031285450624 of size 128
		MO290[128] allocated at global:randtbl
