Error: memory error: out of bound pointer
File: libc/string/memcpy.c
Line: 29
assembly.ll line: 4097
State: 1
Stack: 
	#000004097 in memcpy (=94078305406912, =94078298911664, =99) at libc/string/memcpy.c:29
	#100009145 in __stdio_fwrite (=94078298911664, =99, =94078316590720) at libc/stdio/_fwrite.c:39
	#200007151 in _do_one_spec (=94078316590720, =94078297995520, =94078328544336) at libc/stdio/_vfprintf.c:1817
	#300006224 in vfprintf (=94078316590720, =94078328540904, =94078329186336) at libc/stdio/_vfprintf.c:1919
	#400005739 in vsnprintf (=94078305406912, =99, =94078328540904, =94078329186336) at libc/stdio/vsnprintf.c:64
	#500005661 in snprintf (=94078305406912, =99, =0) at libc/stdio/snprintf.c:25
	#600004219 in CWE122_Heap_Based_Buffer_Overflow__c_CWE806_char_snprintf_03_bad () at ./juliet_testcases/CWE122_Heap_Based_Buffer_Overflow__c_CWE806_char_snprintf_03.c:43
	#700004323 in __klee_posix_wrapped_main (=1, =94078326430992) at ./juliet_testcases/CWE122_Heap_Based_Buffer_Overflow__c_CWE806_char_snprintf_03.c:127
	#800002563 in __user_main (=1, =94078322653952, =94078322653968) at klee_src/runtime/POSIX/klee_init_env.c:245
	#900000471 in __uClibc_main (=1, =94078322653952) at libc/misc/internals/__uClibc_main.c:401
	#1000000637 in main (=1, =94078322653952)
Info: 
	address: 94078305406962
	next: object at 94078297934848 of size 768
		MO279[768] allocated at global:__C_ctype_tolower_data
