Error: memory error: out of bound pointer
File: libc/string/strnlen.c
Line: 30
assembly.ll line: 12288
State: 1
Stack: 
	#000012288 in wcsnlen (=210453397552, =18446744073709551615) at libc/string/strnlen.c:30
	#100010850 in _do_one_spec.299 (=94562522833560, =94562499087616, =94562530190008) at libc/stdio/_vfprintf.c:1702
	#200009994 in vfwprintf (=94562529802816, =94562530136864) at libc/stdio/_vfprintf.c:1919
	#300005965 in wprintf (=0) at libc/stdio/wprintf.c:20
	#400005755 in printWLine (=210453397552) at io.c:23
	#500004246 in CWE122_Heap_Based_Buffer_Overflow__wchar_t_type_overrun_memmove_17_bad () at ./juliet_testcases/CWE122_Heap_Based_Buffer_Overflow__wchar_t_type_overrun_memmove_17.c:48
	#600004347 in __klee_posix_wrapped_main (=1, =94562530115792) at ./juliet_testcases/CWE122_Heap_Based_Buffer_Overflow__wchar_t_type_overrun_memmove_17.c:103
	#700002566 in __user_main (=1, =94562523916928, =94562523916944) at klee_src/runtime/POSIX/klee_init_env.c:245
	#800000474 in __uClibc_main (=1, =94562523916928) at libc/misc/internals/__uClibc_main.c:401
	#900000640 in main (=1, =94562523916928)
Info: 
	address: 210453397552
	next: object at 94562499064832 of size 128
		MO290[128] allocated at global:randtbl
