Error: memory error: out of bound pointer
File: libc/string/memcpy.c
Line: 29
assembly.ll line: 4097
State: 1
Stack: 
	#000004097 in memcpy (=94075129015488, =94075151849600, =99) at libc/string/memcpy.c:29
	#100009110 in __stdio_fwrite (=94075151849600, =99, =94075146712608) at libc/stdio/_fwrite.c:39
	#200007116 in _do_one_spec (=94075146712608, =94075128100608, =94075158649488) at libc/stdio/_vfprintf.c:1817
	#300006189 in vfprintf (=94075146712608, =94075158646208, =94075159027200) at libc/stdio/_vfprintf.c:1919
	#400005704 in vsnprintf (=94075129015488, =100, =94075158646208, =94075159027200) at libc/stdio/vsnprintf.c:64
	#500005626 in snprintf (=94075129015488, =0, =0) at libc/stdio/snprintf.c:25
	#600004204 in CWE121_Stack_Based_Buffer_Overflow__CWE805_char_declare_snprintf_41_badSink (=94075129015488) at ./juliet_testcases/CWE121_Stack_Based_Buffer_Overflow__CWE805_char_declare_snprintf_41.c:36
	#700004224 in CWE121_Stack_Based_Buffer_Overflow__CWE805_char_declare_snprintf_41_bad () at ./juliet_testcases/CWE121_Stack_Based_Buffer_Overflow__CWE805_char_declare_snprintf_41.c:50
	#800004288 in __klee_posix_wrapped_main (=1, =94075156553040) at ./juliet_testcases/CWE121_Stack_Based_Buffer_Overflow__CWE805_char_declare_snprintf_41.c:107
	#900002563 in __user_main (=1, =94075153008512, =94075153008528) at klee_src/runtime/POSIX/klee_init_env.c:245
	#1000000471 in __uClibc_main (=1, =94075153008512) at libc/misc/internals/__uClibc_main.c:401
	#1100000637 in main (=1, =94075153008512)
Info: 
	address: 94075129015538
	next: object at 94075128041216 of size 768
		MO281[768] allocated at global:__C_ctype_toupper_data
