Error: memory error: out of bound pointer
File: libc/string/strnlen.c
Line: 30
assembly.ll line: 12276
State: 1
Stack: 
	#000012276 in wcsnlen (=94490490050240, =18446744073709551615) at libc/string/strnlen.c:30
	#100010838 in _do_one_spec.300 (=94490489537176, =94490465818368, =94490496959272) at libc/stdio/_vfprintf.c:1702
	#200009982 in vfwprintf (=94490496578336, =94490497320832) at libc/stdio/_vfprintf.c:1919
	#300005953 in wprintf (=0) at libc/stdio/wprintf.c:20
	#400005743 in printWLine (=94490490050240) at io.c:23
	#500004219 in CWE126_Buffer_Overread__CWE170_wchar_t_memcpy_17_bad () at ./juliet_testcases/CWE126_Buffer_Overread__CWE170_wchar_t_memcpy_17.c:34
	#600004297 in __klee_posix_wrapped_main (=1, =94490496884928) at ./juliet_testcases/CWE126_Buffer_Overread__CWE170_wchar_t_memcpy_17.c:86
	#700002564 in __user_main (=1, =94490490199552, =94490490199568) at klee_src/runtime/POSIX/klee_init_env.c:245
	#800000472 in __uClibc_main (=1, =94490490199552) at libc/misc/internals/__uClibc_main.c:401
	#900000638 in main (=1, =94490490199552)
Info: 
	address: 94490490050640
	next: object at 94490465792640 of size 114
		MO40[114] allocated at main():  tail call fastcc void @__uClibc_main(i32 %0, i8** %1)
