Error: memory error: out of bound pointer
File: libc/string/memcpy.c
Line: 29
assembly.ll line: 4097
State: 1
Stack: 
	#000004097 in memcpy (=94902125073472, =94902118334000, =99) at libc/string/memcpy.c:29
	#100009102 in __stdio_fwrite (=94902118334000, =99, =94902136346720) at libc/stdio/_fwrite.c:39
	#200007108 in _do_one_spec (=94902136346720, =94902117660416, =94902148266640) at libc/stdio/_vfprintf.c:1817
	#300006181 in vfprintf (=94902136346720, =94902148263360, =94902148640352) at libc/stdio/_vfprintf.c:1919
	#400005696 in vsnprintf (=94902125073472, =99, =94902148263360, =94902148640352) at libc/stdio/vsnprintf.c:64
	#500005618 in snprintf (=94902125073472, =99, =0) at libc/stdio/snprintf.c:25
	#600004218 in CWE121_Stack_Based_Buffer_Overflow__CWE806_char_alloca_snprintf_18_bad () at ./juliet_testcases/CWE121_Stack_Based_Buffer_Overflow__CWE806_char_alloca_snprintf_18.c:42
	#700004280 in __klee_posix_wrapped_main (=1, =94902146170064) at ./juliet_testcases/CWE121_Stack_Based_Buffer_Overflow__CWE806_char_alloca_snprintf_18.c:96
	#800002563 in __user_main (=1, =94902142033408, =94902142033424) at klee_src/runtime/POSIX/klee_init_env.c:245
	#900000471 in __uClibc_main (=1, =94902142033408) at libc/misc/internals/__uClibc_main.c:401
	#1000000637 in main (=1, =94902142033408)
Info: 
	address: 94902125073522
	next: object at 94902117635712 of size 128
		MO33804[128] allocated at _do_one_spec():  %19 = alloca [128 x i8], align 16
