Error: memory error: out of bound pointer
File: libc/string/strnlen.c
Line: 30
assembly.ll line: 12262
State: 1
Stack: 
	#000012262 in wcsnlen (=210453397552, =18446744073709551615) at libc/string/strnlen.c:30
	#100010824 in _do_one_spec.299 (=94044018401944, =94043994676480, =94044025774888) at libc/stdio/_vfprintf.c:1702
	#200009968 in vfwprintf (=94044025394432, =94044025728544) at libc/stdio/_vfprintf.c:1919
	#300005939 in wprintf (=0) at libc/stdio/wprintf.c:20
	#400005729 in printWLine (=210453397552) at io.c:23
	#500004239 in CWE122_Heap_Based_Buffer_Overflow__wchar_t_type_overrun_memcpy_18_bad () at ./juliet_testcases/CWE122_Heap_Based_Buffer_Overflow__wchar_t_type_overrun_memcpy_18.c:47
	#600004321 in __klee_posix_wrapped_main (=1, =94044025700480) at ./juliet_testcases/CWE122_Heap_Based_Buffer_Overflow__wchar_t_type_overrun_memcpy_18.c:101
	#700002566 in __user_main (=1, =94044019492352, =94044019492368) at klee_src/runtime/POSIX/klee_init_env.c:245
	#800000474 in __uClibc_main (=1, =94044019492352) at libc/misc/internals/__uClibc_main.c:401
	#900000640 in main (=1, =94044019492352)
Info: 
	address: 210453397552
	next: object at 94043994649088 of size 114
		MO40[114] allocated at main():  tail call fastcc void @__uClibc_main(i32 %0, i8** %1)
