Error: memory error: out of bound pointer
File: libc/string/memcpy.c
Line: 29
assembly.ll line: 4097
State: 1
Stack: 
	#000004097 in memcpy (=94304175093504, =94304182685520, =99) at libc/string/memcpy.c:29
	#100009132 in __stdio_fwrite (=94304182685520, =99, =94304193714368) at libc/stdio/_fwrite.c:39
	#200007138 in _do_one_spec (=94304193714368, =94304175175424, =94304205724408) at libc/stdio/_vfprintf.c:1817
	#300006211 in vfprintf (=94304193714368, =94304205721256, =94304206490112) at libc/stdio/_vfprintf.c:1919
	#400005726 in vsnprintf (=94304175093504, =99, =94304205721256, =94304206490112) at libc/stdio/vsnprintf.c:64
	#500005648 in snprintf (=94304175093504, =99, =0) at libc/stdio/snprintf.c:25
	#600004231 in CWE122_Heap_Based_Buffer_Overflow__c_CWE806_char_snprintf_66b_badSink (=94304205783808) at ./juliet_testcases/CWE122_Heap_Based_Buffer_Overflow__c_CWE806_char_snprintf_66b.c:36
	#700004208 in CWE122_Heap_Based_Buffer_Overflow__c_CWE806_char_snprintf_66_bad () at ./juliet_testcases/CWE122_Heap_Based_Buffer_Overflow__c_CWE806_char_snprintf_66a.c:42
	#800004310 in __klee_posix_wrapped_main (=1, =94304203488592) at ./juliet_testcases/CWE122_Heap_Based_Buffer_Overflow__c_CWE806_char_snprintf_66a.c:90
	#900002563 in __user_main (=1, =94304199991680, =94304199991696) at klee_src/runtime/POSIX/klee_init_env.c:245
	#1000000471 in __uClibc_main (=1, =94304199991680) at libc/misc/internals/__uClibc_main.c:401
	#1100000637 in main (=1, =94304199991680)
Info: 
	address: 94304175093554
	next: object at 94304175093504 of size 50
		MO30528[50] allocated at CWE122_Heap_Based_Buffer_Overflow__c_CWE806_char_snprintf_66b_badSink():  %4 = alloca [50 x i8], align 16
