Error: memory error: out of bound pointer
File: libc/string/memcpy.c
Line: 29
assembly.ll line: 4097
State: 1
Stack: 
	#000004097 in memcpy (=94092909408576, =94092902880288, =99) at libc/string/memcpy.c:29
	#100009136 in __stdio_fwrite (=94092902880288, =99, =94092920632672) at libc/stdio/_fwrite.c:39
	#200007142 in _do_one_spec (=94092920632672, =94092901964800, =94092932578256) at libc/stdio/_vfprintf.c:1817
	#300006215 in vfprintf (=94092920632672, =94092932574824, =94092933326496) at libc/stdio/_vfprintf.c:1919
	#400005730 in vsnprintf (=94092909408576, =99, =94092932574824, =94092933326496) at libc/stdio/vsnprintf.c:64
	#500005652 in snprintf (=94092909408576, =99, =0) at libc/stdio/snprintf.c:25
	#600004218 in CWE121_Stack_Based_Buffer_Overflow__CWE806_char_declare_snprintf_09_bad () at ./juliet_testcases/CWE121_Stack_Based_Buffer_Overflow__CWE806_char_declare_snprintf_09.c:43
	#700004314 in __klee_posix_wrapped_main (=1, =94092930473280) at ./juliet_testcases/CWE121_Stack_Based_Buffer_Overflow__CWE806_char_declare_snprintf_09.c:124
	#800002563 in __user_main (=1, =94092926880000, =94092926880016) at klee_src/runtime/POSIX/klee_init_env.c:245
	#900000471 in __uClibc_main (=1, =94092926880000) at libc/misc/internals/__uClibc_main.c:401
	#1000000637 in main (=1, =94092926880000)
Info: 
	address: 94092909408626
	next: object at 94092901904128 of size 768
		MO280[768] allocated at global:__C_ctype_toupper_data
