Error: memory error: out of bound pointer
File: libc/string/memcpy.c
Line: 29
assembly.ll line: 4097
State: 1
Stack: 
	#000004097 in memcpy (=94018587918464, =94018587135040, =99) at libc/string/memcpy.c:29
	#100009145 in __stdio_fwrite (=94018587135040, =99, =94018604906880) at libc/stdio/_fwrite.c:39
	#200007151 in _do_one_spec (=94018604906880, =94018586218752, =94018616769616) at libc/stdio/_vfprintf.c:1817
	#300006224 in vfprintf (=94018604906880, =94018616766184, =94018617411616) at libc/stdio/_vfprintf.c:1919
	#400005739 in vsnprintf (=94018587918464, =99, =94018616766184, =94018617411616) at libc/stdio/vsnprintf.c:64
	#500005661 in snprintf (=94018587918464, =99, =0) at libc/stdio/snprintf.c:25
	#600004219 in CWE122_Heap_Based_Buffer_Overflow__c_CWE806_char_snprintf_02_bad () at ./juliet_testcases/CWE122_Heap_Based_Buffer_Overflow__c_CWE806_char_snprintf_02.c:43
	#700004323 in __klee_posix_wrapped_main (=1, =94018614656272) at ./juliet_testcases/CWE122_Heap_Based_Buffer_Overflow__c_CWE806_char_snprintf_02.c:127
	#800002563 in __user_main (=1, =94018611036160, =94018611036176) at klee_src/runtime/POSIX/klee_init_env.c:245
	#900000471 in __uClibc_main (=1, =94018611036160) at libc/misc/internals/__uClibc_main.c:401
	#1000000637 in main (=1, =94018611036160)
Info: 
	address: 94018587918514
	next: object at 94018586218752 of size 256
		MO36302[256] allocated at vfprintf():  %7 = alloca %struct.ppfs_t.715, align 16
