Error: memory error: out of bound pointer
File: libc/string/strnlen.c
Line: 30
assembly.ll line: 12259
State: 1
Stack: 
	#000012259 in wcsnlen (=94596227020480, =18446744073709551615) at libc/string/strnlen.c:30
	#100010821 in _do_one_spec.302 (=94596241523352, =94596217806336, =94596248822360) at libc/stdio/_vfprintf.c:1702
	#200009965 in vfwprintf (=94596248441376, =94596248785280) at libc/stdio/_vfprintf.c:1919
	#300005936 in wprintf (=0) at libc/stdio/wprintf.c:20
	#400005726 in printWLine (=94596227020480) at io.c:23
	#500004208 in CWE126_Buffer_Overread__CWE170_wchar_t_memcpy_02_bad () at ./juliet_testcases/CWE126_Buffer_Overread__CWE170_wchar_t_memcpy_02.c:33
	#600004280 in __klee_posix_wrapped_main (=1, =94596248748256) at ./juliet_testcases/CWE126_Buffer_Overread__CWE170_wchar_t_memcpy_02.c:107
	#700002564 in __user_main (=1, =94596219327744, =94596219327760) at klee_src/runtime/POSIX/klee_init_env.c:245
	#800000472 in __uClibc_main (=1, =94596219327744) at libc/misc/internals/__uClibc_main.c:401
	#900000638 in main (=1, =94596219327744)
Info: 
	address: 94596227020880
	next: object at 94596217780736 of size 128
		MO290[128] allocated at global:randtbl
