Error: memory error: out of bound pointer
File: libc/string/memcpy.c
Line: 29
assembly.ll line: 4097
State: 1
Stack: 
	#000004097 in memcpy (=94545377866368, =94545361514432, =99) at libc/string/memcpy.c:29
	#100009150 in __stdio_fwrite (=94545361514432, =99, =94545372620672) at libc/stdio/_fwrite.c:39
	#200007149 in _do_one_spec (=94545372620672, =94545354020608, =94545384553360) at libc/stdio/_vfprintf.c:1817
	#300006222 in vfprintf (=94545372620672, =94545384550080, =94545385303648) at libc/stdio/_vfprintf.c:1919
	#400005720 in vsnprintf (=94545377866368, =99, =94545384550080, =94545385303648) at libc/stdio/vsnprintf.c:64
	#500005642 in snprintf (=94545377866368, =99, =0) at libc/stdio/snprintf.c:25
	#600004230 in CWE121_Stack_Based_Buffer_Overflow__CWE806_char_alloca_snprintf_12_bad () at ./juliet_testcases/CWE121_Stack_Based_Buffer_Overflow__CWE806_char_alloca_snprintf_12.c:49
	#700004304 in __klee_posix_wrapped_main (=1, =94545382448464) at ./juliet_testcases/CWE121_Stack_Based_Buffer_Overflow__CWE806_char_alloca_snprintf_12.c:111
	#800002563 in __user_main (=1, =94545378844160, =94545378844176) at klee_src/runtime/POSIX/klee_init_env.c:245
	#900000471 in __uClibc_main (=1, =94545378844160) at libc/misc/internals/__uClibc_main.c:401
	#1000000637 in main (=1, =94545378844160)
Info: 
	address: 94545377866418
	next: object at 94545353994880 of size 125
		MO9[125] allocated at main():  tail call fastcc void @__uClibc_main(i32 %0, i8** %1)
