Error: memory error: out of bound pointer
File: libc/string/memcpy.c
Line: 29
assembly.ll line: 4097
State: 1
Stack: 
	#000004097 in memcpy (=94396146228928, =94396164149632, =99) at libc/string/memcpy.c:29
	#100009142 in __stdio_fwrite (=94396164149632, =99, =94396164129536) at libc/stdio/_fwrite.c:39
	#200007148 in _do_one_spec (=94396164129536, =94396145529344, =94396176104432) at libc/stdio/_vfprintf.c:1817
	#300006221 in vfprintf (=94396164129536, =94396176101000, =94396176461216) at libc/stdio/_vfprintf.c:1919
	#400005736 in vsnprintf (=94396146228928, =100, =94396176101000, =94396176461216) at libc/stdio/vsnprintf.c:64
	#500005658 in snprintf (=94396146228928, =0, =0) at libc/stdio/snprintf.c:25
	#600004218 in CWE122_Heap_Based_Buffer_Overflow__c_CWE805_char_snprintf_06_bad () at ./juliet_testcases/CWE122_Heap_Based_Buffer_Overflow__c_CWE805_char_snprintf_06.c:49
	#700004320 in __klee_posix_wrapped_main (=1, =94396173991232) at ./juliet_testcases/CWE122_Heap_Based_Buffer_Overflow__c_CWE805_char_snprintf_06.c:137
	#800002563 in __user_main (=1, =94396170182144, =94396170182160) at klee_src/runtime/POSIX/klee_init_env.c:245
	#900000471 in __uClibc_main (=1, =94396170182144) at libc/misc/internals/__uClibc_main.c:401
	#1000000637 in main (=1, =94396170182144)
Info: 
	address: 94396146228978
	next: object at 94396145471232 of size 768
		MO280[768] allocated at global:__C_ctype_toupper_data
