Error: memory error: out of bound pointer
File: libc/string/strnlen.c
Line: 30
assembly.ll line: 12321
State: 1
Stack: 
	#000012321 in wcsnlen (=94563893712576, =18446744073709551615) at libc/string/strnlen.c:30
	#100010883 in _do_one_spec.305 (=94563893084536, =94563869361920, =94563900506992) at libc/stdio/_vfprintf.c:1702
	#200010027 in vfwprintf (=94563900112352, =94563900457824) at libc/stdio/_vfprintf.c:1919
	#300005998 in wprintf (=0) at libc/stdio/wprintf.c:20
	#400005788 in printWLine (=94563893712576) at io.c:23
	#500004209 in CWE126_Buffer_Overread__CWE170_wchar_t_strncpy_07_bad () at ./juliet_testcases/CWE126_Buffer_Overread__CWE170_wchar_t_strncpy_07.c:40
	#600004292 in __klee_posix_wrapped_main (=1, =94563900424512) at ./juliet_testcases/CWE126_Buffer_Overread__CWE170_wchar_t_strncpy_07.c:118
	#700002564 in __user_main (=1, =94563894024192, =94563894024208) at klee_src/runtime/POSIX/klee_init_env.c:245
	#800000472 in __uClibc_main (=1, =94563894024192) at libc/misc/internals/__uClibc_main.c:401
	#900000638 in main (=1, =94563894024192)
Info: 
	address: 94563893712976
	next: object at 94563869340160 of size 114
		MO40[114] allocated at main():  tail call fastcc void @__uClibc_main(i32 %0, i8** %1)
