Error: memory error: out of bound pointer
File: libc/string/memcpy.c
Line: 29
assembly.ll line: 4099
State: 1
Stack: 
	#000004099 in memcpy (=94718483522944, =94718503689888, =99) at libc/string/memcpy.c:29
	#100009134 in __stdio_fwrite (=94718503689888, =99, =94718496457856) at libc/stdio/_fwrite.c:39
	#200007140 in _do_one_spec (=94718496457856, =94718483560192, =94718509063128) at libc/stdio/_vfprintf.c:1817
	#300006213 in vfprintf (=94718496457856, =94718509059720, =94718509166688) at libc/stdio/_vfprintf.c:1919
	#400005728 in vsnprintf (=94718483522944, =99, =94718509059720, =94718509166688) at libc/stdio/vsnprintf.c:64
	#500005650 in snprintf (=94718483522944, =99, =0) at libc/stdio/snprintf.c:25
	#600004233 in badSink () at ./juliet_testcases/CWE122_Heap_Based_Buffer_Overflow__c_CWE806_char_snprintf_45.c:38
	#700004215 in CWE122_Heap_Based_Buffer_Overflow__c_CWE806_char_snprintf_45_bad () at ./juliet_testcases/CWE122_Heap_Based_Buffer_Overflow__c_CWE806_char_snprintf_45.c:53
	#800004312 in __klee_posix_wrapped_main (=1, =94718492630256) at ./juliet_testcases/CWE122_Heap_Based_Buffer_Overflow__c_CWE806_char_snprintf_45.c:110
	#900002565 in __user_main (=1, =94718508214528, =94718508214544) at klee_src/runtime/POSIX/klee_init_env.c:245
	#1000000473 in __uClibc_main (=1, =94718508214528) at libc/misc/internals/__uClibc_main.c:401
	#1100000639 in main (=1, =94718508214528)
Info: 
	address: 94718483522994
	next: object at 94718483522944 of size 50
		MO30529[50] allocated at badSink():  %2 = alloca [50 x i8], align 16
