Error: memory error: out of bound pointer
File: libc/string/strnlen.c
Line: 30
assembly.ll line: 12277
State: 1
Stack: 
	#000012277 in wcsnlen (=94279095416512, =18446744073709551615) at libc/string/strnlen.c:30
	#100010839 in _do_one_spec.305 (=94279109583512, =94279085866496, =94279116923528) at libc/stdio/_vfprintf.c:1702
	#200009983 in vfwprintf (=94279116543296, =94279116879008) at libc/stdio/_vfprintf.c:1919
	#300005954 in wprintf (=0) at libc/stdio/wprintf.c:20
	#400005744 in printWLine (=94279095416512) at io.c:23
	#500004211 in CWE126_Buffer_Overread__CWE170_wchar_t_memcpy_13_bad () at ./juliet_testcases/CWE126_Buffer_Overread__CWE170_wchar_t_memcpy_13.c:33
	#600004298 in __klee_posix_wrapped_main (=1, =94279116849376) at ./juliet_testcases/CWE126_Buffer_Overread__CWE170_wchar_t_memcpy_13.c:107
	#700002564 in __user_main (=1, =94279110518656, =94279110518672) at klee_src/runtime/POSIX/klee_init_env.c:245
	#800000472 in __uClibc_main (=1, =94279110518656) at libc/misc/internals/__uClibc_main.c:401
	#900000638 in main (=1, =94279110518656)
Info: 
	address: 94279095416912
	next: object at 94279085838720 of size 114
		MO40[114] allocated at main():  tail call fastcc void @__uClibc_main(i32 %0, i8** %1)
