Error: memory error: out of bound pointer
File: libc/string/strnlen.c
Line: 30
assembly.ll line: 12254
State: 1
Stack: 
	#000012254 in wcsnlen (=210453397552, =18446744073709551615) at libc/string/strnlen.c:30
	#100010816 in _do_one_spec.299 (=94170824524440, =94170800799232, =94170831872760) at libc/stdio/_vfprintf.c:1702
	#200009960 in vfwprintf (=94170831491904, =94170831834208) at libc/stdio/_vfprintf.c:1919
	#300005931 in wprintf (=0) at libc/stdio/wprintf.c:20
	#400005721 in printWLine (=210453397552) at io.c:23
	#500004235 in CWE122_Heap_Based_Buffer_Overflow__wchar_t_type_overrun_memcpy_01_bad () at ./juliet_testcases/CWE122_Heap_Based_Buffer_Overflow__wchar_t_type_overrun_memcpy_01.c:45
	#600004313 in __klee_posix_wrapped_main (=1, =94170831798400) at ./juliet_testcases/CWE122_Heap_Based_Buffer_Overflow__wchar_t_type_overrun_memcpy_01.c:96
	#700002566 in __user_main (=1, =94170825454080, =94170825454096) at klee_src/runtime/POSIX/klee_init_env.c:245
	#800000474 in __uClibc_main (=1, =94170825454080) at libc/misc/internals/__uClibc_main.c:401
	#900000640 in main (=1, =94170825454080)
Info: 
	address: 210453397552
	next: object at 94170800715072 of size 57
		MO202[57] allocated at global:__evoke_link_warning_gets
