Error: memory error: out of bound pointer
File: libc/string/memcpy.c
Line: 29
assembly.ll line: 4097
State: 1
Stack: 
	#000004097 in memcpy (=94844722974976, =94844729783216, =99) at libc/string/memcpy.c:29
	#100009142 in __stdio_fwrite (=94844729783216, =99, =94844740830912) at libc/stdio/_fwrite.c:39
	#200007148 in _do_one_spec (=94844740830912, =94844722234880, =94844752796472) at libc/stdio/_vfprintf.c:1817
	#300006221 in vfprintf (=94844740830912, =94844752793264, =94844753156768) at libc/stdio/_vfprintf.c:1919
	#400005736 in vsnprintf (=94844722974976, =99, =94844752793264, =94844753156768) at libc/stdio/vsnprintf.c:64
	#500005658 in snprintf (=94844722974976, =99, =0) at libc/stdio/snprintf.c:25
	#600004220 in CWE121_Stack_Based_Buffer_Overflow__CWE806_char_alloca_snprintf_07_bad () at ./juliet_testcases/CWE121_Stack_Based_Buffer_Overflow__CWE806_char_alloca_snprintf_07.c:49
	#700004320 in __klee_posix_wrapped_main (=1, =94844750683408) at ./juliet_testcases/CWE121_Stack_Based_Buffer_Overflow__CWE806_char_alloca_snprintf_07.c:130
	#800002563 in __user_main (=1, =94844746891648, =94844746891664) at klee_src/runtime/POSIX/klee_init_env.c:245
	#900000471 in __uClibc_main (=1, =94844746891648) at libc/misc/internals/__uClibc_main.c:401
	#1000000637 in main (=1, =94844746891648)
Info: 
	address: 94844722975026
	next: object at 94844722214656 of size 125
		MO9[125] allocated at main():  tail call fastcc void @__uClibc_main(i32 %0, i8** %1)
