Error: memory error: out of bound pointer
File: libc/string/memcpy.c
Line: 29
assembly.ll line: 4097
State: 1
Stack: 
	#000004097 in memcpy (=94561172984256, =94561166455616, =99) at libc/string/memcpy.c:29
	#100009130 in __stdio_fwrite (=94561166455616, =99, =94561184235296) at libc/stdio/_fwrite.c:39
	#200007136 in _do_one_spec (=94561184235296, =94561165571840, =94561196112608) at libc/stdio/_vfprintf.c:1817
	#300006209 in vfprintf (=94561184235296, =94561196109328, =94561196479168) at libc/stdio/_vfprintf.c:1919
	#400005724 in vsnprintf (=94561172984256, =99, =94561196109328, =94561196479168) at libc/stdio/vsnprintf.c:64
	#500005646 in snprintf (=94561172984256, =99, =0) at libc/stdio/snprintf.c:25
	#600004232 in CWE121_Stack_Based_Buffer_Overflow__CWE806_char_declare_snprintf_17_bad () at ./juliet_testcases/CWE121_Stack_Based_Buffer_Overflow__CWE806_char_declare_snprintf_17.c:44
	#700004308 in __klee_posix_wrapped_main (=1, =94561194007856) at ./juliet_testcases/CWE121_Stack_Based_Buffer_Overflow__CWE806_char_declare_snprintf_17.c:100
	#800002563 in __user_main (=1, =94561190226176, =94561190226192) at klee_src/runtime/POSIX/klee_init_env.c:245
	#900000471 in __uClibc_main (=1, =94561190226176) at libc/misc/internals/__uClibc_main.c:401
	#1000000637 in main (=1, =94561190226176)
Info: 
	address: 94561172984306
	next: object at 94561165546112 of size 125
		MO9[125] allocated at main():  tail call fastcc void @__uClibc_main(i32 %0, i8** %1)
