Error: memory error: out of bound pointer
File: libc/string/strnlen.c
Line: 30
assembly.ll line: 12346
State: 1
Stack: 
	#000012346 in wcsnlen (=94841112925888, =18446744073709551615) at libc/string/strnlen.c:30
	#100010908 in _do_one_spec.303 (=94841112397592, =94841088691456, =94841119859568) at libc/stdio/_vfprintf.c:1702
	#200010052 in vfwprintf (=94841119483392, =94841119815968) at libc/stdio/_vfprintf.c:1919
	#300006023 in wprintf (=0) at libc/stdio/wprintf.c:20
	#400005813 in printWLine (=94841112925888) at io.c:23
	#500004234 in CWE126_Buffer_Overread__CWE170_wchar_t_loop_05_bad () at ./juliet_testcases/CWE126_Buffer_Overread__CWE170_wchar_t_loop_05.c:43
	#600004367 in __klee_posix_wrapped_main (=1, =94841119777136) at ./juliet_testcases/CWE126_Buffer_Overread__CWE170_wchar_t_loop_05.c:125
	#700002564 in __user_main (=1, =94841113517568, =94841113517584) at klee_src/runtime/POSIX/klee_init_env.c:245
	#800000472 in __uClibc_main (=1, =94841113517568) at libc/misc/internals/__uClibc_main.c:401
	#900000638 in main (=1, =94841113517568)
Info: 
	address: 94841112926288
	next: object at 94841088670976 of size 114
		MO40[114] allocated at main():  tail call fastcc void @__uClibc_main(i32 %0, i8** %1)
