Error: memory error: out of bound pointer
File: libc/string/strnlen.c
Line: 30
assembly.ll line: 12282
State: 1
Stack: 
	#000012282 in wcsnlen (=94544812078784, =18446744073709551615) at libc/string/strnlen.c:30
	#100010844 in _do_one_spec.302 (=94544811481656, =94544787765760, =94544818848440) at libc/stdio/_vfprintf.c:1702
	#200009988 in vfwprintf (=94544818467520, =94544818812672) at libc/stdio/_vfprintf.c:1919
	#300005959 in wprintf (=0) at libc/stdio/wprintf.c:20
	#400005749 in printWLine (=94544812078784) at io.c:23
	#500004206 in CWE126_Buffer_Overread__CWE170_wchar_t_strncpy_01_bad () at ./juliet_testcases/CWE126_Buffer_Overread__CWE170_wchar_t_strncpy_01.c:33
	#600004253 in __klee_posix_wrapped_main (=1, =94544818774256) at ./juliet_testcases/CWE126_Buffer_Overread__CWE170_wchar_t_strncpy_01.c:81
	#700002564 in __user_main (=1, =94544812655360, =94544812655376) at klee_src/runtime/POSIX/klee_init_env.c:245
	#800000472 in __uClibc_main (=1, =94544812655360) at libc/misc/internals/__uClibc_main.c:401
	#900000638 in main (=1, =94544812655360)
Info: 
	address: 94544812079184
	next: object at 94544787704064 of size 768
		MO284[768] allocated at global:__C_ctype_toupper_data
