Error: memory error: out of bound pointer
File: libc/string/memcpy.c
Line: 29
assembly.ll line: 4097
State: 1
Stack: 
	#000004097 in memcpy (=94424347092416, =94424347775248, =99) at libc/string/memcpy.c:29
	#100009128 in __stdio_fwrite (=94424347775248, =99, =94424365519840) at libc/stdio/_fwrite.c:39
	#200007134 in _do_one_spec (=94424365519840, =94424346859264, =94424377408408) at libc/stdio/_vfprintf.c:1817
	#300006207 in vfprintf (=94424365519840, =94424377405024, =94424377777792) at libc/stdio/_vfprintf.c:1919
	#400005722 in vsnprintf (=94424347092416, =99, =94424377405024, =94424377777792) at libc/stdio/vsnprintf.c:64
	#500005644 in snprintf (=94424347092416, =99, =0) at libc/stdio/snprintf.c:25
	#600004204 in CWE122_Heap_Based_Buffer_Overflow__c_CWE806_char_snprintf_41_badSink (=94424347775248) at ./juliet_testcases/CWE122_Heap_Based_Buffer_Overflow__c_CWE806_char_snprintf_41.c:34
	#700004233 in CWE122_Heap_Based_Buffer_Overflow__c_CWE806_char_snprintf_41_bad () at ./juliet_testcases/CWE122_Heap_Based_Buffer_Overflow__c_CWE806_char_snprintf_41.c:48
	#800004306 in __klee_posix_wrapped_main (=1, =94424375303408) at ./juliet_testcases/CWE122_Heap_Based_Buffer_Overflow__c_CWE806_char_snprintf_41.c:104
	#900002563 in __user_main (=1, =94424371788928, =94424371788944) at klee_src/runtime/POSIX/klee_init_env.c:245
	#1000000471 in __uClibc_main (=1, =94424371788928) at libc/misc/internals/__uClibc_main.c:401
	#1100000637 in main (=1, =94424371788928)
Info: 
	address: 94424347092466
	next: object at 94424346859264 of size 256
		MO31344[256] allocated at vfprintf():  %7 = alloca %struct.ppfs_t.715, align 16
