Error: memory error: out of bound pointer
File: libc/string/memcpy.c
Line: 29
assembly.ll line: 4097
State: 1
Stack: 
	#000004097 in memcpy (=94533428391104, =94533426523536, =99) at libc/string/memcpy.c:29
	#100009124 in __stdio_fwrite (=94533426523536, =99, =94533444502176) at libc/stdio/_fwrite.c:39
	#200007130 in _do_one_spec (=94533444502176, =94533425651456, =94533456173832) at libc/stdio/_vfprintf.c:1817
	#300006203 in vfprintf (=94533444502176, =94533456170624, =94533456541536) at libc/stdio/_vfprintf.c:1919
	#400005718 in vsnprintf (=94533428391104, =99, =94533456170624, =94533456541536) at libc/stdio/vsnprintf.c:64
	#500005640 in snprintf (=94533428391104, =99, =0) at libc/stdio/snprintf.c:25
	#600004214 in CWE121_Stack_Based_Buffer_Overflow__CWE806_char_alloca_snprintf_15_bad () at ./juliet_testcases/CWE121_Stack_Based_Buffer_Overflow__CWE806_char_alloca_snprintf_15.c:49
	#700004302 in __klee_posix_wrapped_main (=1, =94533454069008) at ./juliet_testcases/CWE121_Stack_Based_Buffer_Overflow__CWE806_char_alloca_snprintf_15.c:137
	#800002563 in __user_main (=1, =94533450303744, =94533450303760) at klee_src/runtime/POSIX/klee_init_env.c:245
	#900000471 in __uClibc_main (=1, =94533450303744) at libc/misc/internals/__uClibc_main.c:401
	#1000000637 in main (=1, =94533450303744)
Info: 
	address: 94533428391154
	next: object at 94533425651456 of size 256
		MO36340[256] allocated at vfprintf():  %7 = alloca %struct.ppfs_t.715, align 16
