Error: memory error: out of bound pointer
File: libc/string/memcpy.c
Line: 29
assembly.ll line: 4097
State: 1
Stack: 
	#000004097 in memcpy (=94451370266944, =94451374605520, =99) at libc/string/memcpy.c:29
	#100009118 in __stdio_fwrite (=94451374605520, =99, =94451386179584) at libc/stdio/_fwrite.c:39
	#200007124 in _do_one_spec (=94451386179584, =94451369155072, =94451394681688) at libc/stdio/_vfprintf.c:1817
	#300006197 in vfprintf (=94451386179584, =94451394678256, =94451399962784) at libc/stdio/_vfprintf.c:1919
	#400005712 in vsnprintf (=94451370266944, =100, =94451394678256, =94451399962784) at libc/stdio/vsnprintf.c:64
	#500005634 in snprintf (=94451370266944, =0, =0) at libc/stdio/snprintf.c:25
	#600004212 in CWE121_Stack_Based_Buffer_Overflow__CWE805_char_declare_snprintf_02_bad () at ./juliet_testcases/CWE121_Stack_Based_Buffer_Overflow__CWE805_char_declare_snprintf_02.c:46
	#700004296 in __klee_posix_wrapped_main (=1, =94451396656544) at ./juliet_testcases/CWE121_Stack_Based_Buffer_Overflow__CWE805_char_declare_snprintf_02.c:131
	#800002563 in __user_main (=1, =94451393417728, =94451393417744) at klee_src/runtime/POSIX/klee_init_env.c:245
	#900000471 in __uClibc_main (=1, =94451393417728) at libc/misc/internals/__uClibc_main.c:401
	#1000000637 in main (=1, =94451393417728)
Info: 
	address: 94451370266994
	next: object at 94451369155072 of size 256
		MO36739[256] allocated at vfprintf():  %7 = alloca %struct.ppfs_t.715, align 16
