Error: memory error: out of bound pointer
File: libc/string/memcpy.c
Line: 29
assembly.ll line: 4097
State: 1
Stack: 
	#000004097 in memcpy (=94853240745088, =94853238736864, =99) at libc/string/memcpy.c:29
	#100009138 in __stdio_fwrite (=94853238736864, =99, =94853251963840) at libc/stdio/_fwrite.c:39
	#200007144 in _do_one_spec (=94853251963840, =94853233293056, =94853263883032) at libc/stdio/_vfprintf.c:1817
	#300006217 in vfprintf (=94853251963840, =94853263879856, =94853264525664) at libc/stdio/_vfprintf.c:1919
	#400005732 in vsnprintf (=94853240745088, =100, =94853263879856, =94853264525664) at libc/stdio/vsnprintf.c:64
	#500005654 in snprintf (=94853240745088, =0, =0) at libc/stdio/snprintf.c:25
	#600004236 in CWE121_Stack_Based_Buffer_Overflow__CWE805_char_alloca_snprintf_64b_badSink (=94853263883272) at ./juliet_testcases/CWE121_Stack_Based_Buffer_Overflow__CWE805_char_alloca_snprintf_64b.c:40
	#700004209 in CWE121_Stack_Based_Buffer_Overflow__CWE805_char_alloca_snprintf_64_bad () at ./juliet_testcases/CWE121_Stack_Based_Buffer_Overflow__CWE805_char_alloca_snprintf_64a.c:41
	#800004316 in __klee_posix_wrapped_main (=1, =94853261770096) at ./juliet_testcases/CWE121_Stack_Based_Buffer_Overflow__CWE805_char_alloca_snprintf_64a.c:88
	#900002563 in __user_main (=1, =94853258206720, =94853258206736) at klee_src/runtime/POSIX/klee_init_env.c:245
	#1000000471 in __uClibc_main (=1, =94853258206720) at libc/misc/internals/__uClibc_main.c:401
	#1100000637 in main (=1, =94853258206720)
Info: 
	address: 94853240745138
	next: object at 94853233006592 of size 964
		MO217[964] allocated at global:.str.1.27
