Error: memory error: out of bound pointer
File: libc/string/memcpy.c
Line: 29
assembly.ll line: 4097
State: 1
Stack: 
	#000004097 in memcpy (=94757634394816, =94757641392176, =99) at libc/string/memcpy.c:29
	#100009090 in __stdio_fwrite (=94757641392176, =99, =94757652473728) at libc/stdio/_fwrite.c:39
	#200007096 in _do_one_spec (=94757652473728, =94757633881856, =94757664438912) at libc/stdio/_vfprintf.c:1817
	#300006169 in vfprintf (=94757652473728, =94757664435504, =94757664799744) at libc/stdio/_vfprintf.c:1919
	#400005684 in vsnprintf (=94757634394816, =100, =94757664435504, =94757664799744) at libc/stdio/vsnprintf.c:64
	#500005606 in snprintf (=94757634394816, =0, =0) at libc/stdio/snprintf.c:25
	#600004212 in CWE121_Stack_Based_Buffer_Overflow__CWE805_char_declare_snprintf_01_bad () at ./juliet_testcases/CWE121_Stack_Based_Buffer_Overflow__CWE805_char_declare_snprintf_01.c:43
	#700004268 in __klee_posix_wrapped_main (=1, =94757662350640) at ./juliet_testcases/CWE121_Stack_Based_Buffer_Overflow__CWE805_char_declare_snprintf_01.c:97
	#800002563 in __user_main (=1, =94757658688256, =94757658688272) at klee_src/runtime/POSIX/klee_init_env.c:245
	#900000471 in __uClibc_main (=1, =94757658688256) at libc/misc/internals/__uClibc_main.c:401
	#1000000637 in main (=1, =94757658688256)
Info: 
	address: 94757634394866
	next: object at 94757633799680 of size 55
		MO199[55] allocated at global:__evoke_link_warning_tmpnam
