Error: memory error: out of bound pointer
File: libc/string/strnlen.c
Line: 30
assembly.ll line: 12321
State: 1
Stack: 
	#000012321 in wcsnlen (=94640613799616, =18446744073709551615) at libc/string/strnlen.c:30
	#100010883 in _do_one_spec.309 (=94640635986872, =94640612260864, =94640643433328) at libc/stdio/_vfprintf.c:1702
	#200010027 in vfwprintf (=94640643038560, =94640643384032) at libc/stdio/_vfprintf.c:1919
	#300005998 in wprintf (=0) at libc/stdio/wprintf.c:20
	#400005788 in printWLine (=94640613799616) at io.c:23
	#500004209 in CWE126_Buffer_Overread__CWE170_wchar_t_strncpy_09_bad () at ./juliet_testcases/CWE126_Buffer_Overread__CWE170_wchar_t_strncpy_09.c:35
	#600004292 in __klee_posix_wrapped_main (=1, =94640643350848) at ./juliet_testcases/CWE126_Buffer_Overread__CWE170_wchar_t_strncpy_09.c:113
	#700002564 in __user_main (=1, =94640628242048, =94640628242064) at klee_src/runtime/POSIX/klee_init_env.c:245
	#800000472 in __uClibc_main (=1, =94640628242048) at libc/misc/internals/__uClibc_main.c:401
	#900000638 in main (=1, =94640628242048)
Info: 
	address: 94640613800016
	next: object at 94640612198656 of size 768
		MO284[768] allocated at global:__C_ctype_tolower_data
