Error: memory error: out of bound pointer
File: libc/string/memcpy.c
Line: 29
assembly.ll line: 4097
State: 1
Stack: 
	#000004097 in memcpy (=94724380627136, =94724364415024, =99) at libc/string/memcpy.c:29
	#100009118 in __stdio_fwrite (=94724364415024, =99, =94724375451072) at libc/stdio/_fwrite.c:39
	#200007124 in _do_one_spec (=94724375451072, =94724356912896, =94724387502688) at libc/stdio/_vfprintf.c:1817
	#300006197 in vfprintf (=94724375451072, =94724387499536, =94724388364992) at libc/stdio/_vfprintf.c:1919
	#400005712 in vsnprintf (=94724380627136, =99, =94724387499536, =94724388364992) at libc/stdio/vsnprintf.c:64
	#500005634 in snprintf (=94724380627136, =99, =0) at libc/stdio/snprintf.c:25
	#600004226 in badSink (=94724364415024) at ./juliet_testcases/CWE121_Stack_Based_Buffer_Overflow__CWE806_char_declare_snprintf_44.c:34
	#700004209 in CWE121_Stack_Based_Buffer_Overflow__CWE806_char_declare_snprintf_44_bad () at ./juliet_testcases/CWE121_Stack_Based_Buffer_Overflow__CWE806_char_declare_snprintf_44.c:50
	#800004296 in __klee_posix_wrapped_main (=1, =94724385406176) at ./juliet_testcases/CWE121_Stack_Based_Buffer_Overflow__CWE806_char_declare_snprintf_44.c:105
	#900002563 in __user_main (=1, =94724381568768, =94724381568784) at klee_src/runtime/POSIX/klee_init_env.c:245
	#1000000471 in __uClibc_main (=1, =94724381568768) at libc/misc/internals/__uClibc_main.c:401
	#1100000637 in main (=1, =94724381568768)
Info: 
	address: 94724380627186
	next: object at 94724356886784 of size 125
		MO9[125] allocated at main():  tail call fastcc void @__uClibc_main(i32 %0, i8** %1)
