Error: memory error: out of bound pointer
File: libc/string/memcpy.c
Line: 29
assembly.ll line: 4097
State: 1
Stack: 
	#000004097 in memcpy (=93834585968512, =93834586489616, =99) at libc/string/memcpy.c:29
	#100009136 in __stdio_fwrite (=93834586489616, =99, =93834603682752) at libc/stdio/_fwrite.c:39
	#200007142 in _do_one_spec (=93834603682752, =93834585070592, =93834615643016) at libc/stdio/_vfprintf.c:1817
	#300006215 in vfprintf (=93834603682752, =93834615639584, =93834616001472) at libc/stdio/_vfprintf.c:1919
	#400005730 in vsnprintf (=93834585968512, =100, =93834615639584, =93834616001472) at libc/stdio/vsnprintf.c:64
	#500005652 in snprintf (=93834585968512, =0, =0) at libc/stdio/snprintf.c:25
	#600004218 in CWE121_Stack_Based_Buffer_Overflow__CWE805_char_declare_snprintf_13_bad () at ./juliet_testcases/CWE121_Stack_Based_Buffer_Overflow__CWE805_char_declare_snprintf_13.c:46
	#700004314 in __klee_posix_wrapped_main (=1, =93834613530016) at ./juliet_testcases/CWE121_Stack_Based_Buffer_Overflow__CWE805_char_declare_snprintf_13.c:131
	#800002563 in __user_main (=1, =93834609720448, =93834609720464) at klee_src/runtime/POSIX/klee_init_env.c:245
	#900000471 in __uClibc_main (=1, =93834609720448) at libc/misc/internals/__uClibc_main.c:401
	#1000000637 in main (=1, =93834609720448)
Info: 
	address: 93834585968562
	next: object at 93834585009920 of size 768
		MO280[768] allocated at global:__C_ctype_toupper_data
