Error: memory error: out of bound pointer
File: libc/string/memcpy.c
Line: 29
assembly.ll line: 4097
State: 1
Stack: 
	#000004097 in memcpy (=94257682553728, =94257705129664, =99) at libc/string/memcpy.c:29
	#100009106 in __stdio_fwrite (=94257705129664, =99, =94257700052288) at libc/stdio/_fwrite.c:39
	#200007112 in _do_one_spec (=94257700052288, =94257681441536, =94257712011776) at libc/stdio/_vfprintf.c:1817
	#300006185 in vfprintf (=94257700052288, =94257712008624, =94257712389312) at libc/stdio/_vfprintf.c:1919
	#400005700 in vsnprintf (=94257682553728, =100, =94257712008624, =94257712389312) at libc/stdio/vsnprintf.c:64
	#500005622 in snprintf (=94257682553728, =0, =0) at libc/stdio/snprintf.c:25
	#600004220 in CWE121_Stack_Based_Buffer_Overflow__CWE805_char_alloca_snprintf_18_bad () at ./juliet_testcases/CWE121_Stack_Based_Buffer_Overflow__CWE805_char_alloca_snprintf_18.c:45
	#700004284 in __klee_posix_wrapped_main (=1, =94257709784336) at ./juliet_testcases/CWE121_Stack_Based_Buffer_Overflow__CWE805_char_alloca_snprintf_18.c:101
	#800002563 in __user_main (=1, =94257706095104, =94257706095120) at klee_src/runtime/POSIX/klee_init_env.c:245
	#900000471 in __uClibc_main (=1, =94257706095104) at libc/misc/internals/__uClibc_main.c:401
	#1000000637 in main (=1, =94257706095104)
Info: 
	address: 94257682553778
	next: object at 94257681385728 of size 768
		MO279[768] allocated at global:__C_ctype_toupper_data
