Error: memory error: out of bound pointer
File: libc/string/memcpy.c
Line: 29
assembly.ll line: 4098
State: 1
Stack: 
	#000004098 in memcpy (=93921994511872, =93921978323328, =99) at libc/string/memcpy.c:29
	#100009181 in __stdio_fwrite (=93921978323328, =99, =93921989420928) at libc/stdio/_fwrite.c:39
	#200007187 in _do_one_spec (=93921989420928, =93921970809088, =93922001394848) at libc/stdio/_vfprintf.c:1817
	#300006260 in vfprintf (=93921989420928, =93922001391416, =93922001785376) at libc/stdio/_vfprintf.c:1919
	#400005765 in vsnprintf (=93921994511872, =100, =93922001391416, =93922001785376) at libc/stdio/vsnprintf.c:64
	#500005687 in snprintf (=93921994511872, =0, =0) at libc/stdio/snprintf.c:25
	#600004227 in CWE122_Heap_Based_Buffer_Overflow__c_CWE805_char_snprintf_11_bad () at ./juliet_testcases/CWE122_Heap_Based_Buffer_Overflow__c_CWE805_char_snprintf_11.c:45
	#700004349 in __klee_posix_wrapped_main (=1, =93921999273344) at ./juliet_testcases/CWE122_Heap_Based_Buffer_Overflow__c_CWE805_char_snprintf_11.c:133
	#800002564 in __user_main (=1, =93921970445824, =93921970445840) at klee_src/runtime/POSIX/klee_init_env.c:245
	#900000472 in __uClibc_main (=1, =93921970445824) at libc/misc/internals/__uClibc_main.c:401
	#1000000638 in main (=1, =93921970445824)
Info: 
	address: 93921994511922
	next: object at 93921970445824 of size 384
		MO0[384] allocated at main():  tail call fastcc void @__uClibc_main(i32 %0, i8** %1)
