Error: memory error: out of bound pointer
File: libc/string/memcpy.c
Line: 29
assembly.ll line: 4097
State: 1
Stack: 
	#000004097 in memcpy (=93929865983040, =93929874918912, =99) at libc/string/memcpy.c:29
	#100009098 in __stdio_fwrite (=93929874918912, =99, =93929876989920) at libc/stdio/_fwrite.c:39
	#200007104 in _do_one_spec (=93929876989920, =93929858389760, =93929888987600) at libc/stdio/_vfprintf.c:1817
	#300006177 in vfprintf (=93929876989920, =93929888984448, =93929889364736) at libc/stdio/_vfprintf.c:1919
	#400005692 in vsnprintf (=93929865983040, =100, =93929888984448, =93929889364736) at libc/stdio/vsnprintf.c:64
	#500005614 in snprintf (=93929865983040, =0, =0) at libc/stdio/snprintf.c:25
	#600004216 in CWE121_Stack_Based_Buffer_Overflow__CWE805_char_alloca_snprintf_01_bad () at ./juliet_testcases/CWE121_Stack_Based_Buffer_Overflow__CWE805_char_alloca_snprintf_01.c:43
	#700004276 in __klee_posix_wrapped_main (=1, =93929886891280) at ./juliet_testcases/CWE121_Stack_Based_Buffer_Overflow__CWE805_char_alloca_snprintf_01.c:97
	#800002563 in __user_main (=1, =93929882764032, =93929882764048) at klee_src/runtime/POSIX/klee_init_env.c:245
	#900000471 in __uClibc_main (=1, =93929882764032) at libc/misc/internals/__uClibc_main.c:401
	#1000000637 in main (=1, =93929882764032)
Info: 
	address: 93929865983090
	next: object at 93929858306752 of size 57
		MO233[57] allocated at global:.str.19.45
