Error: memory error: out of bound pointer
File: libc/string/memcpy.c
Line: 29
assembly.ll line: 4099
State: 1
Stack: 
	#000004099 in memcpy (=93894276375040, =93894277105072, =99) at libc/string/memcpy.c:29
	#100009124 in __stdio_fwrite (=93894277105072, =99, =93894294369728) at libc/stdio/_fwrite.c:39
	#200007130 in _do_one_spec (=93894294369728, =93894275700480, =93894306257848) at libc/stdio/_vfprintf.c:1817
	#300006203 in vfprintf (=93894294369728, =93894306254392, =93894306625088) at libc/stdio/_vfprintf.c:1919
	#400005718 in vsnprintf (=93894276375040, =100, =93894306254392, =93894306625088) at libc/stdio/vsnprintf.c:64
	#500005640 in snprintf (=93894276375040, =0, =0) at libc/stdio/snprintf.c:25
	#600004230 in badSink () at ./juliet_testcases/CWE121_Stack_Based_Buffer_Overflow__CWE805_char_alloca_snprintf_45.c:40
	#700004212 in CWE121_Stack_Based_Buffer_Overflow__CWE805_char_alloca_snprintf_45_bad () at ./juliet_testcases/CWE121_Stack_Based_Buffer_Overflow__CWE805_char_alloca_snprintf_45.c:55
	#800004302 in __klee_posix_wrapped_main (=1, =93894304152880) at ./juliet_testcases/CWE121_Stack_Based_Buffer_Overflow__CWE805_char_alloca_snprintf_45.c:113
	#900002565 in __user_main (=1, =93894300348544, =93894300348560) at klee_src/runtime/POSIX/klee_init_env.c:245
	#1000000473 in __uClibc_main (=1, =93894300348544) at libc/misc/internals/__uClibc_main.c:401
	#1100000639 in main (=1, =93894300348544)
Info: 
	address: 93894276375090
	next: object at 93894275641088 of size 768
		MO283[768] allocated at global:__C_ctype_toupper_data
