Error: memory error: out of bound pointer
File: libc/string/strnlen.c
Line: 30
assembly.ll line: 12328
State: 1
Stack: 
	#000012328 in wcsnlen (=94271463454400, =18446744073709551615) at libc/string/strnlen.c:30
	#100010890 in _do_one_spec.302 (=94271462952120, =94271439178752, =94271470338880) at libc/stdio/_vfprintf.c:1702
	#200010034 in vfwprintf (=94271469962048, =94271470294624) at libc/stdio/_vfprintf.c:1919
	#300006005 in wprintf (=0) at libc/stdio/wprintf.c:20
	#400005795 in printWLine (=94271463454400) at io.c:23
	#500004231 in CWE126_Buffer_Overread__CWE170_wchar_t_loop_02_bad () at ./juliet_testcases/CWE126_Buffer_Overread__CWE170_wchar_t_loop_02.c:37
	#600004349 in __klee_posix_wrapped_main (=1, =94271470256496) at ./juliet_testcases/CWE126_Buffer_Overread__CWE170_wchar_t_loop_02.c:119
	#700002564 in __user_main (=1, =94271463984896, =94271463984912) at klee_src/runtime/POSIX/klee_init_env.c:245
	#800000472 in __uClibc_main (=1, =94271463984896) at libc/misc/internals/__uClibc_main.c:401
	#900000638 in main (=1, =94271463984896)
Info: 
	address: 94271463454800
	next: object at 94271439120640 of size 768
		MO284[768] allocated at global:__C_ctype_toupper_data
