Error: memory error: out of bound pointer
File: libc/string/strnlen.c
Line: 30
assembly.ll line: 12294
State: 1
Stack: 
	#000012294 in wcsnlen (=94502933780160, =18446744073709551615) at libc/string/strnlen.c:30
	#100010856 in _do_one_spec.300 (=94502947990712, =94502924201216, =94502955262840) at libc/stdio/_vfprintf.c:1702
	#200010000 in vfwprintf (=94502954882816, =94502955526720) at libc/stdio/_vfprintf.c:1919
	#300005971 in wprintf (=0) at libc/stdio/wprintf.c:20
	#400005761 in printWLine (=94502933780160) at io.c:23
	#500004234 in CWE126_Buffer_Overread__CWE170_wchar_t_loop_16_bad () at ./juliet_testcases/CWE126_Buffer_Overread__CWE170_wchar_t_loop_16.c:37
	#600004315 in __klee_posix_wrapped_main (=1, =94502955188448) at ./juliet_testcases/CWE126_Buffer_Overread__CWE170_wchar_t_loop_16.c:94
	#700002564 in __user_main (=1, =94502949116672, =94502949116688) at klee_src/runtime/POSIX/klee_init_env.c:245
	#800000472 in __uClibc_main (=1, =94502949116672) at libc/misc/internals/__uClibc_main.c:401
	#900000638 in main (=1, =94502949116672)
Info: 
	address: 94502933780560
	next: object at 94502924142848 of size 768
		MO283[768] allocated at global:__C_ctype_toupper_data
