Error: memory error: out of bound pointer
File: libc/string/memcpy.c
Line: 29
assembly.ll line: 4097
State: 1
Stack: 
	#000004097 in memcpy (=93965357841088, =93965357593184, =99) at libc/string/memcpy.c:29
	#100009118 in __stdio_fwrite (=93965357593184, =99, =93965375336960) at libc/stdio/_fwrite.c:39
	#200007124 in _do_one_spec (=93965375336960, =93965356676864, =93965387299424) at libc/stdio/_vfprintf.c:1817
	#300006197 in vfprintf (=93965375336960, =93965387296272, =93965388161696) at libc/stdio/_vfprintf.c:1919
	#400005712 in vsnprintf (=93965357841088, =99, =93965387296272, =93965388161696) at libc/stdio/vsnprintf.c:64
	#500005634 in snprintf (=93965357841088, =99, =0) at libc/stdio/snprintf.c:25
	#600004226 in CWE121_Stack_Based_Buffer_Overflow__CWE806_char_declare_snprintf_65b_badSink (=93965357593184) at ./juliet_testcases/CWE121_Stack_Based_Buffer_Overflow__CWE806_char_declare_snprintf_65b.c:34
	#700004209 in CWE121_Stack_Based_Buffer_Overflow__CWE806_char_declare_snprintf_65_bad () at ./juliet_testcases/CWE121_Stack_Based_Buffer_Overflow__CWE806_char_declare_snprintf_65a.c:43
	#800004296 in __klee_posix_wrapped_main (=1, =93965385202912) at ./juliet_testcases/CWE121_Stack_Based_Buffer_Overflow__CWE806_char_declare_snprintf_65a.c:91
	#900002563 in __user_main (=1, =93965366225152, =93965366225168) at klee_src/runtime/POSIX/klee_init_env.c:245
	#1000000471 in __uClibc_main (=1, =93965366225152) at libc/misc/internals/__uClibc_main.c:401
	#1100000637 in main (=1, =93965366225152)
Info: 
	address: 93965357841138
	next: object at 93965356617472 of size 768
		MO281[768] allocated at global:__C_ctype_toupper_data
