Error: memory error: out of bound pointer
File: libc/string/strnlen.c
Line: 30
assembly.ll line: 12294
State: 1
Stack: 
	#000012294 in wcsnlen (=210453397552, =18446744073709551615) at libc/string/strnlen.c:30
	#100010856 in _do_one_spec.301 (=94412076933784, =94412053191936, =94412084331360) at libc/stdio/_vfprintf.c:1702
	#200010000 in vfwprintf (=94412083937184, =94412084286368) at libc/stdio/_vfprintf.c:1919
	#300005971 in wprintf (=0) at libc/stdio/wprintf.c:20
	#400005761 in printWLine (=210453397552) at io.c:23
	#500004235 in CWE122_Heap_Based_Buffer_Overflow__wchar_t_type_overrun_memmove_15_bad () at ./juliet_testcases/CWE122_Heap_Based_Buffer_Overflow__wchar_t_type_overrun_memmove_15.c:48
	#600004353 in __klee_posix_wrapped_main (=1, =94412084248880) at ./juliet_testcases/CWE122_Heap_Based_Buffer_Overflow__wchar_t_type_overrun_memmove_15.c:140
	#700002566 in __user_main (=1, =94412077853696, =94412077853712) at klee_src/runtime/POSIX/klee_init_env.c:245
	#800000474 in __uClibc_main (=1, =94412077853696) at libc/misc/internals/__uClibc_main.c:401
	#900000640 in main (=1, =94412077853696)
Info: 
	address: 210453397552
	next: object at 94412053164800 of size 128
		MO258[128] allocated at global:.str.88
