Error: memory error: out of bound pointer
File: libc/string/memcpy.c
Line: 29
assembly.ll line: 4097
State: 1
Stack: 
	#000004097 in memcpy (=94757489159744, =94757495723488, =99) at libc/string/memcpy.c:29
	#100009148 in __stdio_fwrite (=94757495723488, =99, =94757506905248) at libc/stdio/_fwrite.c:39
	#200007154 in _do_one_spec (=94757506905248, =94757488236288, =94757518834432) at libc/stdio/_vfprintf.c:1817
	#300006227 in vfprintf (=94757506905248, =94757518831256, =94757519193952) at libc/stdio/_vfprintf.c:1919
	#400005742 in vsnprintf (=94757489159744, =100, =94757518831256, =94757519193952) at libc/stdio/vsnprintf.c:64
	#500005664 in snprintf (=94757489159744, =0, =0) at libc/stdio/snprintf.c:25
	#600004222 in CWE121_Stack_Based_Buffer_Overflow__CWE805_char_alloca_snprintf_09_bad () at ./juliet_testcases/CWE121_Stack_Based_Buffer_Overflow__CWE805_char_alloca_snprintf_09.c:46
	#700004326 in __klee_posix_wrapped_main (=1, =94757516721520) at ./juliet_testcases/CWE121_Stack_Based_Buffer_Overflow__CWE805_char_alloca_snprintf_09.c:131
	#800002563 in __user_main (=1, =94757512679552, =94757512679568) at klee_src/runtime/POSIX/klee_init_env.c:245
	#900000471 in __uClibc_main (=1, =94757512679552) at libc/misc/internals/__uClibc_main.c:401
	#1000000637 in main (=1, =94757512679552)
Info: 
	address: 94757489159794
	next: object at 94757488213248 of size 125
		MO9[125] allocated at main():  tail call fastcc void @__uClibc_main(i32 %0, i8** %1)
