Error: memory error: out of bound pointer
File: libc/string/strnlen.c
Line: 30
assembly.ll line: 12256
State: 1
Stack: 
	#000012256 in wcsnlen (=210453397552, =18446744073709551615) at libc/string/strnlen.c:30
	#100010818 in _do_one_spec.299 (=93982702297752, =93982678572544, =93982709613296) at libc/stdio/_vfprintf.c:1702
	#200009962 in vfwprintf (=93982709232384, =93982709974720) at libc/stdio/_vfprintf.c:1919
	#300005933 in wprintf (=0) at libc/stdio/wprintf.c:20
	#400005723 in printWLine (=210453397552) at io.c:23
	#500004239 in CWE122_Heap_Based_Buffer_Overflow__wchar_t_type_overrun_memmove_18_bad () at ./juliet_testcases/CWE122_Heap_Based_Buffer_Overflow__wchar_t_type_overrun_memmove_18.c:47
	#600004315 in __klee_posix_wrapped_main (=1, =93982709538960) at ./juliet_testcases/CWE122_Heap_Based_Buffer_Overflow__wchar_t_type_overrun_memmove_18.c:99
	#700002566 in __user_main (=1, =93982703390464, =93982703390480) at klee_src/runtime/POSIX/klee_init_env.c:245
	#800000474 in __uClibc_main (=1, =93982703390464) at libc/misc/internals/__uClibc_main.c:401
	#900000640 in main (=1, =93982703390464)
Info: 
	address: 210453397552
	next: object at 93982678545408 of size 125
		MO9[125] allocated at main():  tail call fastcc void @__uClibc_main(i32 %0, i8** %1)
