Error: memory error: out of bound pointer
File: libc/string/memcpy.c
Line: 29
assembly.ll line: 4097
State: 1
Stack: 
	#000004097 in memcpy (=94041976163072, =94041983152960, =99) at libc/string/memcpy.c:29
	#100009142 in __stdio_fwrite (=94041983152960, =99, =94041994233440) at libc/stdio/_fwrite.c:39
	#200007148 in _do_one_spec (=94041994233440, =94041975643904, =94042006223672) at libc/stdio/_vfprintf.c:1817
	#300006221 in vfprintf (=94041994233440, =94042006220464, =94042006583840) at libc/stdio/_vfprintf.c:1919
	#400005736 in vsnprintf (=94041976163072, =99, =94042006220464, =94042006583840) at libc/stdio/vsnprintf.c:64
	#500005658 in snprintf (=94041976163072, =99, =0) at libc/stdio/snprintf.c:25
	#600004220 in CWE121_Stack_Based_Buffer_Overflow__CWE806_char_alloca_snprintf_09_bad () at ./juliet_testcases/CWE121_Stack_Based_Buffer_Overflow__CWE806_char_alloca_snprintf_09.c:43
	#700004320 in __klee_posix_wrapped_main (=1, =94042004110608) at ./juliet_testcases/CWE121_Stack_Based_Buffer_Overflow__CWE806_char_alloca_snprintf_09.c:124
	#800002563 in __user_main (=1, =94042000299264, =94042000299280) at klee_src/runtime/POSIX/klee_init_env.c:245
	#900000471 in __uClibc_main (=1, =94042000299264) at libc/misc/internals/__uClibc_main.c:401
	#1000000637 in main (=1, =94042000299264)
Info: 
	address: 94041976163122
	next: object at 94041975617664 of size 125
		MO9[125] allocated at main():  tail call fastcc void @__uClibc_main(i32 %0, i8** %1)
