Error: memory error: out of bound pointer
File: libc/string/memcpy.c
Line: 29
assembly.ll line: 4098
State: 1
Stack: 
	#000004098 in memcpy (=94242149128384, =94242166535872, =99) at libc/string/memcpy.c:29
	#100009111 in __stdio_fwrite (=94242166535872, =99, =94242166678080) at libc/stdio/_fwrite.c:39
	#200007117 in _do_one_spec (=94242166678080, =94242148014336, =94242178603552) at libc/stdio/_vfprintf.c:1817
	#300006190 in vfprintf (=94242166678080, =94242178600400, =94242178978240) at libc/stdio/_vfprintf.c:1919
	#400005705 in vsnprintf (=94242149128384, =100, =94242178600400, =94242178978240) at libc/stdio/vsnprintf.c:64
	#500005627 in snprintf (=94242149128384, =0, =0) at libc/stdio/snprintf.c:25
	#600004223 in CWE121_Stack_Based_Buffer_Overflow__CWE805_char_declare_snprintf_34_bad () at ./juliet_testcases/CWE121_Stack_Based_Buffer_Overflow__CWE805_char_declare_snprintf_34.c:53
	#700004289 in __klee_posix_wrapped_main (=1, =94242176376176) at ./juliet_testcases/CWE121_Stack_Based_Buffer_Overflow__CWE805_char_declare_snprintf_34.c:112
	#800002564 in __user_main (=1, =94242171838848, =94242171838864) at klee_src/runtime/POSIX/klee_init_env.c:245
	#900000472 in __uClibc_main (=1, =94242171838848) at libc/misc/internals/__uClibc_main.c:401
	#1000000638 in main (=1, =94242171838848)
Info: 
	address: 94242149128434
	next: object at 94242147952896 of size 768
		MO278[768] allocated at global:__C_ctype_tolower_data
