Error: memory error: out of bound pointer
File: libc/string/strnlen.c
Line: 30
assembly.ll line: 12290
State: 1
Stack: 
	#000012290 in wcsnlen (=94854833051328, =18446744073709551615) at libc/string/strnlen.c:30
	#100010852 in _do_one_spec.300 (=94854832442552, =94854808709120, =94854839739272) at libc/stdio/_vfprintf.c:1702
	#200009996 in vfwprintf (=94854839359296, =94854840003200) at libc/stdio/_vfprintf.c:1919
	#300005967 in wprintf (=0) at libc/stdio/wprintf.c:20
	#400005757 in printWLine (=94854833051328) at io.c:23
	#500004235 in CWE126_Buffer_Overread__CWE170_wchar_t_loop_18_bad () at ./juliet_testcases/CWE126_Buffer_Overread__CWE170_wchar_t_loop_18.c:37
	#600004311 in __klee_posix_wrapped_main (=1, =94854839664864) at ./juliet_testcases/CWE126_Buffer_Overread__CWE170_wchar_t_loop_18.c:90
	#700002564 in __user_main (=1, =94854833366528, =94854833366544) at klee_src/runtime/POSIX/klee_init_env.c:245
	#800000472 in __uClibc_main (=1, =94854833366528) at libc/misc/internals/__uClibc_main.c:401
	#900000638 in main (=1, =94854833366528)
Info: 
	address: 94854833051728
	next: object at 94854808652800 of size 768
		MO282[768] allocated at global:__C_ctype_tolower_data
