Error: memory error: out of bound pointer
File: libc/string/strnlen.c
Line: 30
assembly.ll line: 12334
State: 1
Stack: 
	#000012334 in wcsnlen (=210453397552, =18446744073709551615) at libc/string/strnlen.c:30
	#100010896 in _do_one_spec.302 (=94158104003224, =94158080249088, =94158111425616) at libc/stdio/_vfprintf.c:1702
	#200010040 in vfwprintf (=94158111049728, =94158111383200) at libc/stdio/_vfprintf.c:1919
	#300006011 in wprintf (=0) at libc/stdio/wprintf.c:20
	#400005801 in printWLine (=210453397552) at io.c:23
	#500004239 in CWE122_Heap_Based_Buffer_Overflow__wchar_t_type_overrun_memcpy_08_bad () at ./juliet_testcases/CWE122_Heap_Based_Buffer_Overflow__wchar_t_type_overrun_memcpy_08.c:60
	#600004393 in __klee_posix_wrapped_main (=1, =94158111342912) at ./juliet_testcases/CWE122_Heap_Based_Buffer_Overflow__wchar_t_type_overrun_memcpy_08.c:143
	#700002566 in __user_main (=1, =94158105082624, =94158105082640) at klee_src/runtime/POSIX/klee_init_env.c:245
	#800000474 in __uClibc_main (=1, =94158105082624) at libc/misc/internals/__uClibc_main.c:401
	#900000640 in main (=1, =94158105082624)
Info: 
	address: 210453397552
	next: object at 94158080227328 of size 128
		MO292[128] allocated at global:randtbl
