Error: memory error: out of bound pointer
File: libc/string/strnlen.c
Line: 30
assembly.ll line: 12282
State: 1
Stack: 
	#000012282 in wcsnlen (=94057922655936, =18446744073709551615) at libc/string/strnlen.c:30
	#100010844 in _do_one_spec.300 (=94057922143160, =94057898425600, =94057929556824) at libc/stdio/_vfprintf.c:1702
	#200009988 in vfwprintf (=94057929176448, =94057929820352) at libc/stdio/_vfprintf.c:1919
	#300005959 in wprintf (=0) at libc/stdio/wprintf.c:20
	#400005749 in printWLine (=94057922655936) at io.c:23
	#500004231 in CWE126_Buffer_Overread__CWE170_wchar_t_loop_01_bad () at ./juliet_testcases/CWE126_Buffer_Overread__CWE170_wchar_t_loop_01.c:35
	#600004303 in __klee_posix_wrapped_main (=1, =94057929482464) at ./juliet_testcases/CWE126_Buffer_Overread__CWE170_wchar_t_loop_01.c:85
	#700002564 in __user_main (=1, =94057923081472, =94057923081488) at klee_src/runtime/POSIX/klee_init_env.c:245
	#800000472 in __uClibc_main (=1, =94057923081472) at libc/misc/internals/__uClibc_main.c:401
	#900000638 in main (=1, =94057923081472)
Info: 
	address: 94057922656336
	next: object at 94057898398080 of size 128
		MO289[128] allocated at global:randtbl
