Error: memory error: out of bound pointer
File: libc/string/strnlen.c
Line: 30
assembly.ll line: 12290
State: 1
Stack: 
	#000012290 in wcsnlen (=94230549501632, =18446744073709551615) at libc/string/strnlen.c:30
	#100010852 in _do_one_spec.302 (=94230554379192, =94230530590208, =94230561743592) at libc/stdio/_vfprintf.c:1702
	#200009996 in vfwprintf (=94230561363072, =94230561708224) at libc/stdio/_vfprintf.c:1919
	#300005967 in wprintf (=0) at libc/stdio/wprintf.c:20
	#400005757 in printWLine (=94230549501632) at io.c:23
	#500004210 in CWE126_Buffer_Overread__CWE170_wchar_t_strncpy_18_bad () at ./juliet_testcases/CWE126_Buffer_Overread__CWE170_wchar_t_strncpy_18.c:35
	#600004261 in __klee_posix_wrapped_main (=1, =94230561669360) at ./juliet_testcases/CWE126_Buffer_Overread__CWE170_wchar_t_strncpy_18.c:86
	#700002564 in __user_main (=1, =94230555240704, =94230555240720) at klee_src/runtime/POSIX/klee_init_env.c:245
	#800000472 in __uClibc_main (=1, =94230555240704) at libc/misc/internals/__uClibc_main.c:401
	#900000638 in main (=1, =94230555240704)
Info: 
	address: 94230549502032
	next: object at 94230530568192 of size 128
		MO37553[128] allocated at _do_one_spec.302():  %21 = alloca [128 x i8], align 16
