Error: memory error: out of bound pointer
File: libc/string/memcpy.c
Line: 29
assembly.ll line: 4097
State: 1
Stack: 
	#000004097 in memcpy (=94026803508672, =94026781016848, =99) at libc/string/memcpy.c:29
	#100009136 in __stdio_fwrite (=94026781016848, =99, =94026798209984) at libc/stdio/_fwrite.c:39
	#200007142 in _do_one_spec (=94026798209984, =94026779597824, =94026810186632) at libc/stdio/_vfprintf.c:1817
	#300006215 in vfprintf (=94026798209984, =94026810183200, =94026810545088) at libc/stdio/_vfprintf.c:1919
	#400005730 in vsnprintf (=94026803508672, =100, =94026810183200, =94026810545088) at libc/stdio/vsnprintf.c:64
	#500005652 in snprintf (=94026803508672, =0, =0) at libc/stdio/snprintf.c:25
	#600004218 in CWE121_Stack_Based_Buffer_Overflow__CWE805_char_declare_snprintf_14_bad () at ./juliet_testcases/CWE121_Stack_Based_Buffer_Overflow__CWE805_char_declare_snprintf_14.c:46
	#700004314 in __klee_posix_wrapped_main (=1, =94026808073632) at ./juliet_testcases/CWE121_Stack_Based_Buffer_Overflow__CWE805_char_declare_snprintf_14.c:131
	#800002563 in __user_main (=1, =94026804240384, =94026804240400) at klee_src/runtime/POSIX/klee_init_env.c:245
	#900000471 in __uClibc_main (=1, =94026804240384) at libc/misc/internals/__uClibc_main.c:401
	#1000000637 in main (=1, =94026804240384)
Info: 
	address: 94026803508722
	next: object at 94026779537152 of size 768
		MO281[768] allocated at global:__C_ctype_toupper_data
