Error: memory error: out of bound pointer
File: libc/string/memcpy.c
Line: 29
assembly.ll line: 4097
State: 1
Stack: 
	#000004097 in memcpy (=94233036646272, =94233036931856, =99) at libc/string/memcpy.c:29
	#100009138 in __stdio_fwrite (=94233036931856, =99, =94233036143264) at libc/stdio/_fwrite.c:39
	#200007144 in _do_one_spec (=94233036143264, =94233035527936, =94233066077080) at libc/stdio/_vfprintf.c:1817
	#300006217 in vfprintf (=94233036143264, =94233066073648, =94233066446528) at libc/stdio/_vfprintf.c:1919
	#400005732 in vsnprintf (=94233036646272, =100, =94233066073648, =94233066446528) at libc/stdio/vsnprintf.c:64
	#500005654 in snprintf (=94233036646272, =0, =0) at libc/stdio/snprintf.c:25
	#600004236 in CWE121_Stack_Based_Buffer_Overflow__CWE805_char_alloca_snprintf_17_bad () at ./juliet_testcases/CWE121_Stack_Based_Buffer_Overflow__CWE805_char_alloca_snprintf_17.c:47
	#700004316 in __klee_posix_wrapped_main (=1, =94233063972176) at ./juliet_testcases/CWE121_Stack_Based_Buffer_Overflow__CWE805_char_alloca_snprintf_17.c:105
	#800002563 in __user_main (=1, =94233060435456, =94233060435472) at klee_src/runtime/POSIX/klee_init_env.c:245
	#900000471 in __uClibc_main (=1, =94233060435456) at libc/misc/internals/__uClibc_main.c:401
	#1000000637 in main (=1, =94233060435456)
Info: 
	address: 94233036646322
	next: object at 94233035445184 of size 54
		MO305[54] allocated at global:.str.343
