Error: memory error: out of bound pointer
File: libc/string/memcpy.c
Line: 29
assembly.ll line: 4097
State: 1
Stack: 
	#000004097 in memcpy (=94659520181120, =94659513693104, =99) at libc/string/memcpy.c:29
	#100009163 in __stdio_fwrite (=94659513693104, =99, =94659514774592) at libc/stdio/_fwrite.c:39
	#200007169 in _do_one_spec (=94659514774592, =94659512766720, =94659543342208) at libc/stdio/_vfprintf.c:1817
	#300006242 in vfprintf (=94659514774592, =94659543338776, =94659543976672) at libc/stdio/_vfprintf.c:1919
	#400005757 in vsnprintf (=94659520181120, =99, =94659543338776, =94659543976672) at libc/stdio/vsnprintf.c:64
	#500005679 in snprintf (=94659520181120, =99, =0) at libc/stdio/snprintf.c:25
	#600004225 in CWE122_Heap_Based_Buffer_Overflow__c_CWE806_char_snprintf_09_bad () at ./juliet_testcases/CWE122_Heap_Based_Buffer_Overflow__c_CWE806_char_snprintf_09.c:43
	#700004341 in __klee_posix_wrapped_main (=1, =94659541228816) at ./juliet_testcases/CWE122_Heap_Based_Buffer_Overflow__c_CWE806_char_snprintf_09.c:127
	#800002563 in __user_main (=1, =94659512401408, =94659512401424) at klee_src/runtime/POSIX/klee_init_env.c:245
	#900000471 in __uClibc_main (=1, =94659512401408) at libc/misc/internals/__uClibc_main.c:401
	#1000000637 in main (=1, =94659512401408)
Info: 
	address: 94659520181170
	next: object at 94659512401408 of size 376
		MO0[376] allocated at main():  tail call fastcc void @__uClibc_main(i32 %0, i8** %1)
