Error: memory error: out of bound pointer
File: libc/string/strnlen.c
Line: 30
assembly.ll line: 12328
State: 1
Stack: 
	#000012328 in wcsnlen (=94709818529472, =18446744073709551615) at libc/string/strnlen.c:30
	#100010890 in _do_one_spec.302 (=94709831036088, =94709807332608, =94709838406464) at libc/stdio/_vfprintf.c:1702
	#200010034 in vfwprintf (=94709838029632, =94709838362208) at libc/stdio/_vfprintf.c:1919
	#300006005 in wprintf (=0) at libc/stdio/wprintf.c:20
	#400005795 in printWLine (=94709818529472) at io.c:23
	#500004231 in CWE126_Buffer_Overread__CWE170_wchar_t_loop_04_bad () at ./juliet_testcases/CWE126_Buffer_Overread__CWE170_wchar_t_loop_04.c:43
	#600004349 in __klee_posix_wrapped_main (=1, =94709838324080) at ./juliet_testcases/CWE126_Buffer_Overread__CWE170_wchar_t_loop_04.c:125
	#700002564 in __user_main (=1, =94709831682304, =94709831682320) at klee_src/runtime/POSIX/klee_init_env.c:245
	#800000472 in __uClibc_main (=1, =94709831682304) at libc/misc/internals/__uClibc_main.c:401
	#900000638 in main (=1, =94709831682304)
Info: 
	address: 94709818529872
	next: object at 94709807306752 of size 128
		MO290[128] allocated at global:randtbl
