Error: memory error: out of bound pointer
File: libc/string/memcpy.c
Line: 29
assembly.ll line: 4097
State: 1
Stack: 
	#000004097 in memcpy (=94641171989248, =94641170558464, =99) at libc/string/memcpy.c:29
	#100009110 in __stdio_fwrite (=94641170558464, =99, =94641172751392) at libc/stdio/_fwrite.c:39
	#200007116 in _do_one_spec (=94641172751392, =94641154029312, =94641179515376) at libc/stdio/_vfprintf.c:1817
	#300006189 in vfprintf (=94641172751392, =94641179512224, =94641184808064) at libc/stdio/_vfprintf.c:1919
	#400005704 in vsnprintf (=94641171989248, =100, =94641179512224, =94641184808064) at libc/stdio/vsnprintf.c:64
	#500005626 in snprintf (=94641171989248, =0, =0) at libc/stdio/snprintf.c:25
	#600004222 in CWE121_Stack_Based_Buffer_Overflow__CWE805_char_alloca_snprintf_16_bad () at ./juliet_testcases/CWE121_Stack_Based_Buffer_Overflow__CWE805_char_alloca_snprintf_16.c:47
	#700004288 in __klee_posix_wrapped_main (=1, =94641163107600) at ./juliet_testcases/CWE121_Stack_Based_Buffer_Overflow__CWE805_char_alloca_snprintf_16.c:105
	#800002563 in __user_main (=1, =94641178686336, =94641178686352) at klee_src/runtime/POSIX/klee_init_env.c:245
	#900000471 in __uClibc_main (=1, =94641178686336) at libc/misc/internals/__uClibc_main.c:401
	#1000000637 in main (=1, =94641178686336)
Info: 
	address: 94641171989298
	next: object at 94641154029312 of size 256
		MO31191[256] allocated at vfprintf():  %7 = alloca %struct.ppfs_t.715, align 16
