Error: memory error: out of bound pointer
File: libc/string/memcpy.c
Line: 29
assembly.ll line: 4097
State: 1
Stack: 
	#000004097 in memcpy (=94493031238784, =94493030550368, =99) at libc/string/memcpy.c:29
	#100009108 in __stdio_fwrite (=94493030550368, =99, =94493048477888) at libc/stdio/_fwrite.c:39
	#200007114 in _do_one_spec (=94493048477888, =94493029676800, =94493055204128) at libc/stdio/_vfprintf.c:1817
	#300006187 in vfprintf (=94493048477888, =94493055200720, =94493060471904) at libc/stdio/_vfprintf.c:1919
	#400005702 in vsnprintf (=94493031238784, =99, =94493055200720, =94493060471904) at libc/stdio/vsnprintf.c:64
	#500005624 in snprintf (=94493031238784, =99, =0) at libc/stdio/snprintf.c:25
	#600004219 in CWE122_Heap_Based_Buffer_Overflow__c_CWE806_char_snprintf_01_bad () at ./juliet_testcases/CWE122_Heap_Based_Buffer_Overflow__c_CWE806_char_snprintf_01.c:40
	#700004286 in __klee_posix_wrapped_main (=1, =94493057187024) at ./juliet_testcases/CWE122_Heap_Based_Buffer_Overflow__c_CWE806_char_snprintf_01.c:94
	#800002563 in __user_main (=1, =94493054493824, =94493054493840) at klee_src/runtime/POSIX/klee_init_env.c:245
	#900000471 in __uClibc_main (=1, =94493054493824) at libc/misc/internals/__uClibc_main.c:401
	#1000000637 in main (=1, =94493054493824)
Info: 
	address: 94493031238834
	next: object at 94493029676800 of size 256
		MO31336[256] allocated at vfprintf():  %7 = alloca %struct.ppfs_t.715, align 16
