Error: memory error: out of bound pointer
File: libc/string/memcpy.c
Line: 29
assembly.ll line: 4097
State: 1
Stack: 
	#000004097 in memcpy (=94064091196032, =94064091401280, =99) at libc/string/memcpy.c:29
	#100009122 in __stdio_fwrite (=94064091401280, =99, =94064109241088) at libc/stdio/_fwrite.c:39
	#200007128 in _do_one_spec (=94064109241088, =94064090519296, =94064116038240) at libc/stdio/_vfprintf.c:1817
	#300006201 in vfprintf (=94064109241088, =94064116035088, =94064121823488) at libc/stdio/_vfprintf.c:1919
	#400005716 in vsnprintf (=94064091196032, =100, =94064116035088, =94064121823488) at libc/stdio/vsnprintf.c:64
	#500005638 in snprintf (=94064091196032, =0, =0) at libc/stdio/snprintf.c:25
	#600004226 in CWE122_Heap_Based_Buffer_Overflow__c_CWE805_char_snprintf_31_bad () at ./juliet_testcases/CWE122_Heap_Based_Buffer_Overflow__c_CWE805_char_snprintf_31.c:45
	#700004300 in __klee_posix_wrapped_main (=1, =94064118029616) at ./juliet_testcases/CWE122_Heap_Based_Buffer_Overflow__c_CWE805_char_snprintf_31.c:105
	#800002563 in __user_main (=1, =94064115175168, =94064115175184) at klee_src/runtime/POSIX/klee_init_env.c:245
	#900000471 in __uClibc_main (=1, =94064115175168) at libc/misc/internals/__uClibc_main.c:401
	#1000000637 in main (=1, =94064115175168)
Info: 
	address: 94064091196082
	next: object at 94064090519296 of size 256
		MO31161[256] allocated at vfprintf():  %7 = alloca %struct.ppfs_t.715, align 16
