Error: memory error: out of bound pointer
File: libc/string/strnlen.c
Line: 30
assembly.ll line: 12321
State: 1
Stack: 
	#000012321 in wcsnlen (=94274300237504, =18446744073709551615) at libc/string/strnlen.c:30
	#100010883 in _do_one_spec.307 (=94274299618232, =94274275829248, =94274307023728) at libc/stdio/_vfprintf.c:1702
	#200010027 in vfwprintf (=94274306629056, =94274306974528) at libc/stdio/_vfprintf.c:1919
	#300005998 in wprintf (=0) at libc/stdio/wprintf.c:20
	#400005788 in printWLine (=94274300237504) at io.c:23
	#500004209 in CWE126_Buffer_Overread__CWE170_wchar_t_strncpy_14_bad () at ./juliet_testcases/CWE126_Buffer_Overread__CWE170_wchar_t_strncpy_14.c:35
	#600004292 in __klee_posix_wrapped_main (=1, =94274306941248) at ./juliet_testcases/CWE126_Buffer_Overread__CWE170_wchar_t_strncpy_14.c:113
	#700002564 in __user_main (=1, =94274300747264, =94274300747280) at klee_src/runtime/POSIX/klee_init_env.c:245
	#800000472 in __uClibc_main (=1, =94274300747264) at libc/misc/internals/__uClibc_main.c:401
	#900000638 in main (=1, =94274300747264)
Info: 
	address: 94274300237904
	next: object at 94274275772672 of size 768
		MO286[768] allocated at global:__C_ctype_toupper_data
