Error: memory error: out of bound pointer
File: libc/string/memcpy.c
Line: 29
assembly.ll line: 4097
State: 1
Stack: 
	#000004097 in memcpy (=94390666620416, =94390650447280, =99) at libc/string/memcpy.c:29
	#100009163 in __stdio_fwrite (=94390650447280, =99, =94390661524384) at libc/stdio/_fwrite.c:39
	#200007169 in _do_one_spec (=94390661524384, =94390642929920, =94390673505408) at libc/stdio/_vfprintf.c:1817
	#300006242 in vfprintf (=94390661524384, =94390673501976, =94390674140000) at libc/stdio/_vfprintf.c:1919
	#400005757 in vsnprintf (=94390666620416, =99, =94390673501976, =94390674140000) at libc/stdio/vsnprintf.c:64
	#500005679 in snprintf (=94390666620416, =99, =0) at libc/stdio/snprintf.c:25
	#600004225 in CWE122_Heap_Based_Buffer_Overflow__c_CWE806_char_snprintf_07_bad () at ./juliet_testcases/CWE122_Heap_Based_Buffer_Overflow__c_CWE806_char_snprintf_07.c:49
	#700004341 in __klee_posix_wrapped_main (=1, =94390671392016) at ./juliet_testcases/CWE122_Heap_Based_Buffer_Overflow__c_CWE806_char_snprintf_07.c:133
	#800002563 in __user_main (=1, =94390642564608, =94390642564624) at klee_src/runtime/POSIX/klee_init_env.c:245
	#900000471 in __uClibc_main (=1, =94390642564608) at libc/misc/internals/__uClibc_main.c:401
	#1000000637 in main (=1, =94390642564608)
Info: 
	address: 94390666620466
	next: object at 94390642564608 of size 376
		MO0[376] allocated at main():  tail call fastcc void @__uClibc_main(i32 %0, i8** %1)
