Error: memory error: out of bound pointer
File: libc/string/memcpy.c
Line: 29
assembly.ll line: 4098
State: 1
Stack: 
	#000004098 in memcpy (=94383814062656, =94383807566656, =99) at libc/string/memcpy.c:29
	#100009163 in __stdio_fwrite (=94383807566656, =99, =94383825327456) at libc/stdio/_fwrite.c:39
	#200007169 in _do_one_spec (=94383825327456, =94383806651648, =94383837232056) at libc/stdio/_vfprintf.c:1817
	#300006242 in vfprintf (=94383825327456, =94383837228848, =94383837867008) at libc/stdio/_vfprintf.c:1919
	#400005747 in vsnprintf (=94383814062656, =99, =94383837228848, =94383837867008) at libc/stdio/vsnprintf.c:64
	#500005669 in snprintf (=94383814062656, =99, =0) at libc/stdio/snprintf.c:25
	#600004223 in CWE121_Stack_Based_Buffer_Overflow__CWE806_char_alloca_snprintf_11_bad () at ./juliet_testcases/CWE121_Stack_Based_Buffer_Overflow__CWE806_char_alloca_snprintf_11.c:43
	#700004331 in __klee_posix_wrapped_main (=1, =94383835110736) at ./juliet_testcases/CWE121_Stack_Based_Buffer_Overflow__CWE806_char_alloca_snprintf_11.c:124
	#800002564 in __user_main (=1, =94383806283264, =94383806283280) at klee_src/runtime/POSIX/klee_init_env.c:245
	#900000472 in __uClibc_main (=1, =94383806283264) at libc/misc/internals/__uClibc_main.c:401
	#1000000638 in main (=1, =94383806283264)
Info: 
	address: 94383814062706
	next: object at 94383806283264 of size 376
		MO0[376] allocated at main():  tail call fastcc void @__uClibc_main(i32 %0, i8** %1)
