Error: memory error: out of bound pointer
File: libc/string/memcpy.c
Line: 29
assembly.ll line: 4097
State: 1
Stack: 
	#000004097 in memcpy (=94330958162176, =94330951938544, =99) at libc/string/memcpy.c:29
	#100009136 in __stdio_fwrite (=94330951938544, =99, =94330963002688) at libc/stdio/_fwrite.c:39
	#200007142 in _do_one_spec (=94330963002688, =94330944405248, =94330974960592) at libc/stdio/_vfprintf.c:1817
	#300006215 in vfprintf (=94330963002688, =94330974957160, =94330975725216) at libc/stdio/_vfprintf.c:1919
	#400005730 in vsnprintf (=94330958162176, =99, =94330974957160, =94330975725216) at libc/stdio/vsnprintf.c:64
	#500005652 in snprintf (=94330958162176, =99, =0) at libc/stdio/snprintf.c:25
	#600004218 in CWE121_Stack_Based_Buffer_Overflow__CWE806_char_declare_snprintf_10_bad () at ./juliet_testcases/CWE121_Stack_Based_Buffer_Overflow__CWE806_char_declare_snprintf_10.c:43
	#700004314 in __klee_posix_wrapped_main (=1, =94330972855616) at ./juliet_testcases/CWE121_Stack_Based_Buffer_Overflow__CWE806_char_declare_snprintf_10.c:124
	#800002563 in __user_main (=1, =94330944036352, =94330944036368) at klee_src/runtime/POSIX/klee_init_env.c:245
	#900000471 in __uClibc_main (=1, =94330944036352) at libc/misc/internals/__uClibc_main.c:401
	#1000000637 in main (=1, =94330944036352)
Info: 
	address: 94330958162226
	next: object at 94330944036352 of size 376
		MO0[376] allocated at main():  tail call fastcc void @__uClibc_main(i32 %0, i8** %1)
