Error: memory error: out of bound pointer
File: libc/string/memcpy.c
Line: 29
assembly.ll line: 4097
State: 1
Stack: 
	#000004097 in memcpy (=94280950728960, =94280968132736, =99) at libc/string/memcpy.c:29
	#100009130 in __stdio_fwrite (=94280968132736, =99, =94280968283264) at libc/stdio/_fwrite.c:39
	#200007136 in _do_one_spec (=94280968283264, =94280949612288, =94280980241104) at libc/stdio/_vfprintf.c:1817
	#300006209 in vfprintf (=94280968283264, =94280980237928, =94280980599968) at libc/stdio/_vfprintf.c:1919
	#400005724 in vsnprintf (=94280950728960, =100, =94280980237928, =94280980599968) at libc/stdio/vsnprintf.c:64
	#500005646 in snprintf (=94280950728960, =0, =0) at libc/stdio/snprintf.c:25
	#600004216 in CWE121_Stack_Based_Buffer_Overflow__CWE805_char_alloca_snprintf_15_bad () at ./juliet_testcases/CWE121_Stack_Based_Buffer_Overflow__CWE805_char_alloca_snprintf_15.c:52
	#700004308 in __klee_posix_wrapped_main (=1, =94280978128240) at ./juliet_testcases/CWE121_Stack_Based_Buffer_Overflow__CWE805_char_alloca_snprintf_15.c:144
	#800002563 in __user_main (=1, =94280972813440, =94280972813456) at klee_src/runtime/POSIX/klee_init_env.c:245
	#900000471 in __uClibc_main (=1, =94280972813440) at libc/misc/internals/__uClibc_main.c:401
	#1000000637 in main (=1, =94280972813440)
Info: 
	address: 94280950729010
	next: object at 94280949549312 of size 768
		MO279[768] allocated at global:__C_ctype_tolower_data
