Error: memory error: out of bound pointer
File: libc/string/memcpy.c
Line: 29
assembly.ll line: 4097
State: 1
Stack: 
	#000004097 in memcpy (=94039346146752, =94039349699792, =99) at libc/string/memcpy.c:29
	#100009118 in __stdio_fwrite (=94039349699792, =99, =94039348134176) at libc/stdio/_fwrite.c:39
	#200007124 in _do_one_spec (=94039348134176, =94039329412864, =94039359937400) at libc/stdio/_vfprintf.c:1817
	#300006197 in vfprintf (=94039348134176, =94039359933968, =94039360312000) at libc/stdio/_vfprintf.c:1919
	#400005712 in vsnprintf (=94039346146752, =100, =94039359933968, =94039360312000) at libc/stdio/vsnprintf.c:64
	#500005634 in snprintf (=94039346146752, =0, =0) at libc/stdio/snprintf.c:25
	#600004204 in CWE121_Stack_Based_Buffer_Overflow__CWE805_char_alloca_snprintf_41_badSink (=94039346146752) at ./juliet_testcases/CWE121_Stack_Based_Buffer_Overflow__CWE805_char_alloca_snprintf_41.c:36
	#700004228 in CWE121_Stack_Based_Buffer_Overflow__CWE805_char_alloca_snprintf_41_bad () at ./juliet_testcases/CWE121_Stack_Based_Buffer_Overflow__CWE805_char_alloca_snprintf_41.c:50
	#800004296 in __klee_posix_wrapped_main (=1, =94039355219248) at ./juliet_testcases/CWE121_Stack_Based_Buffer_Overflow__CWE805_char_alloca_snprintf_41.c:107
	#900002563 in __user_main (=1, =94039354071424, =94039354071440) at klee_src/runtime/POSIX/klee_init_env.c:245
	#1000000471 in __uClibc_main (=1, =94039354071424) at libc/misc/internals/__uClibc_main.c:401
	#1100000637 in main (=1, =94039354071424)
Info: 
	address: 94039346146802
	next: object at 94039329387136 of size 125
		MO9[125] allocated at main():  tail call fastcc void @__uClibc_main(i32 %0, i8** %1)
