Error: memory error: out of bound pointer
File: libc/string/memcpy.c
Line: 29
assembly.ll line: 4097
State: 1
Stack: 
	#000004097 in memcpy (=94572543860544, =94572559653216, =99) at libc/string/memcpy.c:29
	#100009136 in __stdio_fwrite (=94572559653216, =99, =94572561658272) at libc/stdio/_fwrite.c:39
	#200007142 in _do_one_spec (=94572561658272, =94572543113984, =94572573719432) at libc/stdio/_vfprintf.c:1817
	#300006215 in vfprintf (=94572561658272, =94572573716000, =94572574085984) at libc/stdio/_vfprintf.c:1919
	#400005730 in vsnprintf (=94572543860544, =100, =94572573716000, =94572574085984) at libc/stdio/vsnprintf.c:64
	#500005652 in snprintf (=94572543860544, =0, =0) at libc/stdio/snprintf.c:25
	#600004218 in CWE121_Stack_Based_Buffer_Overflow__CWE805_char_declare_snprintf_05_bad () at ./juliet_testcases/CWE121_Stack_Based_Buffer_Overflow__CWE805_char_declare_snprintf_05.c:53
	#700004314 in __klee_posix_wrapped_main (=1, =94572571614624) at ./juliet_testcases/CWE121_Stack_Based_Buffer_Overflow__CWE805_char_declare_snprintf_05.c:138
	#800002563 in __user_main (=1, =94572567771904, =94572567771920) at klee_src/runtime/POSIX/klee_init_env.c:245
	#900000471 in __uClibc_main (=1, =94572567771904) at libc/misc/internals/__uClibc_main.c:401
	#1000000637 in main (=1, =94572567771904)
Info: 
	address: 94572543860594
	next: object at 94572543088384 of size 125
		MO9[125] allocated at main():  tail call fastcc void @__uClibc_main(i32 %0, i8** %1)
