Error: memory error: out of bound pointer
File: libc/string/memcpy.c
Line: 29
assembly.ll line: 4097
State: 1
Stack: 
	#000004097 in memcpy (=93862739544320, =93862739153616, =99) at libc/string/memcpy.c:29
	#100009142 in __stdio_fwrite (=93862739153616, =99, =93862756898432) at libc/stdio/_fwrite.c:39
	#200007148 in _do_one_spec (=93862756898432, =93862738238464, =93862768810808) at libc/stdio/_vfprintf.c:1817
	#300006221 in vfprintf (=93862756898432, =93862768807600, =93862769171072) at libc/stdio/_vfprintf.c:1919
	#400005736 in vsnprintf (=93862739544320, =99, =93862768807600, =93862769171072) at libc/stdio/vsnprintf.c:64
	#500005658 in snprintf (=93862739544320, =99, =0) at libc/stdio/snprintf.c:25
	#600004220 in CWE121_Stack_Based_Buffer_Overflow__CWE806_char_alloca_snprintf_14_bad () at ./juliet_testcases/CWE121_Stack_Based_Buffer_Overflow__CWE806_char_alloca_snprintf_14.c:43
	#700004320 in __klee_posix_wrapped_main (=1, =93862766697744) at ./juliet_testcases/CWE121_Stack_Based_Buffer_Overflow__CWE806_char_alloca_snprintf_14.c:124
	#800002563 in __user_main (=1, =93862762882176, =93862762882192) at klee_src/runtime/POSIX/klee_init_env.c:245
	#900000471 in __uClibc_main (=1, =93862762882176) at libc/misc/internals/__uClibc_main.c:401
	#1000000637 in main (=1, =93862762882176)
Info: 
	address: 93862739544370
	next: object at 93862738177792 of size 768
		MO280[768] allocated at global:__C_ctype_toupper_data
