Error: memory error: out of bound pointer
File: libc/string/memcpy.c
Line: 29
assembly.ll line: 4097
State: 1
Stack: 
	#000004097 in memcpy (=93866744881344, =93866744655248, =99) at libc/string/memcpy.c:29
	#100009110 in __stdio_fwrite (=93866744655248, =99, =93866762494240) at libc/stdio/_fwrite.c:39
	#200007116 in _do_one_spec (=93866762494240, =93866743772928, =93866774289088) at libc/stdio/_vfprintf.c:1817
	#300006189 in vfprintf (=93866762494240, =93866774285808, =93866774662016) at libc/stdio/_vfprintf.c:1919
	#400005704 in vsnprintf (=93866744881344, =99, =93866774285808, =93866774662016) at libc/stdio/vsnprintf.c:64
	#500005626 in snprintf (=93866744881344, =99, =0) at libc/stdio/snprintf.c:25
	#600004204 in CWE121_Stack_Based_Buffer_Overflow__CWE806_char_declare_snprintf_41_badSink (=93866744655248) at ./juliet_testcases/CWE121_Stack_Based_Buffer_Overflow__CWE806_char_declare_snprintf_41.c:34
	#700004224 in CWE121_Stack_Based_Buffer_Overflow__CWE806_char_declare_snprintf_41_bad () at ./juliet_testcases/CWE121_Stack_Based_Buffer_Overflow__CWE806_char_declare_snprintf_41.c:47
	#800004288 in __klee_posix_wrapped_main (=1, =93866772192528) at ./juliet_testcases/CWE121_Stack_Based_Buffer_Overflow__CWE806_char_declare_snprintf_41.c:102
	#900002563 in __user_main (=1, =93866768417536, =93866768417552) at klee_src/runtime/POSIX/klee_init_env.c:245
	#1000000471 in __uClibc_main (=1, =93866768417536) at libc/misc/internals/__uClibc_main.c:401
	#1100000637 in main (=1, =93866768417536)
Info: 
	address: 93866744881394
	next: object at 93866743691072 of size 57
		MO200[57] allocated at global:__evoke_link_warning_gets
