Error: memory error: out of bound pointer
File: libc/string/memcpy.c
Line: 29
assembly.ll line: 4099
State: 1
Stack: 
	#000004099 in memcpy (=94847504202368, =94847504203776, =99) at libc/string/memcpy.c:29
	#100009188 in __stdio_fwrite (=94847504203776, =99, =94847521698400) at libc/stdio/_fwrite.c:39
	#200007194 in _do_one_spec (=94847521698400, =94847503062272, =94847533661328) at libc/stdio/_vfprintf.c:1817
	#300006267 in vfprintf (=94847521698400, =94847533658104, =94847534027904) at libc/stdio/_vfprintf.c:1919
	#400005782 in vsnprintf (=94847504202368, =99, =94847533658104, =94847534027904) at libc/stdio/vsnprintf.c:64
	#500005704 in snprintf (=94847504202368, =99, =0) at libc/stdio/snprintf.c:25
	#600004215 in CWE121_Stack_Based_Buffer_Overflow__CWE806_char_alloca_snprintf_22_bad () at ./juliet_testcases/CWE121_Stack_Based_Buffer_Overflow__CWE806_char_alloca_snprintf_22a.c:44
	#700004366 in __klee_posix_wrapped_main (=1, =94847531416928) at ./juliet_testcases/CWE121_Stack_Based_Buffer_Overflow__CWE806_char_alloca_snprintf_22a.c:120
	#800002565 in __user_main (=1, =94847528018688, =94847528018704) at klee_src/runtime/POSIX/klee_init_env.c:245
	#900000473 in __uClibc_main (=1, =94847528018688) at libc/misc/internals/__uClibc_main.c:401
	#1000000639 in main (=1, =94847528018688)
Info: 
	address: 94847504202418
	next: object at 94847502721808 of size 104
		MO266[104] allocated at global:__exe_fs
