Error: memory error: out of bound pointer
File: libc/string/memcpy.c
Line: 29
assembly.ll line: 4097
State: 1
Stack: 
	#000004097 in memcpy (=94766069305856, =94766082147424, =99) at libc/string/memcpy.c:29
	#100009118 in __stdio_fwrite (=94766082147424, =99, =94766074748800) at libc/stdio/_fwrite.c:39
	#200007124 in _do_one_spec (=94766074748800, =94766061860608, =94766092433968) at libc/stdio/_vfprintf.c:1817
	#300006197 in vfprintf (=94766074748800, =94766092430816, =94766092825568) at libc/stdio/_vfprintf.c:1919
	#400005712 in vsnprintf (=94766069305856, =100, =94766092430816, =94766092825568) at libc/stdio/vsnprintf.c:64
	#500005634 in snprintf (=94766069305856, =0, =0) at libc/stdio/snprintf.c:25
	#600004226 in badSink (=94766069305856) at ./juliet_testcases/CWE121_Stack_Based_Buffer_Overflow__CWE805_char_declare_snprintf_44.c:36
	#700004209 in CWE121_Stack_Based_Buffer_Overflow__CWE805_char_declare_snprintf_44_bad () at ./juliet_testcases/CWE121_Stack_Based_Buffer_Overflow__CWE805_char_declare_snprintf_44.c:53
	#800004296 in __klee_posix_wrapped_main (=1, =94766090337568) at ./juliet_testcases/CWE121_Stack_Based_Buffer_Overflow__CWE805_char_declare_snprintf_44.c:110
	#900002563 in __user_main (=1, =94766086516864, =94766086516880) at klee_src/runtime/POSIX/klee_init_env.c:245
	#1000000471 in __uClibc_main (=1, =94766086516864) at libc/misc/internals/__uClibc_main.c:401
	#1100000637 in main (=1, =94766086516864)
Info: 
	address: 94766069305906
	next: object at 94766061860608 of size 256
		MO31206[256] allocated at vfprintf():  %7 = alloca %struct.ppfs_t.715, align 16
