Error: memory error: out of bound pointer
File: libc/string/memcpy.c
Line: 29
assembly.ll line: 4097
State: 1
Stack: 
	#000004097 in memcpy (=94629656565440, =94629674619488, =99) at libc/string/memcpy.c:29
	#100009146 in __stdio_fwrite (=94629674619488, =99, =94629674668928) at libc/stdio/_fwrite.c:39
	#200007152 in _do_one_spec (=94629674668928, =94629656065024, =94629686680336) at libc/stdio/_vfprintf.c:1817
	#300006225 in vfprintf (=94629674668928, =94629686677056, =94629687044736) at libc/stdio/_vfprintf.c:1919
	#400005740 in vsnprintf (=94629656565440, =100, =94629686677056, =94629687044736) at libc/stdio/vsnprintf.c:64
	#500005662 in snprintf (=94629656565440, =0, =0) at libc/stdio/snprintf.c:25
	#600004238 in CWE122_Heap_Based_Buffer_Overflow__c_CWE805_char_snprintf_17_bad () at ./juliet_testcases/CWE122_Heap_Based_Buffer_Overflow__c_CWE805_char_snprintf_17.c:46
	#700004324 in __klee_posix_wrapped_main (=1, =94629684575536) at ./juliet_testcases/CWE122_Heap_Based_Buffer_Overflow__c_CWE805_char_snprintf_17.c:106
	#800002563 in __user_main (=1, =94629680981888, =94629680981904) at klee_src/runtime/POSIX/klee_init_env.c:245
	#900000471 in __uClibc_main (=1, =94629680981888) at libc/misc/internals/__uClibc_main.c:401
	#1000000637 in main (=1, =94629680981888)
Info: 
	address: 94629656565490
	next: object at 94629656004864 of size 768
		MO278[768] allocated at global:__C_ctype_tolower_data
