Error: memory error: out of bound pointer
File: libc/string/memcpy.c
Line: 29
assembly.ll line: 4097
State: 1
Stack: 
	#000004097 in memcpy (=94592981171520, =94592980931504, =99) at libc/string/memcpy.c:29
	#100009142 in __stdio_fwrite (=94592980931504, =99, =94592998724672) at libc/stdio/_fwrite.c:39
	#200007148 in _do_one_spec (=94592998724672, =94592980043264, =94593010580464) at libc/stdio/_vfprintf.c:1817
	#300006221 in vfprintf (=94592998724672, =94593010577032, =94593010937248) at libc/stdio/_vfprintf.c:1919
	#400005736 in vsnprintf (=94592981171520, =100, =94593010577032, =94593010937248) at libc/stdio/vsnprintf.c:64
	#500005658 in snprintf (=94592981171520, =0, =0) at libc/stdio/snprintf.c:25
	#600004218 in CWE122_Heap_Based_Buffer_Overflow__c_CWE805_char_snprintf_04_bad () at ./juliet_testcases/CWE122_Heap_Based_Buffer_Overflow__c_CWE805_char_snprintf_04.c:52
	#700004320 in __klee_posix_wrapped_main (=1, =94593008336192) at ./juliet_testcases/CWE122_Heap_Based_Buffer_Overflow__c_CWE805_char_snprintf_04.c:140
	#800002563 in __user_main (=1, =94593004962560, =94593004962576) at klee_src/runtime/POSIX/klee_init_env.c:245
	#900000471 in __uClibc_main (=1, =94593004962560) at libc/misc/internals/__uClibc_main.c:401
	#1000000637 in main (=1, =94593004962560)
Info: 
	address: 94592981171570
	next: object at 94592979988224 of size 768
		MO280[768] allocated at global:__C_ctype_toupper_data
