Error: memory error: out of bound pointer
File: libc/string/memcpy.c
Line: 29
assembly.ll line: 4097
State: 1
Stack: 
	#000004097 in memcpy (=94119887706880, =94119867305360, =99) at libc/string/memcpy.c:29
	#100009124 in __stdio_fwrite (=94119867305360, =99, =94119885152832) at libc/stdio/_fwrite.c:39
	#200007130 in _do_one_spec (=94119885152832, =94119866433280, =94119896939272) at libc/stdio/_vfprintf.c:1817
	#300006203 in vfprintf (=94119885152832, =94119896936064, =94119897306976) at libc/stdio/_vfprintf.c:1919
	#400005718 in vsnprintf (=94119887706880, =99, =94119896936064, =94119897306976) at libc/stdio/vsnprintf.c:64
	#500005640 in snprintf (=94119887706880, =99, =0) at libc/stdio/snprintf.c:25
	#600004214 in CWE121_Stack_Based_Buffer_Overflow__CWE806_char_alloca_snprintf_03_bad () at ./juliet_testcases/CWE121_Stack_Based_Buffer_Overflow__CWE806_char_alloca_snprintf_03.c:43
	#700004302 in __klee_posix_wrapped_main (=1, =94119892221200) at ./juliet_testcases/CWE121_Stack_Based_Buffer_Overflow__CWE806_char_alloca_snprintf_03.c:124
	#800002563 in __user_main (=1, =94119891090176, =94119891090192) at klee_src/runtime/POSIX/klee_init_env.c:245
	#900000471 in __uClibc_main (=1, =94119891090176) at libc/misc/internals/__uClibc_main.c:401
	#1000000637 in main (=1, =94119891090176)
Info: 
	address: 94119887706930
	next: object at 94119866433280 of size 256
		MO36344[256] allocated at vfprintf():  %7 = alloca %struct.ppfs_t.715, align 16
