Error: memory error: out of bound pointer
File: libc/string/memcpy.c
Line: 29
assembly.ll line: 4098
State: 1
Stack: 
	#000004098 in memcpy (=94904959208000, =94904952665792, =99) at libc/string/memcpy.c:29
	#100009169 in __stdio_fwrite (=94904952665792, =99, =94904970585600) at libc/stdio/_fwrite.c:39
	#200007175 in _do_one_spec (=94904970585600, =94904951797248, =94904982363008) at libc/stdio/_vfprintf.c:1817
	#300006248 in vfprintf (=94904970585600, =94904982359832, =94904982721728) at libc/stdio/_vfprintf.c:1919
	#400005753 in vsnprintf (=94904959208000, =100, =94904982359832, =94904982721728) at libc/stdio/vsnprintf.c:64
	#500005675 in snprintf (=94904959208000, =0, =0) at libc/stdio/snprintf.c:25
	#600004225 in CWE121_Stack_Based_Buffer_Overflow__CWE805_char_alloca_snprintf_11_bad () at ./juliet_testcases/CWE121_Stack_Based_Buffer_Overflow__CWE805_char_alloca_snprintf_11.c:46
	#700004337 in __klee_posix_wrapped_main (=1, =94904980241840) at ./juliet_testcases/CWE121_Stack_Based_Buffer_Overflow__CWE805_char_alloca_snprintf_11.c:131
	#800002564 in __user_main (=1, =94904976726784, =94904976726800) at klee_src/runtime/POSIX/klee_init_env.c:245
	#900000472 in __uClibc_main (=1, =94904976726784) at libc/misc/internals/__uClibc_main.c:401
	#1000000638 in main (=1, =94904976726784)
Info: 
	address: 94904959208050
	next: object at 94904951774336 of size 125
		MO9[125] allocated at main():  tail call fastcc void @__uClibc_main(i32 %0, i8** %1)
