Error: memory error: out of bound pointer
File: libc/string/memcpy.c
Line: 29
assembly.ll line: 4097
State: 1
Stack: 
	#000004097 in memcpy (=94015548590016, =94015571162816, =99) at libc/string/memcpy.c:29
	#100009116 in __stdio_fwrite (=94015571162816, =99, =94015566138848) at libc/stdio/_fwrite.c:39
	#200007122 in _do_one_spec (=94015566138848, =94015547480320, =94015578102344) at libc/stdio/_vfprintf.c:1817
	#300006195 in vfprintf (=94015566138848, =94015578099192, =94015578948128) at libc/stdio/_vfprintf.c:1919
	#400005710 in vsnprintf (=94015548590016, =100, =94015578099192, =94015578948128) at libc/stdio/vsnprintf.c:64
	#500005632 in snprintf (=94015548590016, =0, =0) at libc/stdio/snprintf.c:25
	#600004223 in CWE122_Heap_Based_Buffer_Overflow__c_CWE805_char_snprintf_65b_badSink (=94015548590016) at ./juliet_testcases/CWE122_Heap_Based_Buffer_Overflow__c_CWE805_char_snprintf_65b.c:36
	#700004206 in CWE122_Heap_Based_Buffer_Overflow__c_CWE805_char_snprintf_65_bad () at ./juliet_testcases/CWE122_Heap_Based_Buffer_Overflow__c_CWE805_char_snprintf_65a.c:42
	#800004294 in __klee_posix_wrapped_main (=1, =94015576005824) at ./juliet_testcases/CWE122_Heap_Based_Buffer_Overflow__c_CWE805_char_snprintf_65a.c:89
	#900002563 in __user_main (=1, =94015570697728, =94015570697744) at klee_src/runtime/POSIX/klee_init_env.c:245
	#1000000471 in __uClibc_main (=1, =94015570697728) at libc/misc/internals/__uClibc_main.c:401
	#1100000637 in main (=1, =94015570697728)
Info: 
	address: 94015548590066
	next: object at 94015547418880 of size 768
		MO281[768] allocated at global:__C_ctype_tolower_data
