Error: memory error: out of bound pointer
File: libc/string/memcpy.c
Line: 29
assembly.ll line: 4097
State: 1
Stack: 
	#000004097 in memcpy (=94077657322816, =94077657621824, =99) at libc/string/memcpy.c:29
	#100009126 in __stdio_fwrite (=94077657621824, =99, =94077674869824) at libc/stdio/_fwrite.c:39
	#200007132 in _do_one_spec (=94077674869824, =94077656201472, =94077686799032) at libc/stdio/_vfprintf.c:1817
	#300006205 in vfprintf (=94077674869824, =94077686795824, =94077687547488) at libc/stdio/_vfprintf.c:1919
	#400005720 in vsnprintf (=94077657322816, =100, =94077686795824, =94077687547488) at libc/stdio/vsnprintf.c:64
	#500005642 in snprintf (=94077657322816, =0, =0) at libc/stdio/snprintf.c:25
	#600004230 in badSink (=94077657322816) at ./juliet_testcases/CWE121_Stack_Based_Buffer_Overflow__CWE805_char_alloca_snprintf_44.c:36
	#700004213 in CWE121_Stack_Based_Buffer_Overflow__CWE805_char_alloca_snprintf_44_bad () at ./juliet_testcases/CWE121_Stack_Based_Buffer_Overflow__CWE805_char_alloca_snprintf_44.c:53
	#800004304 in __klee_posix_wrapped_main (=1, =94077684694272) at ./juliet_testcases/CWE121_Stack_Based_Buffer_Overflow__CWE805_char_alloca_snprintf_44.c:110
	#900002563 in __user_main (=1, =94077655833728, =94077655833744) at klee_src/runtime/POSIX/klee_init_env.c:245
	#1000000471 in __uClibc_main (=1, =94077655833728) at libc/misc/internals/__uClibc_main.c:401
	#1100000637 in main (=1, =94077655833728)
Info: 
	address: 94077657322866
	next: object at 94077655833728 of size 376
		MO0[376] allocated at main():  tail call fastcc void @__uClibc_main(i32 %0, i8** %1)
