Error: memory error: out of bound pointer
File: libc/string/memcpy.c
Line: 29
assembly.ll line: 4097
State: 1
Stack: 
	#000004097 in memcpy (=94836029031040, =94836012691168, =99) at libc/string/memcpy.c:29
	#100009136 in __stdio_fwrite (=94836012691168, =99, =94836023727840) at libc/stdio/_fwrite.c:39
	#200007142 in _do_one_spec (=94836023727840, =94836005189376, =94836035746512) at libc/stdio/_vfprintf.c:1817
	#300006215 in vfprintf (=94836023727840, =94836035743360, =94836036511296) at libc/stdio/_vfprintf.c:1919
	#400005730 in vsnprintf (=94836029031040, =99, =94836035743360, =94836036511296) at libc/stdio/vsnprintf.c:64
	#500005652 in snprintf (=94836029031040, =99, =0) at libc/stdio/snprintf.c:25
	#600004233 in badSink (=94836012691168) at ./juliet_testcases/CWE122_Heap_Based_Buffer_Overflow__c_CWE806_char_snprintf_44.c:34
	#700004216 in CWE122_Heap_Based_Buffer_Overflow__c_CWE806_char_snprintf_44_bad () at ./juliet_testcases/CWE122_Heap_Based_Buffer_Overflow__c_CWE806_char_snprintf_44.c:51
	#800004314 in __klee_posix_wrapped_main (=1, =94836033641664) at ./juliet_testcases/CWE122_Heap_Based_Buffer_Overflow__c_CWE806_char_snprintf_44.c:107
	#900002563 in __user_main (=1, =94836004822528, =94836004822544) at klee_src/runtime/POSIX/klee_init_env.c:245
	#1000000471 in __uClibc_main (=1, =94836004822528) at libc/misc/internals/__uClibc_main.c:401
	#1100000637 in main (=1, =94836004822528)
Info: 
	address: 94836029031090
	next: object at 94836004822528 of size 376
		MO0[376] allocated at main():  tail call fastcc void @__uClibc_main(i32 %0, i8** %1)
