Error: memory error: out of bound pointer
File: libc/string/strnlen.c
Line: 30
assembly.ll line: 12259
State: 1
Stack: 
	#000012259 in wcsnlen (=94567823226560, =18446744073709551615) at libc/string/strnlen.c:30
	#100010821 in _do_one_spec.302 (=94567822623384, =94567798834944, =94567829963352) at libc/stdio/_vfprintf.c:1702
	#200009965 in vfwprintf (=94567829582368, =94567829926272) at libc/stdio/_vfprintf.c:1919
	#300005936 in wprintf (=0) at libc/stdio/wprintf.c:20
	#400005726 in printWLine (=94567823226560) at io.c:23
	#500004208 in CWE126_Buffer_Overread__CWE170_wchar_t_memcpy_04_bad () at ./juliet_testcases/CWE126_Buffer_Overread__CWE170_wchar_t_memcpy_04.c:39
	#600004280 in __klee_posix_wrapped_main (=1, =94567829889248) at ./juliet_testcases/CWE126_Buffer_Overread__CWE170_wchar_t_memcpy_04.c:113
	#700002564 in __user_main (=1, =94567823478144, =94567823478160) at klee_src/runtime/POSIX/klee_init_env.c:245
	#800000472 in __uClibc_main (=1, =94567823478144) at libc/misc/internals/__uClibc_main.c:401
	#900000638 in main (=1, =94567823478144)
Info: 
	address: 94567823226960
	next: object at 94567798778112 of size 768
		MO285[768] allocated at global:__C_ctype_toupper_data
