Error: memory error: out of bound pointer
File: libc/string/strnlen.c
Line: 30
assembly.ll line: 12303
State: 1
Stack: 
	#000012303 in wcsnlen (=94749551081152, =18446744073709551615) at libc/string/strnlen.c:30
	#100010865 in _do_one_spec.304 (=94749565592504, =94749541875200, =94749572948800) at libc/stdio/_vfprintf.c:1702
	#200010009 in vfwprintf (=94749572561568, =94749572964384) at libc/stdio/_vfprintf.c:1919
	#300005980 in wprintf (=0) at libc/stdio/wprintf.c:20
	#400005770 in printWLine (=94749551081152) at io.c:23
	#500004206 in CWE126_Buffer_Overread__CWE170_wchar_t_strncpy_06_bad () at ./juliet_testcases/CWE126_Buffer_Overread__CWE170_wchar_t_strncpy_06.c:40
	#600004274 in __klee_posix_wrapped_main (=1, =94749572874560) at ./juliet_testcases/CWE126_Buffer_Overread__CWE170_wchar_t_strncpy_06.c:118
	#700002564 in __user_main (=1, =94749566523008, =94749566523024) at klee_src/runtime/POSIX/klee_init_env.c:245
	#800000472 in __uClibc_main (=1, =94749566523008) at libc/misc/internals/__uClibc_main.c:401
	#900000638 in main (=1, =94749566523008)
Info: 
	address: 94749551081552
	next: object at 94749541815552 of size 768
		MO284[768] allocated at global:__C_ctype_tolower_data
