Error: memory error: out of bound pointer
File: libc/string/strnlen.c
Line: 30
assembly.ll line: 12277
State: 1
Stack: 
	#000012277 in wcsnlen (=93999136462528, =18446744073709551615) at libc/string/strnlen.c:30
	#100010839 in _do_one_spec.303 (=93999150621336, =93999126899968, =93999157961352) at libc/stdio/_vfprintf.c:1702
	#200009983 in vfwprintf (=93999157581024, =93999158226336) at libc/stdio/_vfprintf.c:1919
	#300005954 in wprintf (=0) at libc/stdio/wprintf.c:20
	#400005744 in printWLine (=93999136462528) at io.c:23
	#500004211 in CWE126_Buffer_Overread__CWE170_wchar_t_memcpy_05_bad () at ./juliet_testcases/CWE126_Buffer_Overread__CWE170_wchar_t_memcpy_05.c:39
	#600004298 in __klee_posix_wrapped_main (=1, =93999157887200) at ./juliet_testcases/CWE126_Buffer_Overread__CWE170_wchar_t_memcpy_05.c:113
	#700002564 in __user_main (=1, =93999151285376, =93999151285392) at klee_src/runtime/POSIX/klee_init_env.c:245
	#800000472 in __uClibc_main (=1, =93999151285376) at libc/misc/internals/__uClibc_main.c:401
	#900000638 in main (=1, =93999151285376)
Info: 
	address: 93999136462928
	next: object at 93999126876672 of size 114
		MO40[114] allocated at main():  tail call fastcc void @__uClibc_main(i32 %0, i8** %1)
