Error: memory error: out of bound pointer
File: libc/string/memcpy.c
Line: 29
assembly.ll line: 4097
State: 1
Stack: 
	#000004097 in memcpy (=94584101194112, =94584100474592, =99) at libc/string/memcpy.c:29
	#100009118 in __stdio_fwrite (=94584100474592, =99, =94584118295008) at libc/stdio/_fwrite.c:39
	#200007124 in _do_one_spec (=94584118295008, =94584099602176, =94584130198432) at libc/stdio/_vfprintf.c:1817
	#300006197 in vfprintf (=94584118295008, =94584130195000, =94584131060704) at libc/stdio/_vfprintf.c:1919
	#400005712 in vsnprintf (=94584101194112, =99, =94584130195000, =94584131060704) at libc/stdio/vsnprintf.c:64
	#500005634 in snprintf (=94584101194112, =99, =0) at libc/stdio/snprintf.c:25
	#600004212 in CWE121_Stack_Based_Buffer_Overflow__CWE806_char_declare_snprintf_06_bad () at ./juliet_testcases/CWE121_Stack_Based_Buffer_Overflow__CWE806_char_declare_snprintf_06.c:47
	#700004296 in __klee_posix_wrapped_main (=1, =94584128101696) at ./juliet_testcases/CWE121_Stack_Based_Buffer_Overflow__CWE806_char_declare_snprintf_06.c:128
	#800002563 in __user_main (=1, =94584123967744, =94584123967760) at klee_src/runtime/POSIX/klee_init_env.c:245
	#900000471 in __uClibc_main (=1, =94584123967744) at libc/misc/internals/__uClibc_main.c:401
	#1000000637 in main (=1, =94584123967744)
Info: 
	address: 94584101194162
	next: object at 94584099575168 of size 128
		MO287[128] allocated at global:randtbl
