Error: memory error: out of bound pointer
File: libc/string/memcpy.c
Line: 29
assembly.ll line: 4097
State: 1
Stack: 
	#000004097 in memcpy (=94072048054592, =94072025149488, =99) at libc/string/memcpy.c:29
	#100009130 in __stdio_fwrite (=94072025149488, =99, =94072041369152) at libc/stdio/_fwrite.c:39
	#200007136 in _do_one_spec (=94072041369152, =94072024266496, =94072049785552) at libc/stdio/_vfprintf.c:1817
	#300006209 in vfprintf (=94072041369152, =94072049782376, =94072055043232) at libc/stdio/_vfprintf.c:1919
	#400005724 in vsnprintf (=94072048054592, =100, =94072049782376, =94072055043232) at libc/stdio/vsnprintf.c:64
	#500005646 in snprintf (=94072048054592, =0, =0) at libc/stdio/snprintf.c:25
	#600004216 in CWE121_Stack_Based_Buffer_Overflow__CWE805_char_alloca_snprintf_04_bad () at ./juliet_testcases/CWE121_Stack_Based_Buffer_Overflow__CWE805_char_alloca_snprintf_04.c:53
	#700004308 in __klee_posix_wrapped_main (=1, =94072051752304) at ./juliet_testcases/CWE121_Stack_Based_Buffer_Overflow__CWE805_char_alloca_snprintf_04.c:138
	#800002563 in __user_main (=1, =94072048705536, =94072048705552) at klee_src/runtime/POSIX/klee_init_env.c:245
	#900000471 in __uClibc_main (=1, =94072048705536) at libc/misc/internals/__uClibc_main.c:401
	#1000000637 in main (=1, =94072048705536)
Info: 
	address: 94072048054642
	next: object at 94072024241536 of size 125
		MO9[125] allocated at main():  tail call fastcc void @__uClibc_main(i32 %0, i8** %1)
