Error: memory error: out of bound pointer
File: libc/string/memcpy.c
Line: 29
assembly.ll line: 4097
State: 1
Stack: 
	#000004097 in memcpy (=94635069249152, =94635062460288, =99) at libc/string/memcpy.c:29
	#100009144 in __stdio_fwrite (=94635062460288, =99, =94635080637376) at libc/stdio/_fwrite.c:39
	#200007150 in _do_one_spec (=94635080637376, =94635061802752, =94635092417352) at libc/stdio/_vfprintf.c:1817
	#300006223 in vfprintf (=94635080637376, =94635092414144, =94635093058560) at libc/stdio/_vfprintf.c:1919
	#400005738 in vsnprintf (=94635069249152, =100, =94635092414144, =94635093058560) at libc/stdio/vsnprintf.c:64
	#500005660 in snprintf (=94635069249152, =0, =0) at libc/stdio/snprintf.c:25
	#600004237 in CWE122_Heap_Based_Buffer_Overflow__c_CWE805_char_snprintf_32_bad () at ./juliet_testcases/CWE122_Heap_Based_Buffer_Overflow__c_CWE805_char_snprintf_32.c:50
	#700004322 in __klee_posix_wrapped_main (=1, =94635089313136) at ./juliet_testcases/CWE122_Heap_Based_Buffer_Overflow__c_CWE805_char_snprintf_32.c:115
	#800002563 in __user_main (=1, =94635086462464, =94635086462480) at klee_src/runtime/POSIX/klee_init_env.c:245
	#900000471 in __uClibc_main (=1, =94635086462464) at libc/misc/internals/__uClibc_main.c:401
	#1000000637 in main (=1, =94635086462464)
Info: 
	address: 94635069249202
	next: object at 94635061779072 of size 128
		MO285[128] allocated at global:randtbl
