Error: memory error: out of bound pointer
File: libc/string/strnlen.c
Line: 30
assembly.ll line: 12328
State: 1
Stack: 
	#000012328 in wcsnlen (=94180532844224, =18446744073709551615) at libc/string/strnlen.c:30
	#100010890 in _do_one_spec.302 (=94180545350840, =94180521643008, =94180552786752) at libc/stdio/_vfprintf.c:1702
	#200010034 in vfwprintf (=94180552409920, =94180552742496) at libc/stdio/_vfprintf.c:1919
	#300006005 in wprintf (=0) at libc/stdio/wprintf.c:20
	#400005795 in printWLine (=94180532844224) at io.c:23
	#500004231 in CWE126_Buffer_Overread__CWE170_wchar_t_loop_03_bad () at ./juliet_testcases/CWE126_Buffer_Overread__CWE170_wchar_t_loop_03.c:37
	#600004349 in __klee_posix_wrapped_main (=1, =94180552704368) at ./juliet_testcases/CWE126_Buffer_Overread__CWE170_wchar_t_loop_03.c:119
	#700002564 in __user_main (=1, =94180546001664, =94180546001680) at klee_src/runtime/POSIX/klee_init_env.c:245
	#800000472 in __uClibc_main (=1, =94180546001664) at libc/misc/internals/__uClibc_main.c:401
	#900000638 in main (=1, =94180546001664)
Info: 
	address: 94180532844624
	next: object at 94180521607648 of size 231
		MO42[231] allocated at main():  tail call fastcc void @__uClibc_main(i32 %0, i8** %1)
