Error: memory error: out of bound pointer
File: libc/string/memcpy.c
Line: 29
assembly.ll line: 4097
State: 1
Stack: 
	#000004097 in memcpy (=94195185189760, =94195162710240, =99) at libc/string/memcpy.c:29
	#100009132 in __stdio_fwrite (=94195162710240, =99, =94195161374016) at libc/stdio/_fwrite.c:39
	#200007138 in _do_one_spec (=94195161374016, =94195161347840, =94195191905232) at libc/stdio/_vfprintf.c:1817
	#300006211 in vfprintf (=94195161374016, =94195191901824, =94195192269184) at libc/stdio/_vfprintf.c:1919
	#400005726 in vsnprintf (=94195185189760, =99, =94195191901824, =94195192269184) at libc/stdio/vsnprintf.c:64
	#500005648 in snprintf (=94195185189760, =99, =0) at libc/stdio/snprintf.c:25
	#600004217 in CWE122_Heap_Based_Buffer_Overflow__c_CWE806_char_snprintf_42_bad () at ./juliet_testcases/CWE122_Heap_Based_Buffer_Overflow__c_CWE806_char_snprintf_42.c:46
	#700004310 in __klee_posix_wrapped_main (=1, =94195189800176) at ./juliet_testcases/CWE122_Heap_Based_Buffer_Overflow__c_CWE806_char_snprintf_42.c:106
	#800002563 in __user_main (=1, =94195160980992, =94195160981008) at klee_src/runtime/POSIX/klee_init_env.c:245
	#900000471 in __uClibc_main (=1, =94195160980992) at libc/misc/internals/__uClibc_main.c:401
	#1000000637 in main (=1, =94195160980992)
Info: 
	address: 94195185189810
	next: object at 94195160980992 of size 376
		MO0[376] allocated at main():  tail call fastcc void @__uClibc_main(i32 %0, i8** %1)
