Error: memory error: out of bound pointer
File: libc/string/strnlen.c
Line: 30
assembly.ll line: 12290
State: 1
Stack: 
	#000012290 in wcsnlen (=94405053249216, =18446744073709551615) at libc/string/strnlen.c:30
	#100010852 in _do_one_spec.303 (=94405067408024, =94405043686656, =94405074772720) at libc/stdio/_vfprintf.c:1702
	#200009996 in vfwprintf (=94405074384800, =94405075030112) at libc/stdio/_vfprintf.c:1919
	#300005967 in wprintf (=0) at libc/stdio/wprintf.c:20
	#400005757 in printWLine (=94405053249216) at io.c:23
	#500004212 in CWE126_Buffer_Overread__CWE170_wchar_t_memcpy_08_bad () at ./juliet_testcases/CWE126_Buffer_Overread__CWE170_wchar_t_memcpy_08.c:46
	#600004311 in __klee_posix_wrapped_main (=1, =94405074690288) at ./juliet_testcases/CWE126_Buffer_Overread__CWE170_wchar_t_memcpy_08.c:120
	#700002564 in __user_main (=1, =94405068512768, =94405068512784) at klee_src/runtime/POSIX/klee_init_env.c:245
	#800000472 in __uClibc_main (=1, =94405068512768) at libc/misc/internals/__uClibc_main.c:401
	#900000638 in main (=1, =94405068512768)
Info: 
	address: 94405053249616
	next: object at 94405043663360 of size 114
		MO40[114] allocated at main():  tail call fastcc void @__uClibc_main(i32 %0, i8** %1)
