Error: memory error: out of bound pointer
File: libc/string/memcpy.c
Line: 29
assembly.ll line: 4099
State: 1
Stack: 
	#000004099 in memcpy (=94020526358144, =94020548892800, =99) at libc/string/memcpy.c:29
	#100009132 in __stdio_fwrite (=94020548892800, =99, =94020538106528) at libc/stdio/_fwrite.c:39
	#200007138 in _do_one_spec (=94020538106528, =94020525209344, =94020555750296) at libc/stdio/_vfprintf.c:1817
	#300006211 in vfprintf (=94020538106528, =94020555746888, =94020556113600) at libc/stdio/_vfprintf.c:1919
	#400005726 in vsnprintf (=94020526358144, =100, =94020555746888, =94020556113600) at libc/stdio/vsnprintf.c:64
	#500005648 in snprintf (=94020526358144, =0, =0) at libc/stdio/snprintf.c:25
	#600004232 in badSink () at ./juliet_testcases/CWE122_Heap_Based_Buffer_Overflow__c_CWE805_char_snprintf_45.c:40
	#700004214 in CWE122_Heap_Based_Buffer_Overflow__c_CWE805_char_snprintf_45_bad () at ./juliet_testcases/CWE122_Heap_Based_Buffer_Overflow__c_CWE805_char_snprintf_45.c:55
	#800004310 in __klee_posix_wrapped_main (=1, =94020553645328) at ./juliet_testcases/CWE122_Heap_Based_Buffer_Overflow__c_CWE805_char_snprintf_45.c:114
	#900002565 in __user_main (=1, =94020549863296, =94020549863312) at klee_src/runtime/POSIX/klee_init_env.c:245
	#1000000473 in __uClibc_main (=1, =94020549863296) at libc/misc/internals/__uClibc_main.c:401
	#1100000639 in main (=1, =94020549863296)
Info: 
	address: 94020526358194
	next: object at 94020525209344 of size 256
		MO31168[256] allocated at vfprintf():  %7 = alloca %struct.ppfs_t.715, align 16
