Error: memory error: out of bound pointer
File: libc/string/memcpy.c
Line: 29
assembly.ll line: 4098
State: 1
Stack: 
	#000004098 in memcpy (=94917246408576, =94917234134192, =99) at libc/string/memcpy.c:29
	#100009111 in __stdio_fwrite (=94917234134192, =99, =94917252193696) at libc/stdio/_fwrite.c:39
	#200007117 in _do_one_spec (=94917252193696, =94917233587968, =94917264128592) at libc/stdio/_vfprintf.c:1817
	#300006190 in vfprintf (=94917252193696, =94917264125440, =94917264503488) at libc/stdio/_vfprintf.c:1919
	#400005705 in vsnprintf (=94917246408576, =99, =94917264125440, =94917264503488) at libc/stdio/vsnprintf.c:64
	#500005627 in snprintf (=94917246408576, =99, =0) at libc/stdio/snprintf.c:25
	#600004223 in CWE121_Stack_Based_Buffer_Overflow__CWE806_char_declare_snprintf_34_bad () at ./juliet_testcases/CWE121_Stack_Based_Buffer_Overflow__CWE806_char_declare_snprintf_34.c:50
	#700004289 in __klee_posix_wrapped_main (=1, =94917262032176) at ./juliet_testcases/CWE121_Stack_Based_Buffer_Overflow__CWE806_char_declare_snprintf_34.c:107
	#800002564 in __user_main (=1, =94917233220736, =94917233220752) at klee_src/runtime/POSIX/klee_init_env.c:245
	#900000472 in __uClibc_main (=1, =94917233220736) at libc/misc/internals/__uClibc_main.c:401
	#1000000638 in main (=1, =94917233220736)
Info: 
	address: 94917246408626
	next: object at 94917233220736 of size 376
		MO0[376] allocated at main():  tail call fastcc void @__uClibc_main(i32 %0, i8** %1)
