Error: memory error: out of bound pointer
File: libc/string/strnlen.c
Line: 30
assembly.ll line: 12294
State: 1
Stack: 
	#000012294 in wcsnlen (=94326547314368, =18446744073709551615) at libc/string/strnlen.c:30
	#100010856 in _do_one_spec.302 (=94326569493432, =94326545776384, =94326576866008) at libc/stdio/_vfprintf.c:1702
	#200010000 in vfwprintf (=94326576485440, =94326576830592) at libc/stdio/_vfprintf.c:1919
	#300005971 in wprintf (=0) at libc/stdio/wprintf.c:20
	#400005761 in printWLine (=94326547314368) at io.c:23
	#500004209 in CWE126_Buffer_Overread__CWE170_wchar_t_strncpy_16_bad () at ./juliet_testcases/CWE126_Buffer_Overread__CWE170_wchar_t_strncpy_16.c:35
	#600004265 in __klee_posix_wrapped_main (=1, =94326576791792) at ./juliet_testcases/CWE126_Buffer_Overread__CWE170_wchar_t_strncpy_16.c:90
	#700002564 in __user_main (=1, =94326570146560, =94326570146576) at klee_src/runtime/POSIX/klee_init_env.c:245
	#800000472 in __uClibc_main (=1, =94326570146560) at libc/misc/internals/__uClibc_main.c:401
	#900000638 in main (=1, =94326570146560)
Info: 
	address: 94326547314768
	next: object at 94326545703488 of size 57
		MO239[57] allocated at global:.str.19.45
