Error: memory error: out of bound pointer
File: libc/string/memcpy.c
Line: 29
assembly.ll line: 4099
State: 1
Stack: 
	#000004099 in memcpy (=94211931844928, =94211928286416, =99) at libc/string/memcpy.c:29
	#100009116 in __stdio_fwrite (=94211928286416, =99, =94211926720704) at libc/stdio/_fwrite.c:39
	#200007122 in _do_one_spec (=94211926720704, =94211908000000, =94211938573008) at libc/stdio/_vfprintf.c:1817
	#300006195 in vfprintf (=94211926720704, =94211938569704, =94211938944704) at libc/stdio/_vfprintf.c:1919
	#400005710 in vsnprintf (=94211931844928, =100, =94211938569704, =94211938944704) at libc/stdio/vsnprintf.c:64
	#500005632 in snprintf (=94211931844928, =0, =0) at libc/stdio/snprintf.c:25
	#600004226 in badSink () at ./juliet_testcases/CWE121_Stack_Based_Buffer_Overflow__CWE805_char_declare_snprintf_45.c:40
	#700004208 in CWE121_Stack_Based_Buffer_Overflow__CWE805_char_declare_snprintf_45_bad () at ./juliet_testcases/CWE121_Stack_Based_Buffer_Overflow__CWE805_char_declare_snprintf_45.c:55
	#800004294 in __klee_posix_wrapped_main (=1, =94211936476496) at ./juliet_testcases/CWE121_Stack_Based_Buffer_Overflow__CWE805_char_declare_snprintf_45.c:113
	#900002565 in __user_main (=1, =94211907632640, =94211907632656) at klee_src/runtime/POSIX/klee_init_env.c:245
	#1000000473 in __uClibc_main (=1, =94211907632640) at libc/misc/internals/__uClibc_main.c:401
	#1100000639 in main (=1, =94211907632640)
Info: 
	address: 94211931844978
	next: object at 94211907632640 of size 376
		MO0[376] allocated at main():  tail call fastcc void @__uClibc_main(i32 %0, i8** %1)
