Error: memory error: out of bound pointer
File: libc/string/strnlen.c
Line: 30
assembly.ll line: 12279
State: 1
Stack: 
	#000012279 in wcsnlen (=210453397552, =18446744073709551615) at libc/string/strnlen.c:30
	#100010841 in _do_one_spec.306 (=93893192925848, =93893169196288, =93893200274152) at libc/stdio/_vfprintf.c:1702
	#200009985 in vfwprintf (=93893199886240, =93893200529088) at libc/stdio/_vfprintf.c:1919
	#300005956 in wprintf (=0) at libc/stdio/wprintf.c:20
	#400005736 in printWLine (=210453397552) at io.c:23
	#500004223 in CWE121_Stack_Based_Buffer_Overflow__wchar_t_type_overrun_memcpy_11_bad () at ./juliet_testcases/CWE121_Stack_Based_Buffer_Overflow__wchar_t_type_overrun_memcpy_11.c:47
	#600004328 in __klee_posix_wrapped_main (=1, =93893200191808) at ./juliet_testcases/CWE121_Stack_Based_Buffer_Overflow__wchar_t_type_overrun_memcpy_11.c:125
	#700002567 in __user_main (=1, =93893194022016, =93893194022032) at klee_src/runtime/POSIX/klee_init_env.c:245
	#800000475 in __uClibc_main (=1, =93893194022016) at libc/misc/internals/__uClibc_main.c:401
	#900000641 in main (=1, =93893194022016)
Info: 
	address: 210453397552
	next: object at 93893169172736 of size 114
		MO41[114] allocated at main():  tail call fastcc void @__uClibc_main(i32 %0, i8** %1)
