Error: memory error: out of bound pointer
File: libc/string/strnlen.c
Line: 30
assembly.ll line: 12271
State: 1
Stack: 
	#000012271 in wcsnlen (=210453397552, =18446744073709551615) at libc/string/strnlen.c:30
	#100010833 in _do_one_spec.302 (=94330182304408, =94330158574848, =94330189660880) at libc/stdio/_vfprintf.c:1702
	#200009977 in vfwprintf (=94330189280896, =94330189922720) at libc/stdio/_vfprintf.c:1919
	#300005948 in wprintf (=0) at libc/stdio/wprintf.c:20
	#400005738 in printWLine (=210453397552) at io.c:23
	#500004221 in CWE121_Stack_Based_Buffer_Overflow__wchar_t_type_overrun_memmove_08_bad () at ./juliet_testcases/CWE121_Stack_Based_Buffer_Overflow__wchar_t_type_overrun_memmove_08.c:60
	#600004330 in __klee_posix_wrapped_main (=1, =94330189586704) at ./juliet_testcases/CWE121_Stack_Based_Buffer_Overflow__wchar_t_type_overrun_memmove_08.c:138
	#700002566 in __user_main (=1, =94330183394048, =94330183394064) at klee_src/runtime/POSIX/klee_init_env.c:245
	#800000474 in __uClibc_main (=1, =94330183394048) at libc/misc/internals/__uClibc_main.c:401
	#900000640 in main (=1, =94330183394048)
Info: 
	address: 210453397552
	next: object at 94330158551296 of size 114
		MO40[114] allocated at main():  tail call fastcc void @__uClibc_main(i32 %0, i8** %1)
