Error: memory error: out of bound pointer
File: libc/string/memcpy.c
Line: 29
assembly.ll line: 4097
State: 1
Stack: 
	#000004097 in memcpy (=94002591151680, =94002568290528, =99) at libc/string/memcpy.c:29
	#100009128 in __stdio_fwrite (=94002568290528, =99, =94002586106528) at libc/stdio/_fwrite.c:39
	#200007134 in _do_one_spec (=94002586106528, =94002567419648, =94002598066968) at libc/stdio/_vfprintf.c:1817
	#300006207 in vfprintf (=94002586106528, =94002598063760, =94002598774656) at libc/stdio/_vfprintf.c:1919
	#400005722 in vsnprintf (=94002591151680, =99, =94002598063760, =94002598774656) at libc/stdio/vsnprintf.c:64
	#500005644 in snprintf (=94002591151680, =99, =0) at libc/stdio/snprintf.c:25
	#600004231 in CWE121_Stack_Based_Buffer_Overflow__CWE806_char_declare_snprintf_32_bad () at ./juliet_testcases/CWE121_Stack_Based_Buffer_Overflow__CWE806_char_declare_snprintf_32.c:48
	#700004306 in __klee_posix_wrapped_main (=1, =94002595954032) at ./juliet_testcases/CWE121_Stack_Based_Buffer_Overflow__CWE806_char_declare_snprintf_32.c:109
	#800002563 in __user_main (=1, =94002592242432, =94002592242448) at klee_src/runtime/POSIX/klee_init_env.c:245
	#900000471 in __uClibc_main (=1, =94002592242432) at libc/misc/internals/__uClibc_main.c:401
	#1000000637 in main (=1, =94002592242432)
Info: 
	address: 94002591151730
	next: object at 94002567394304 of size 128
		MO285[128] allocated at global:randtbl
