Error: memory error: out of bound pointer
File: libc/string/memcpy.c
Line: 29
assembly.ll line: 4097
State: 1
Stack: 
	#000004097 in memcpy (=94311678191296, =94311671666032, =99) at libc/string/memcpy.c:29
	#100009130 in __stdio_fwrite (=94311671666032, =99, =94311689448160) at libc/stdio/_fwrite.c:39
	#200007136 in _do_one_spec (=94311689448160, =94311670783232, =94311701371600) at libc/stdio/_vfprintf.c:1817
	#300006209 in vfprintf (=94311689448160, =94311701368424, =94311701730464) at libc/stdio/_vfprintf.c:1919
	#400005724 in vsnprintf (=94311678191296, =100, =94311701368424, =94311701730464) at libc/stdio/vsnprintf.c:64
	#500005646 in snprintf (=94311678191296, =0, =0) at libc/stdio/snprintf.c:25
	#600004216 in CWE121_Stack_Based_Buffer_Overflow__CWE805_char_alloca_snprintf_02_bad () at ./juliet_testcases/CWE121_Stack_Based_Buffer_Overflow__CWE805_char_alloca_snprintf_02.c:46
	#700004308 in __klee_posix_wrapped_main (=1, =94311699258736) at ./juliet_testcases/CWE121_Stack_Based_Buffer_Overflow__CWE805_char_alloca_snprintf_02.c:131
	#800002563 in __user_main (=1, =94311695688064, =94311695688080) at klee_src/runtime/POSIX/klee_init_env.c:245
	#900000471 in __uClibc_main (=1, =94311695688064) at libc/misc/internals/__uClibc_main.c:401
	#1000000637 in main (=1, =94311695688064)
Info: 
	address: 94311678191346
	next: object at 94311670756736 of size 125
		MO9[125] allocated at main():  tail call fastcc void @__uClibc_main(i32 %0, i8** %1)
