Error: memory error: out of bound pointer
File: libc/string/strnlen.c
Line: 30
assembly.ll line: 12303
State: 1
Stack: 
	#000012303 in wcsnlen (=94793292830400, =18446744073709551615) at libc/string/strnlen.c:30
	#100010865 in _do_one_spec.304 (=94793292227512, =94793268438528, =94793299583808) at libc/stdio/_vfprintf.c:1702
	#200010009 in vfwprintf (=94793299204768, =94793299599392) at libc/stdio/_vfprintf.c:1919
	#300005980 in wprintf (=0) at libc/stdio/wprintf.c:20
	#400005770 in printWLine (=94793292830400) at io.c:23
	#500004206 in CWE126_Buffer_Overread__CWE170_wchar_t_strncpy_15_bad () at ./juliet_testcases/CWE126_Buffer_Overread__CWE170_wchar_t_strncpy_15.c:36
	#600004274 in __klee_posix_wrapped_main (=1, =94793299517760) at ./juliet_testcases/CWE126_Buffer_Overread__CWE170_wchar_t_strncpy_15.c:126
	#700002564 in __user_main (=1, =94793293085056, =94793293085072) at klee_src/runtime/POSIX/klee_init_env.c:245
	#800000472 in __uClibc_main (=1, =94793293085056) at libc/misc/internals/__uClibc_main.c:401
	#900000638 in main (=1, =94793293085056)
Info: 
	address: 94793292830800
	next: object at 94793268381952 of size 768
		MO285[768] allocated at global:__C_ctype_toupper_data
