Error: memory error: out of bound pointer
File: libc/string/memcpy.c
Line: 29
assembly.ll line: 4097
State: 1
Stack: 
	#000004097 in memcpy (=94349890671360, =94349867716208, =99) at libc/string/memcpy.c:29
	#100009130 in __stdio_fwrite (=94349867716208, =99, =94349885547552) at libc/stdio/_fwrite.c:39
	#200007136 in _do_one_spec (=94349885547552, =94349866825472, =94349892336304) at libc/stdio/_vfprintf.c:1817
	#300006209 in vfprintf (=94349885547552, =94349892333024, =94349897577280) at libc/stdio/_vfprintf.c:1919
	#400005724 in vsnprintf (=94349890671360, =100, =94349892333024, =94349897577280) at libc/stdio/vsnprintf.c:64
	#500005646 in snprintf (=94349890671360, =0, =0) at libc/stdio/snprintf.c:25
	#600004232 in CWE121_Stack_Based_Buffer_Overflow__CWE805_char_declare_snprintf_17_bad () at ./juliet_testcases/CWE121_Stack_Based_Buffer_Overflow__CWE805_char_declare_snprintf_17.c:47
	#700004308 in __klee_posix_wrapped_main (=1, =94349894311280) at ./juliet_testcases/CWE121_Stack_Based_Buffer_Overflow__CWE805_char_declare_snprintf_17.c:105
	#800002563 in __user_main (=1, =94349891480576, =94349891480592) at klee_src/runtime/POSIX/klee_init_env.c:245
	#900000471 in __uClibc_main (=1, =94349891480576) at libc/misc/internals/__uClibc_main.c:401
	#1000000637 in main (=1, =94349891480576)
Info: 
	address: 94349890671410
	next: object at 94349866800000 of size 125
		MO9[125] allocated at main():  tail call fastcc void @__uClibc_main(i32 %0, i8** %1)
