Error: memory error: out of bound pointer
File: libc/string/memcpy.c
Line: 29
assembly.ll line: 4097
State: 1
Stack: 
	#000004097 in memcpy (=94069057247488, =94069058940080, =99) at libc/string/memcpy.c:29
	#100009148 in __stdio_fwrite (=94069058940080, =99, =94069055578688) at libc/stdio/_fwrite.c:39
	#200007154 in _do_one_spec (=94069055578688, =94069036948992, =94069067553536) at libc/stdio/_vfprintf.c:1817
	#300006227 in vfprintf (=94069055578688, =94069067550360, =94069067913152) at libc/stdio/_vfprintf.c:1919
	#400005742 in vsnprintf (=94069057247488, =100, =94069067550360, =94069067913152) at libc/stdio/vsnprintf.c:64
	#500005664 in snprintf (=94069057247488, =0, =0) at libc/stdio/snprintf.c:25
	#600004222 in CWE121_Stack_Based_Buffer_Overflow__CWE805_char_alloca_snprintf_13_bad () at ./juliet_testcases/CWE121_Stack_Based_Buffer_Overflow__CWE805_char_alloca_snprintf_13.c:46
	#700004326 in __klee_posix_wrapped_main (=1, =94069065440624) at ./juliet_testcases/CWE121_Stack_Based_Buffer_Overflow__CWE805_char_alloca_snprintf_13.c:131
	#800002563 in __user_main (=1, =94069061860096, =94069061860112) at klee_src/runtime/POSIX/klee_init_env.c:245
	#900000471 in __uClibc_main (=1, =94069061860096) at libc/misc/internals/__uClibc_main.c:401
	#1000000637 in main (=1, =94069061860096)
Info: 
	address: 94069057247538
	next: object at 94069036886272 of size 768
		MO279[768] allocated at global:__C_ctype_tolower_data
