Error: memory error: out of bound pointer
File: libc/string/strnlen.c
Line: 30
assembly.ll line: 12322
State: 1
Stack: 
	#000012322 in wcsnlen (=93839829628608, =18446744073709551615) at libc/string/strnlen.c:30
	#100010884 in _do_one_spec.300 (=93839842124440, =93839818393344, =93839849514016) at libc/stdio/_vfprintf.c:1702
	#200010028 in vfwprintf (=93839849119360, =93839849453472) at libc/stdio/_vfprintf.c:1919
	#300005999 in wprintf (=0) at libc/stdio/wprintf.c:20
	#400005789 in printWLine (=93839829628608) at io.c:23
	#500004242 in CWE126_Buffer_Overread__CWE170_wchar_t_loop_17_bad () at ./juliet_testcases/CWE126_Buffer_Overread__CWE170_wchar_t_loop_17.c:38
	#600004343 in __klee_posix_wrapped_main (=1, =93839849431328) at ./juliet_testcases/CWE126_Buffer_Overread__CWE170_wchar_t_loop_17.c:94
	#700002564 in __user_main (=1, =93839843050240, =93839843050256) at klee_src/runtime/POSIX/klee_init_env.c:245
	#800000472 in __uClibc_main (=1, =93839843050240) at libc/misc/internals/__uClibc_main.c:401
	#900000638 in main (=1, =93839843050240)
Info: 
	address: 93839829629008
	next: object at 93839818373504 of size 128
		MO290[128] allocated at global:randtbl
