Error: memory error: out of bound pointer
File: libc/string/memcpy.c
Line: 29
assembly.ll line: 4099
State: 1
Stack: 
	#000004099 in memcpy (=94152772486400, =94152766630304, =99) at libc/string/memcpy.c:29
	#100009188 in __stdio_fwrite (=94152766630304, =99, =94152767340320) at libc/stdio/_fwrite.c:39
	#200007194 in _do_one_spec (=94152767340320, =94152748644864, =94152779283600) at libc/stdio/_vfprintf.c:1817
	#300006267 in vfprintf (=94152767340320, =94152779280368, =94152779650304) at libc/stdio/_vfprintf.c:1919
	#400005782 in vsnprintf (=94152772486400, =99, =94152779280368, =94152779650304) at libc/stdio/vsnprintf.c:64
	#500005704 in snprintf (=94152772486400, =99, =0) at libc/stdio/snprintf.c:25
	#600004215 in CWE121_Stack_Based_Buffer_Overflow__CWE806_char_alloca_snprintf_21_bad () at ./juliet_testcases/CWE121_Stack_Based_Buffer_Overflow__CWE806_char_alloca_snprintf_21.c:53
	#700004366 in __klee_posix_wrapped_main (=1, =94152777170272) at ./juliet_testcases/CWE121_Stack_Based_Buffer_Overflow__CWE806_char_alloca_snprintf_21.c:152
	#800002565 in __user_main (=1, =94152748277248, =94152748277264) at klee_src/runtime/POSIX/klee_init_env.c:245
	#900000473 in __uClibc_main (=1, =94152748277248) at libc/misc/internals/__uClibc_main.c:401
	#1000000639 in main (=1, =94152748277248)
Info: 
	address: 94152772486450
	next: object at 94152748277248 of size 376
		MO0[376] allocated at main():  tail call fastcc void @__uClibc_main(i32 %0, i8** %1)
