Error: memory error: out of bound pointer
File: libc/string/strnlen.c
Line: 30
assembly.ll line: 12248
State: 1
Stack: 
	#000012248 in wcsnlen (=210453397552, =18446744073709551615) at libc/string/strnlen.c:30
	#100010810 in _do_one_spec.299 (=94572372058776, =94572348333312, =94572379423424) at libc/stdio/_vfprintf.c:1702
	#200009954 in vfwprintf (=94572379033920, =94572379776256) at libc/stdio/_vfprintf.c:1919
	#300005925 in wprintf (=0) at libc/stdio/wprintf.c:20
	#400005715 in printWLine (=210453397552) at io.c:23
	#500004235 in CWE122_Heap_Based_Buffer_Overflow__wchar_t_type_overrun_memmove_01_bad () at ./juliet_testcases/CWE122_Heap_Based_Buffer_Overflow__wchar_t_type_overrun_memmove_01.c:45
	#600004307 in __klee_posix_wrapped_main (=1, =94572379332752) at ./juliet_testcases/CWE122_Heap_Based_Buffer_Overflow__wchar_t_type_overrun_memmove_01.c:94
	#700002566 in __user_main (=1, =94572372693120, =94572372693136) at klee_src/runtime/POSIX/klee_init_env.c:245
	#800000474 in __uClibc_main (=1, =94572372693120) at libc/misc/internals/__uClibc_main.c:401
	#900000640 in main (=1, =94572372693120)
Info: 
	address: 210453397552
	next: object at 94572348306560 of size 128
		MO49666[128] allocated at _do_one_spec.299():  %21 = alloca [128 x i8], align 16
