Error: memory error: out of bound pointer
File: libc/string/memcpy.c
Line: 29
assembly.ll line: 4097
State: 1
Stack: 
	#000004097 in memcpy (=94679261397568, =94679280117392, =99) at libc/string/memcpy.c:29
	#100009136 in __stdio_fwrite (=94679280117392, =99, =94679278544288) at libc/stdio/_fwrite.c:39
	#200007142 in _do_one_spec (=94679278544288, =94679259821824, =94679285332872) at libc/stdio/_vfprintf.c:1817
	#300006215 in vfprintf (=94679278544288, =94679285329584, =94679290604704) at libc/stdio/_vfprintf.c:1919
	#400005730 in vsnprintf (=94679261397568, =100, =94679285329584, =94679290604704) at libc/stdio/vsnprintf.c:64
	#500005652 in snprintf (=94679261397568, =0, =0) at libc/stdio/snprintf.c:25
	#600004235 in CWE121_Stack_Based_Buffer_Overflow__CWE805_char_alloca_snprintf_32_bad () at ./juliet_testcases/CWE121_Stack_Based_Buffer_Overflow__CWE805_char_alloca_snprintf_32.c:51
	#700004314 in __klee_posix_wrapped_main (=1, =94679268900240) at ./juliet_testcases/CWE121_Stack_Based_Buffer_Overflow__CWE805_char_alloca_snprintf_32.c:114
	#800002563 in __user_main (=1, =94679284480768, =94679284480784) at klee_src/runtime/POSIX/klee_init_env.c:245
	#900000471 in __uClibc_main (=1, =94679284480768) at libc/misc/internals/__uClibc_main.c:401
	#1000000637 in main (=1, =94679284480768)
Info: 
	address: 94679261397618
	next: object at 94679259798016 of size 125
		MO9[125] allocated at main():  tail call fastcc void @__uClibc_main(i32 %0, i8** %1)
