Error: memory error: out of bound pointer
File: libc/string/memcpy.c
Line: 29
assembly.ll line: 4097
State: 1
Stack: 
	#000004097 in memcpy (=94039431278400, =94039421505584, =99) at libc/string/memcpy.c:29
	#100009160 in __stdio_fwrite (=94039421505584, =99, =94039432459520) at libc/stdio/_fwrite.c:39
	#200007166 in _do_one_spec (=94039432459520, =94039413993216, =94039444560928) at libc/stdio/_vfprintf.c:1817
	#300006239 in vfprintf (=94039432459520, =94039444557496, =94039444918368) at libc/stdio/_vfprintf.c:1919
	#400005754 in vsnprintf (=94039431278400, =100, =94039444557496, =94039444918368) at libc/stdio/vsnprintf.c:64
	#500005676 in snprintf (=94039431278400, =0, =0) at libc/stdio/snprintf.c:25
	#600004224 in CWE122_Heap_Based_Buffer_Overflow__c_CWE805_char_snprintf_10_bad () at ./juliet_testcases/CWE122_Heap_Based_Buffer_Overflow__c_CWE805_char_snprintf_10.c:45
	#700004338 in __klee_posix_wrapped_main (=1, =94039442447680) at ./juliet_testcases/CWE122_Heap_Based_Buffer_Overflow__c_CWE805_char_snprintf_10.c:133
	#800002563 in __user_main (=1, =94039438813824, =94039438813840) at klee_src/runtime/POSIX/klee_init_env.c:245
	#900000471 in __uClibc_main (=1, =94039438813824) at libc/misc/internals/__uClibc_main.c:401
	#1000000637 in main (=1, =94039438813824)
Info: 
	address: 94039431278450
	next: object at 94039413970816 of size 128
		MO286[128] allocated at global:randtbl
