Error: memory error: out of bound pointer
File: libc/string/memcpy.c
Line: 29
assembly.ll line: 4097
State: 1
Stack: 
	#000004097 in memcpy (=94242779299776, =94242756365712, =99) at libc/string/memcpy.c:29
	#100009118 in __stdio_fwrite (=94242756365712, =99, =94242774440704) at libc/stdio/_fwrite.c:39
	#200007124 in _do_one_spec (=94242774440704, =94242755828736, =94242786311072) at libc/stdio/_vfprintf.c:1817
	#300006197 in vfprintf (=94242774440704, =94242786307640, =94242787173344) at libc/stdio/_vfprintf.c:1919
	#400005712 in vsnprintf (=94242779299776, =99, =94242786307640, =94242787173344) at libc/stdio/vsnprintf.c:64
	#500005634 in snprintf (=94242779299776, =99, =0) at libc/stdio/snprintf.c:25
	#600004212 in CWE121_Stack_Based_Buffer_Overflow__CWE806_char_declare_snprintf_04_bad () at ./juliet_testcases/CWE121_Stack_Based_Buffer_Overflow__CWE806_char_declare_snprintf_04.c:50
	#700004296 in __klee_posix_wrapped_main (=1, =94242781617472) at ./juliet_testcases/CWE121_Stack_Based_Buffer_Overflow__CWE806_char_declare_snprintf_04.c:131
	#800002563 in __user_main (=1, =94242780466176, =94242780466192) at klee_src/runtime/POSIX/klee_init_env.c:245
	#900000471 in __uClibc_main (=1, =94242780466176) at libc/misc/internals/__uClibc_main.c:401
	#1000000637 in main (=1, =94242780466176)
Info: 
	address: 94242779299826
	next: object at 94242755768064 of size 768
		MO280[768] allocated at global:__C_ctype_toupper_data
