Error: memory error: out of bound pointer
File: libc/string/memcpy.c
Line: 29
assembly.ll line: 4098
State: 1
Stack: 
	#000004098 in memcpy (=94575720235904, =94575697815296, =99) at libc/string/memcpy.c:29
	#100009135 in __stdio_fwrite (=94575697815296, =99, =94575715013696) at libc/stdio/_fwrite.c:39
	#200007141 in _do_one_spec (=94575715013696, =94575696393984, =94575726975912) at libc/stdio/_vfprintf.c:1817
	#300006214 in vfprintf (=94575715013696, =94575726972480, =94575727624576) at libc/stdio/_vfprintf.c:1919
	#400005729 in vsnprintf (=94575720235904, =100, =94575726972480, =94575727624576) at libc/stdio/vsnprintf.c:64
	#500005651 in snprintf (=94575720235904, =0, =0) at libc/stdio/snprintf.c:25
	#600004235 in CWE121_Stack_Based_Buffer_Overflow__CWE805_char_declare_snprintf_67b_badSink (=94575720235904) at ./juliet_testcases/CWE121_Stack_Based_Buffer_Overflow__CWE805_char_declare_snprintf_67b.c:42
	#700004212 in CWE121_Stack_Based_Buffer_Overflow__CWE805_char_declare_snprintf_67_bad () at ./juliet_testcases/CWE121_Stack_Based_Buffer_Overflow__CWE805_char_declare_snprintf_67a.c:48
	#800004313 in __klee_posix_wrapped_main (=1, =94575724871184) at ./juliet_testcases/CWE121_Stack_Based_Buffer_Overflow__CWE805_char_declare_snprintf_67a.c:97
	#900002564 in __user_main (=1, =94575720769792, =94575720769808) at klee_src/runtime/POSIX/klee_init_env.c:245
	#1000000472 in __uClibc_main (=1, =94575720769792) at libc/misc/internals/__uClibc_main.c:401
	#1100000638 in main (=1, =94575720769792)
Info: 
	address: 94575720235954
	next: object at 94575696368768 of size 125
		MO9[125] allocated at main():  tail call fastcc void @__uClibc_main(i32 %0, i8** %1)
