Error: memory error: out of bound pointer
File: libc/string/memcpy.c
Line: 29
assembly.ll line: 4097
State: 1
Stack: 
	#000004097 in memcpy (=94796722173184, =94796714438032, =99) at libc/string/memcpy.c:29
	#100009130 in __stdio_fwrite (=94796714438032, =99, =94796725502624) at libc/stdio/_fwrite.c:39
	#200007136 in _do_one_spec (=94796725502624, =94796706903808, =94796737469328) at libc/stdio/_vfprintf.c:1817
	#300006209 in vfprintf (=94796725502624, =94796737465920, =94796738322656) at libc/stdio/_vfprintf.c:1919
	#400005724 in vsnprintf (=94796722173184, =100, =94796737465920, =94796738322656) at libc/stdio/vsnprintf.c:64
	#500005646 in snprintf (=94796722173184, =0, =0) at libc/stdio/snprintf.c:25
	#600004207 in CWE122_Heap_Based_Buffer_Overflow__c_CWE805_char_snprintf_42_bad () at ./juliet_testcases/CWE122_Heap_Based_Buffer_Overflow__c_CWE805_char_snprintf_42.c:48
	#700004308 in __klee_posix_wrapped_main (=1, =94796735364368) at ./juliet_testcases/CWE122_Heap_Based_Buffer_Overflow__c_CWE805_char_snprintf_42.c:110
	#800002563 in __user_main (=1, =94796731559680, =94796731559696) at klee_src/runtime/POSIX/klee_init_env.c:245
	#900000471 in __uClibc_main (=1, =94796731559680) at libc/misc/internals/__uClibc_main.c:401
	#1000000637 in main (=1, =94796731559680)
Info: 
	address: 94796722173234
	next: object at 94796706903808 of size 256
		MO31163[256] allocated at vfprintf():  %7 = alloca %struct.ppfs_t.715, align 16
