Error: memory error: out of bound pointer
File: libc/string/memcpy.c
Line: 29
assembly.ll line: 4099
State: 1
Stack: 
	#000004099 in memcpy (=94915696068416, =94915714045520, =99) at libc/string/memcpy.c:29
	#100009206 in __stdio_fwrite (=94915714045520, =99, =94915714017824) at libc/stdio/_fwrite.c:39
	#200007212 in _do_one_spec (=94915714017824, =94915695530496, =94915726155128) at libc/stdio/_vfprintf.c:1817
	#300006285 in vfprintf (=94915714017824, =94915726151680, =94915726520864) at libc/stdio/_vfprintf.c:1919
	#400005800 in vsnprintf (=94915696068416, =100, =94915726151680, =94915726520864) at libc/stdio/vsnprintf.c:64
	#500005722 in snprintf (=94915696068416, =0, =0) at libc/stdio/snprintf.c:25
	#600004210 in CWE122_Heap_Based_Buffer_Overflow__c_CWE805_char_snprintf_22_bad () at ./juliet_testcases/CWE122_Heap_Based_Buffer_Overflow__c_CWE805_char_snprintf_22a.c:45
	#700004384 in __klee_posix_wrapped_main (=1, =94915724041616) at ./juliet_testcases/CWE122_Heap_Based_Buffer_Overflow__c_CWE805_char_snprintf_22a.c:126
	#800002565 in __user_main (=1, =94915695164928, =94915695164944) at klee_src/runtime/POSIX/klee_init_env.c:245
	#900000473 in __uClibc_main (=1, =94915695164928) at libc/misc/internals/__uClibc_main.c:401
	#1000000639 in main (=1, =94915695164928)
Info: 
	address: 94915696068466
	next: object at 94915695164928 of size 376
		MO0[376] allocated at main():  tail call fastcc void @__uClibc_main(i32 %0, i8** %1)
