Error: memory error: out of bound pointer
File: libc/string/strnlen.c
Line: 30
assembly.ll line: 12224
State: 1
Stack: 
	#000012224 in wcsnlen (=210453397552, =18446744073709551615) at libc/string/strnlen.c:30
	#100010786 in _do_one_spec.299 (=94350560404120, =94350536678400, =94350567809416) at libc/stdio/_vfprintf.c:1702
	#200009930 in vfwprintf (=94350567426272, =94350567753792) at libc/stdio/_vfprintf.c:1919
	#300005901 in wprintf (=0) at libc/stdio/wprintf.c:20
	#400005691 in printWLine (=210453397552) at io.c:23
	#500004220 in CWE121_Stack_Based_Buffer_Overflow__wchar_t_type_overrun_memmove_16_bad () at ./juliet_testcases/CWE121_Stack_Based_Buffer_Overflow__wchar_t_type_overrun_memmove_16.c:47
	#600004283 in __klee_posix_wrapped_main (=1, =94350567719024) at ./juliet_testcases/CWE121_Stack_Based_Buffer_Overflow__wchar_t_type_overrun_memmove_16.c:102
	#700002566 in __user_main (=1, =94350561323648, =94350561323664) at klee_src/runtime/POSIX/klee_init_env.c:245
	#800000474 in __uClibc_main (=1, =94350561323648) at libc/misc/internals/__uClibc_main.c:401
	#900000640 in main (=1, =94350561323648)
Info: 
	address: 210453397552
	next: object at 94350536650240 of size 128
		MO49657[128] allocated at _do_one_spec.299():  %21 = alloca [128 x i8], align 16
