Error: memory error: out of bound pointer
File: libc/string/strnlen.c
Line: 30
assembly.ll line: 12386
State: 1
Stack: 
	#000012386 in wcsnlen (=210453397552, =18446744073709551615) at libc/string/strnlen.c:30
	#100010948 in _do_one_spec.301 (=94648438637208, =94648414882816, =94648445970392) at libc/stdio/_vfprintf.c:1702
	#200010092 in vfwprintf (=94648445581120, =94648445922624) at libc/stdio/_vfprintf.c:1919
	#300006056 in wprintf (=0) at libc/stdio/wprintf.c:20
	#400005839 in printWLine (=210453397552) at io.c:23
	#500004241 in CWE122_Heap_Based_Buffer_Overflow__wchar_t_type_overrun_memcpy_12_bad () at ./juliet_testcases/CWE122_Heap_Based_Buffer_Overflow__wchar_t_type_overrun_memcpy_12.c:47
	#600004421 in __klee_posix_wrapped_main (=1, =94648445887072) at ./juliet_testcases/CWE122_Heap_Based_Buffer_Overflow__wchar_t_type_overrun_memcpy_12.c:135
	#700002566 in __user_main (=1, =94648439271552, =94648439271568) at klee_src/runtime/POSIX/klee_init_env.c:245
	#800000474 in __uClibc_main (=1, =94648439271552) at libc/misc/internals/__uClibc_main.c:401
	#900000640 in main (=1, =94648439271552)
Info: 
	address: 210453397552
	next: object at 94648414861696 of size 128
		MO292[128] allocated at global:randtbl
