Error: memory error: out of bound pointer
File: libc/string/memcpy.c
Line: 29
assembly.ll line: 4097
State: 1
Stack: 
	#000004097 in memcpy (=94783833371136, =94783826615856, =99) at libc/string/memcpy.c:29
	#100009102 in __stdio_fwrite (=94783826615856, =99, =94783844652672) at libc/stdio/_fwrite.c:39
	#200007108 in _do_one_spec (=94783844652672, =94783825958656, =94783856589472) at libc/stdio/_vfprintf.c:1817
	#300006181 in vfprintf (=94783844652672, =94783856586064, =94783856950656) at libc/stdio/_vfprintf.c:1919
	#400005696 in vsnprintf (=94783833371136, =100, =94783856586064, =94783856950656) at libc/stdio/vsnprintf.c:64
	#500005618 in snprintf (=94783833371136, =0, =0) at libc/stdio/snprintf.c:25
	#600004218 in CWE121_Stack_Based_Buffer_Overflow__CWE805_char_declare_snprintf_16_bad () at ./juliet_testcases/CWE121_Stack_Based_Buffer_Overflow__CWE805_char_declare_snprintf_16.c:47
	#700004280 in __klee_posix_wrapped_main (=1, =94783854501168) at ./juliet_testcases/CWE121_Stack_Based_Buffer_Overflow__CWE805_char_declare_snprintf_16.c:105
	#800002563 in __user_main (=1, =94783850765824, =94783850765840) at klee_src/runtime/POSIX/klee_init_env.c:245
	#900000471 in __uClibc_main (=1, =94783850765824) at libc/misc/internals/__uClibc_main.c:401
	#1000000637 in main (=1, =94783850765824)
Info: 
	address: 94783833371186
	next: object at 94783825933568 of size 128
		MO33617[128] allocated at _do_one_spec():  %19 = alloca [128 x i8], align 16
