Error: memory error: out of bound pointer
File: libc/string/memcpy.c
Line: 29
assembly.ll line: 4097
State: 1
Stack: 
	#000004097 in memcpy (=93855736407552, =93855742325568, =99) at libc/string/memcpy.c:29
	#100009124 in __stdio_fwrite (=93855742325568, =99, =93855753424640) at libc/stdio/_fwrite.c:39
	#200007130 in _do_one_spec (=93855753424640, =93855734824704, =93855765347080) at libc/stdio/_vfprintf.c:1817
	#300006203 in vfprintf (=93855753424640, =93855765343872, =93855765714784) at libc/stdio/_vfprintf.c:1919
	#400005718 in vsnprintf (=93855736407552, =99, =93855765343872, =93855765714784) at libc/stdio/vsnprintf.c:64
	#500005640 in snprintf (=93855736407552, =99, =0) at libc/stdio/snprintf.c:25
	#600004214 in CWE121_Stack_Based_Buffer_Overflow__CWE806_char_alloca_snprintf_06_bad () at ./juliet_testcases/CWE121_Stack_Based_Buffer_Overflow__CWE806_char_alloca_snprintf_06.c:47
	#700004302 in __klee_posix_wrapped_main (=1, =93855760629008) at ./juliet_testcases/CWE121_Stack_Based_Buffer_Overflow__CWE806_char_alloca_snprintf_06.c:128
	#800002563 in __user_main (=1, =93855759646208, =93855759646224) at klee_src/runtime/POSIX/klee_init_env.c:245
	#900000471 in __uClibc_main (=1, =93855759646208) at libc/misc/internals/__uClibc_main.c:401
	#1000000637 in main (=1, =93855759646208)
Info: 
	address: 93855736407602
	next: object at 93855734796800 of size 125
		MO9[125] allocated at main():  tail call fastcc void @__uClibc_main(i32 %0, i8** %1)
