Error: memory error: out of bound pointer
File: libc/string/memcpy.c
Line: 29
assembly.ll line: 4098
State: 1
Stack: 
	#000004098 in memcpy (=94044609852992, =94044603290208, =99) at libc/string/memcpy.c:29
	#100009127 in __stdio_fwrite (=94044603290208, =99, =94044604359520) at libc/stdio/_fwrite.c:39
	#200007133 in _do_one_spec (=94044604359520, =94044602406656, =94044632955520) at libc/stdio/_vfprintf.c:1817
	#300006206 in vfprintf (=94044604359520, =94044632952368, =94044633319680) at libc/stdio/_vfprintf.c:1919
	#400005721 in vsnprintf (=94044609852992, =100, =94044632952368, =94044633319680) at libc/stdio/vsnprintf.c:64
	#500005643 in snprintf (=94044609852992, =0, =0) at libc/stdio/snprintf.c:25
	#600004229 in CWE122_Heap_Based_Buffer_Overflow__c_CWE805_char_snprintf_34_bad () at ./juliet_testcases/CWE122_Heap_Based_Buffer_Overflow__c_CWE805_char_snprintf_34.c:52
	#700004305 in __klee_posix_wrapped_main (=1, =94044630850864) at ./juliet_testcases/CWE122_Heap_Based_Buffer_Overflow__c_CWE805_char_snprintf_34.c:113
	#800002564 in __user_main (=1, =94044627332096, =94044627332112) at klee_src/runtime/POSIX/klee_init_env.c:245
	#900000472 in __uClibc_main (=1, =94044627332096) at libc/misc/internals/__uClibc_main.c:401
	#1000000638 in main (=1, =94044627332096)
Info: 
	address: 94044609853042
	next: object at 94044602346496 of size 768
		MO279[768] allocated at global:__C_ctype_tolower_data
