Error: memory error: out of bound pointer
File: libc/string/memcpy.c
Line: 29
assembly.ll line: 4097
State: 1
Stack: 
	#000004097 in memcpy (=94539986055616, =94539986449328, =99) at libc/string/memcpy.c:29
	#100009145 in __stdio_fwrite (=94539986449328, =99, =94540004128384) at libc/stdio/_fwrite.c:39
	#200007151 in _do_one_spec (=94540004128384, =94539985531136, =94540016114768) at libc/stdio/_vfprintf.c:1817
	#300006224 in vfprintf (=94540004128384, =94540016111336, =94540016756768) at libc/stdio/_vfprintf.c:1919
	#400005739 in vsnprintf (=94539986055616, =99, =94540016111336, =94540016756768) at libc/stdio/vsnprintf.c:64
	#500005661 in snprintf (=94539986055616, =99, =0) at libc/stdio/snprintf.c:25
	#600004219 in CWE122_Heap_Based_Buffer_Overflow__c_CWE806_char_snprintf_06_bad () at ./juliet_testcases/CWE122_Heap_Based_Buffer_Overflow__c_CWE806_char_snprintf_06.c:47
	#700004323 in __klee_posix_wrapped_main (=1, =94540014001424) at ./juliet_testcases/CWE122_Heap_Based_Buffer_Overflow__c_CWE806_char_snprintf_06.c:131
	#800002563 in __user_main (=1, =94540010455040, =94540010455056) at klee_src/runtime/POSIX/klee_init_env.c:245
	#900000471 in __uClibc_main (=1, =94540010455040) at libc/misc/internals/__uClibc_main.c:401
	#1000000637 in main (=1, =94540010455040)
Info: 
	address: 94539986055666
	next: object at 94539985474816 of size 768
		MO278[768] allocated at global:__C_ctype_b_data
