Error: memory error: out of bound pointer
File: libc/string/memcpy.c
Line: 29
assembly.ll line: 4097
State: 1
Stack: 
	#000004097 in memcpy (=94400307977856, =94400302245968, =99) at libc/string/memcpy.c:29
	#100009155 in __stdio_fwrite (=94400302245968, =99, =94400302946496) at libc/stdio/_fwrite.c:39
	#200007161 in _do_one_spec (=94400302946496, =94400284255744, =94400314809248) at libc/stdio/_vfprintf.c:1817
	#300006234 in vfprintf (=94400302946496, =94400314806040, =94400315170016) at libc/stdio/_vfprintf.c:1919
	#400005749 in vsnprintf (=94400307977856, =99, =94400314806040, =94400315170016) at libc/stdio/vsnprintf.c:64
	#500005671 in snprintf (=94400307977856, =99, =0) at libc/stdio/snprintf.c:25
	#600004221 in CWE121_Stack_Based_Buffer_Overflow__CWE806_char_alloca_snprintf_08_bad () at ./juliet_testcases/CWE121_Stack_Based_Buffer_Overflow__CWE806_char_alloca_snprintf_08.c:57
	#700004333 in __klee_posix_wrapped_main (=1, =94400312696096) at ./juliet_testcases/CWE121_Stack_Based_Buffer_Overflow__CWE806_char_alloca_snprintf_08.c:138
	#800002563 in __user_main (=1, =94400308912896, =94400308912912) at klee_src/runtime/POSIX/klee_init_env.c:245
	#900000471 in __uClibc_main (=1, =94400308912896) at libc/misc/internals/__uClibc_main.c:401
	#1000000637 in main (=1, =94400308912896)
Info: 
	address: 94400307977906
	next: object at 94400284235264 of size 125
		MO9[125] allocated at main():  tail call fastcc void @__uClibc_main(i32 %0, i8** %1)
