Error: memory error: out of bound pointer
File: libc/string/strnlen.c
Line: 30
assembly.ll line: 12303
State: 1
Stack: 
	#000012303 in wcsnlen (=94001775384256, =18446744073709551615) at libc/string/strnlen.c:30
	#100010865 in _do_one_spec.304 (=94001787863992, =94001764146176, =94001795277632) at libc/stdio/_vfprintf.c:1702
	#200010009 in vfwprintf (=94001794890400, =94001795293216) at libc/stdio/_vfprintf.c:1919
	#300005980 in wprintf (=0) at libc/stdio/wprintf.c:20
	#400005770 in printWLine (=94001775384256) at io.c:23
	#500004206 in CWE126_Buffer_Overread__CWE170_wchar_t_strncpy_04_bad () at ./juliet_testcases/CWE126_Buffer_Overread__CWE170_wchar_t_strncpy_04.c:41
	#600004274 in __klee_posix_wrapped_main (=1, =94001795203392) at ./juliet_testcases/CWE126_Buffer_Overread__CWE170_wchar_t_strncpy_04.c:119
	#700002564 in __user_main (=1, =94001788796032, =94001788796048) at klee_src/runtime/POSIX/klee_init_env.c:245
	#800000472 in __uClibc_main (=1, =94001788796032) at libc/misc/internals/__uClibc_main.c:401
	#900000638 in main (=1, =94001788796032)
Info: 
	address: 94001775384656
	next: object at 94001764121472 of size 128
		MO292[128] allocated at global:randtbl
