Error: memory error: out of bound pointer
File: libc/string/strnlen.c
Line: 30
assembly.ll line: 12328
State: 1
Stack: 
	#000012328 in wcsnlen (=94293314197184, =18446744073709551615) at libc/string/strnlen.c:30
	#100010890 in _do_one_spec.302 (=94293326703800, =94293303000320, =94293334082368) at libc/stdio/_vfprintf.c:1702
	#200010034 in vfwprintf (=94293333705536, =94293334038112) at libc/stdio/_vfprintf.c:1919
	#300006005 in wprintf (=0) at libc/stdio/wprintf.c:20
	#400005795 in printWLine (=94293314197184) at io.c:23
	#500004231 in CWE126_Buffer_Overread__CWE170_wchar_t_loop_06_bad () at ./juliet_testcases/CWE126_Buffer_Overread__CWE170_wchar_t_loop_06.c:42
	#600004349 in __klee_posix_wrapped_main (=1, =94293333999984) at ./juliet_testcases/CWE126_Buffer_Overread__CWE170_wchar_t_loop_06.c:124
	#700002564 in __user_main (=1, =94293327355008, =94293327355024) at klee_src/runtime/POSIX/klee_init_env.c:245
	#800000472 in __uClibc_main (=1, =94293327355008) at libc/misc/internals/__uClibc_main.c:401
	#900000638 in main (=1, =94293327355008)
Info: 
	address: 94293314197584
	next: object at 94293302938624 of size 768
		MO282[768] allocated at global:__C_ctype_b_data
