Error: memory error: out of bound pointer
File: libc/string/memcpy.c
Line: 29
assembly.ll line: 4097
State: 1
Stack: 
	#000004097 in memcpy (=93888995006720, =93889002598448, =99) at libc/string/memcpy.c:29
	#100009114 in __stdio_fwrite (=93889002598448, =99, =93889013672864) at libc/stdio/_fwrite.c:39
	#200007120 in _do_one_spec (=93889013672864, =93888995088128, =93889025612680) at libc/stdio/_vfprintf.c:1817
	#300006193 in vfprintf (=93889013672864, =93889025609272, =93889025973792) at libc/stdio/_vfprintf.c:1919
	#400005708 in vsnprintf (=93888995006720, =99, =93889025609272, =93889025973792) at libc/stdio/vsnprintf.c:64
	#500005630 in snprintf (=93888995006720, =99, =0) at libc/stdio/snprintf.c:25
	#600004208 in CWE122_Heap_Based_Buffer_Overflow__c_CWE806_char_snprintf_61_bad () at ./juliet_testcases/CWE122_Heap_Based_Buffer_Overflow__c_CWE806_char_snprintf_61a.c:40
	#700004292 in __klee_posix_wrapped_main (=1, =93889023515856) at ./juliet_testcases/CWE122_Heap_Based_Buffer_Overflow__c_CWE806_char_snprintf_61a.c:93
	#800002563 in __user_main (=1, =93888994721280, =93888994721296) at klee_src/runtime/POSIX/klee_init_env.c:245
	#900000471 in __uClibc_main (=1, =93888994721280) at libc/misc/internals/__uClibc_main.c:401
	#1000000637 in main (=1, =93888994721280)
Info: 
	address: 93888995006770
	next: object at 93888994721280 of size 384
		MO0[384] allocated at main():  tail call fastcc void @__uClibc_main(i32 %0, i8** %1)
