Error: memory error: out of bound pointer
File: libc/string/memcpy.c
Line: 29
assembly.ll line: 4097
State: 1
Stack: 
	#000004097 in memcpy (=94715689774912, =94715690003072, =99) at libc/string/memcpy.c:29
	#100009118 in __stdio_fwrite (=94715690003072, =99, =94715707593312) at libc/stdio/_fwrite.c:39
	#200007124 in _do_one_spec (=94715707593312, =94715688998656, =94715719539328) at libc/stdio/_vfprintf.c:1817
	#300006197 in vfprintf (=94715707593312, =94715719536176, =94715719901152) at libc/stdio/_vfprintf.c:1919
	#400005712 in vsnprintf (=94715689774912, =99, =94715719536176, =94715719901152) at libc/stdio/vsnprintf.c:64
	#500005634 in snprintf (=94715689774912, =99, =0) at libc/stdio/snprintf.c:25
	#600004226 in CWE121_Stack_Based_Buffer_Overflow__CWE806_char_declare_snprintf_63b_badSink (=94715719539656) at ./juliet_testcases/CWE121_Stack_Based_Buffer_Overflow__CWE806_char_declare_snprintf_63b.c:35
	#700004204 in CWE121_Stack_Based_Buffer_Overflow__CWE806_char_declare_snprintf_63_bad () at ./juliet_testcases/CWE121_Stack_Based_Buffer_Overflow__CWE806_char_declare_snprintf_63a.c:40
	#800004296 in __klee_posix_wrapped_main (=1, =94715717442864) at ./juliet_testcases/CWE121_Stack_Based_Buffer_Overflow__CWE806_char_declare_snprintf_63a.c:87
	#900002563 in __user_main (=1, =94715688631424, =94715688631440) at klee_src/runtime/POSIX/klee_init_env.c:245
	#1000000471 in __uClibc_main (=1, =94715688631424) at libc/misc/internals/__uClibc_main.c:401
	#1100000637 in main (=1, =94715688631424)
Info: 
	address: 94715689774962
	next: object at 94715688631424 of size 376
		MO0[376] allocated at main():  tail call fastcc void @__uClibc_main(i32 %0, i8** %1)
