Error: memory error: out of bound pointer
File: libc/string/memcpy.c
Line: 29
assembly.ll line: 4097
State: 1
Stack: 
	#000004097 in memcpy (=94731641731328, =94731641352800, =99) at libc/string/memcpy.c:29
	#100009102 in __stdio_fwrite (=94731641352800, =99, =94731659229184) at libc/stdio/_fwrite.c:39
	#200007108 in _do_one_spec (=94731659229184, =94731640477440, =94731671026384) at libc/stdio/_vfprintf.c:1817
	#300006181 in vfprintf (=94731659229184, =94731671022976, =94731671403328) at libc/stdio/_vfprintf.c:1919
	#400005696 in vsnprintf (=94731641731328, =99, =94731671022976, =94731671403328) at libc/stdio/vsnprintf.c:64
	#500005618 in snprintf (=94731641731328, =99, =0) at libc/stdio/snprintf.c:25
	#600004218 in CWE121_Stack_Based_Buffer_Overflow__CWE806_char_declare_snprintf_16_bad () at ./juliet_testcases/CWE121_Stack_Based_Buffer_Overflow__CWE806_char_declare_snprintf_16.c:44
	#700004280 in __klee_posix_wrapped_main (=1, =94731668937968) at ./juliet_testcases/CWE121_Stack_Based_Buffer_Overflow__CWE806_char_declare_snprintf_16.c:100
	#800002563 in __user_main (=1, =94731665120384, =94731665120400) at klee_src/runtime/POSIX/klee_init_env.c:245
	#900000471 in __uClibc_main (=1, =94731665120384) at libc/misc/internals/__uClibc_main.c:401
	#1000000637 in main (=1, =94731665120384)
Info: 
	address: 94731641731378
	next: object at 94731640418048 of size 768
		MO280[768] allocated at global:__C_ctype_toupper_data
