Error: memory error: out of bound pointer
File: libc/string/memcpy.c
Line: 29
assembly.ll line: 4097
State: 1
Stack: 
	#000004097 in memcpy (=93954725505280, =93954711450544, =99) at libc/string/memcpy.c:29
	#100009145 in __stdio_fwrite (=93954711450544, =99, =93954729129600) at libc/stdio/_fwrite.c:39
	#200007151 in _do_one_spec (=93954729129600, =93954710532352, =93954741115984) at libc/stdio/_vfprintf.c:1817
	#300006224 in vfprintf (=93954729129600, =93954741112552, =93954741757984) at libc/stdio/_vfprintf.c:1919
	#400005739 in vsnprintf (=93954725505280, =99, =93954741112552, =93954741757984) at libc/stdio/vsnprintf.c:64
	#500005661 in snprintf (=93954725505280, =99, =0) at libc/stdio/snprintf.c:25
	#600004219 in CWE122_Heap_Based_Buffer_Overflow__c_CWE806_char_snprintf_04_bad () at ./juliet_testcases/CWE122_Heap_Based_Buffer_Overflow__c_CWE806_char_snprintf_04.c:50
	#700004323 in __klee_posix_wrapped_main (=1, =93954739002640) at ./juliet_testcases/CWE122_Heap_Based_Buffer_Overflow__c_CWE806_char_snprintf_04.c:134
	#800002563 in __user_main (=1, =93954735191680, =93954735191696) at klee_src/runtime/POSIX/klee_init_env.c:245
	#900000471 in __uClibc_main (=1, =93954735191680) at libc/misc/internals/__uClibc_main.c:401
	#1000000637 in main (=1, =93954735191680)
Info: 
	address: 93954725505330
	next: object at 93954710473728 of size 768
		MO278[768] allocated at global:__C_ctype_b_data
