Error: memory error: out of bound pointer
File: libc/string/strnlen.c
Line: 30
assembly.ll line: 12212
State: 1
Stack: 
	#000012212 in wcsnlen (=210453397552, =18446744073709551615) at libc/string/strnlen.c:30
	#100010774 in _do_one_spec.299 (=94533135590040, =94533111872512, =94533142995304) at libc/stdio/_vfprintf.c:1702
	#200009918 in vfwprintf (=94533142611776, =94533142939296) at libc/stdio/_vfprintf.c:1919
	#300005889 in wprintf (=0) at libc/stdio/wprintf.c:20
	#400005679 in printWLine (=210453397552) at io.c:23
	#500004217 in CWE121_Stack_Based_Buffer_Overflow__wchar_t_type_overrun_memcpy_01_bad () at ./juliet_testcases/CWE121_Stack_Based_Buffer_Overflow__wchar_t_type_overrun_memcpy_01.c:45
	#600004271 in __klee_posix_wrapped_main (=1, =94533142904928) at ./juliet_testcases/CWE121_Stack_Based_Buffer_Overflow__wchar_t_type_overrun_memcpy_01.c:93
	#700002566 in __user_main (=1, =94533136674944, =94533136674960) at klee_src/runtime/POSIX/klee_init_env.c:245
	#800000474 in __uClibc_main (=1, =94533136674944) at libc/misc/internals/__uClibc_main.c:401
	#900000640 in main (=1, =94533136674944)
Info: 
	address: 210453397552
	next: object at 94533111844224 of size 128
		MO49649[128] allocated at _do_one_spec.299():  %21 = alloca [128 x i8], align 16
