Error: memory error: out of bound pointer
File: libc/string/memcpy.c
Line: 29
assembly.ll line: 4097
State: 1
Stack: 
	#000004097 in memcpy (=93971303534912, =93971303886336, =99) at libc/string/memcpy.c:29
	#100009132 in __stdio_fwrite (=93971303886336, =99, =93971321735328) at libc/stdio/_fwrite.c:39
	#200007138 in _do_one_spec (=93971321735328, =93971303012096, =93971328539432) at libc/stdio/_vfprintf.c:1817
	#300006211 in vfprintf (=93971321735328, =93971328536256, =93971333806528) at libc/stdio/_vfprintf.c:1919
	#400005726 in vsnprintf (=93971303534912, =99, =93971328536256, =93971333806528) at libc/stdio/vsnprintf.c:64
	#500005648 in snprintf (=93971303534912, =99, =0) at libc/stdio/snprintf.c:25
	#600004233 in CWE121_Stack_Based_Buffer_Overflow__CWE806_char_alloca_snprintf_32_bad () at ./juliet_testcases/CWE121_Stack_Based_Buffer_Overflow__CWE806_char_alloca_snprintf_32.c:48
	#700004310 in __klee_posix_wrapped_main (=1, =93971330506064) at ./juliet_testcases/CWE121_Stack_Based_Buffer_Overflow__CWE806_char_alloca_snprintf_32.c:109
	#800002563 in __user_main (=1, =93971327835648, =93971327835664) at klee_src/runtime/POSIX/klee_init_env.c:245
	#900000471 in __uClibc_main (=1, =93971327835648) at libc/misc/internals/__uClibc_main.c:401
	#1000000637 in main (=1, =93971327835648)
Info: 
	address: 93971303534962
	next: object at 93971302987392 of size 125
		MO9[125] allocated at main():  tail call fastcc void @__uClibc_main(i32 %0, i8** %1)
