Error: memory error: out of bound pointer
File: libc/string/memcpy.c
Line: 29
assembly.ll line: 4097
State: 1
Stack: 
	#000004097 in memcpy (=94061236193536, =94061258037152, =99) at libc/string/memcpy.c:29
	#100009116 in __stdio_fwrite (=94061258037152, =99, =94061252959840) at libc/stdio/_fwrite.c:39
	#200007122 in _do_one_spec (=94061252959840, =94061234354432, =94061264911128) at libc/stdio/_vfprintf.c:1817
	#300006195 in vfprintf (=94061252959840, =94061264907800, =94061265282048) at libc/stdio/_vfprintf.c:1919
	#400005710 in vsnprintf (=94061236193536, =100, =94061264907800, =94061265282048) at libc/stdio/vsnprintf.c:64
	#500005632 in snprintf (=94061236193536, =0, =0) at libc/stdio/snprintf.c:25
	#600004223 in CWE122_Heap_Based_Buffer_Overflow__c_CWE805_char_snprintf_63b_badSink (=94061264910200) at ./juliet_testcases/CWE122_Heap_Based_Buffer_Overflow__c_CWE805_char_snprintf_63b.c:37
	#700004201 in CWE122_Heap_Based_Buffer_Overflow__c_CWE805_char_snprintf_63_bad () at ./juliet_testcases/CWE122_Heap_Based_Buffer_Overflow__c_CWE805_char_snprintf_63a.c:39
	#800004294 in __klee_posix_wrapped_main (=1, =94061262814480) at ./juliet_testcases/CWE122_Heap_Based_Buffer_Overflow__c_CWE805_char_snprintf_63a.c:85
	#900002563 in __user_main (=1, =94061258733952, =94061258733968) at klee_src/runtime/POSIX/klee_init_env.c:245
	#1000000471 in __uClibc_main (=1, =94061258733952) at libc/misc/internals/__uClibc_main.c:401
	#1100000637 in main (=1, =94061258733952)
Info: 
	address: 94061236193586
	next: object at 94061234354432 of size 256
		MO31163[256] allocated at vfprintf():  %7 = alloca %struct.ppfs_t.715, align 16
