Error: memory error: out of bound pointer
File: libc/string/memcpy.c
Line: 29
assembly.ll line: 4097
State: 1
Stack: 
	#000004097 in memcpy (=93938891713344, =93938889612288, =99) at libc/string/memcpy.c:29
	#100009116 in __stdio_fwrite (=93938889612288, =99, =93938907593376) at libc/stdio/_fwrite.c:39
	#200007122 in _do_one_spec (=93938907593376, =93938888923392, =93938919529296) at libc/stdio/_vfprintf.c:1817
	#300006195 in vfprintf (=93938907593376, =93938919525888, =93938919906848) at libc/stdio/_vfprintf.c:1919
	#400005710 in vsnprintf (=93938891713344, =99, =93938919525888, =93938919906848) at libc/stdio/vsnprintf.c:64
	#500005632 in snprintf (=93938891713344, =99, =0) at libc/stdio/snprintf.c:25
	#600004223 in CWE122_Heap_Based_Buffer_Overflow__c_CWE806_char_snprintf_18_bad () at ./juliet_testcases/CWE122_Heap_Based_Buffer_Overflow__c_CWE806_char_snprintf_18.c:42
	#700004294 in __klee_posix_wrapped_main (=1, =93938917432528) at ./juliet_testcases/CWE122_Heap_Based_Buffer_Overflow__c_CWE806_char_snprintf_18.c:98
	#800002563 in __user_main (=1, =93938913581056, =93938913581072) at klee_src/runtime/POSIX/klee_init_env.c:245
	#900000471 in __uClibc_main (=1, =93938913581056) at libc/misc/internals/__uClibc_main.c:401
	#1000000637 in main (=1, =93938913581056)
Info: 
	address: 93938891713394
	next: object at 93938888897152 of size 114
		MO40[114] allocated at main():  tail call fastcc void @__uClibc_main(i32 %0, i8** %1)
