Error: memory error: out of bound pointer
File: libc/string/memcpy.c
Line: 29
assembly.ll line: 4097
State: 1
Stack: 
	#000004097 in memcpy (=93969108761792, =93969108847456, =99) at libc/string/memcpy.c:29
	#100009124 in __stdio_fwrite (=93969108847456, =99, =93969126833568) at libc/stdio/_fwrite.c:39
	#200007130 in _do_one_spec (=93969126833568, =93969108236032, =93969138825888) at libc/stdio/_vfprintf.c:1817
	#300006203 in vfprintf (=93969126833568, =93969138822736, =93969139188928) at libc/stdio/_vfprintf.c:1919
	#400005718 in vsnprintf (=93969108761792, =99, =93969138822736, =93969139188928) at libc/stdio/vsnprintf.c:64
	#500005640 in snprintf (=93969108761792, =99, =0) at libc/stdio/snprintf.c:25
	#600004227 in CWE122_Heap_Based_Buffer_Overflow__c_CWE806_char_snprintf_31_bad () at ./juliet_testcases/CWE122_Heap_Based_Buffer_Overflow__c_CWE806_char_snprintf_31.c:43
	#700004302 in __klee_posix_wrapped_main (=1, =93969136721168) at ./juliet_testcases/CWE122_Heap_Based_Buffer_Overflow__c_CWE806_char_snprintf_31.c:101
	#800002563 in __user_main (=1, =93969132883328, =93969132883344) at klee_src/runtime/POSIX/klee_init_env.c:245
	#900000471 in __uClibc_main (=1, =93969132883328) at libc/misc/internals/__uClibc_main.c:401
	#1000000637 in main (=1, =93969132883328)
Info: 
	address: 93969108761842
	next: object at 93969108176640 of size 768
		MO279[768] allocated at global:__C_ctype_toupper_data
