Error: memory error: out of bound pointer
File: libc/string/strnlen.c
Line: 30
assembly.ll line: 12346
State: 1
Stack: 
	#000012346 in wcsnlen (=94088891619008, =18446744073709551615) at libc/string/strnlen.c:30
	#100010908 in _do_one_spec.305 (=94088902779832, =94088879075072, =94088910234480) at libc/stdio/_vfprintf.c:1702
	#200010052 in vfwprintf (=94088909858400, =94088910190976) at libc/stdio/_vfprintf.c:1919
	#300006023 in wprintf (=0) at libc/stdio/wprintf.c:20
	#400005813 in printWLine (=94088891619008) at io.c:23
	#500004234 in CWE126_Buffer_Overread__CWE170_wchar_t_loop_13_bad () at ./juliet_testcases/CWE126_Buffer_Overread__CWE170_wchar_t_loop_13.c:37
	#600004367 in __klee_posix_wrapped_main (=1, =94088910152048) at ./juliet_testcases/CWE126_Buffer_Overread__CWE170_wchar_t_loop_13.c:119
	#700002564 in __user_main (=1, =94088904001024, =94088904001040) at klee_src/runtime/POSIX/klee_init_env.c:245
	#800000472 in __uClibc_main (=1, =94088904001024) at libc/misc/internals/__uClibc_main.c:401
	#900000638 in main (=1, =94088904001024)
Info: 
	address: 94088891619408
	next: object at 94088879016960 of size 768
		MO284[768] allocated at global:__C_ctype_tolower_data
