Error: memory error: out of bound pointer
File: libc/string/memcpy.c
Line: 29
assembly.ll line: 4097
State: 1
Stack: 
	#000004097 in memcpy (=94907061077376, =94907061459520, =99) at libc/string/memcpy.c:29
	#100009161 in __stdio_fwrite (=94907061459520, =99, =94907079245920) at libc/stdio/_fwrite.c:39
	#200007167 in _do_one_spec (=94907079245920, =94907060550400, =94907091131240) at libc/stdio/_vfprintf.c:1817
	#300006240 in vfprintf (=94907079245920, =94907091128064, =94907091491360) at libc/stdio/_vfprintf.c:1919
	#400005755 in vsnprintf (=94907061077376, =100, =94907091128064, =94907091491360) at libc/stdio/vsnprintf.c:64
	#500005677 in snprintf (=94907061077376, =0, =0) at libc/stdio/snprintf.c:25
	#600004223 in CWE121_Stack_Based_Buffer_Overflow__CWE805_char_alloca_snprintf_08_bad () at ./juliet_testcases/CWE121_Stack_Based_Buffer_Overflow__CWE805_char_alloca_snprintf_08.c:60
	#700004339 in __klee_posix_wrapped_main (=1, =94907089010048) at ./juliet_testcases/CWE121_Stack_Based_Buffer_Overflow__CWE805_char_alloca_snprintf_08.c:145
	#800002563 in __user_main (=1, =94907085200128, =94907085200144) at klee_src/runtime/POSIX/klee_init_env.c:245
	#900000471 in __uClibc_main (=1, =94907085200128) at libc/misc/internals/__uClibc_main.c:401
	#1000000637 in main (=1, =94907085200128)
Info: 
	address: 94907061077426
	next: object at 94907060489984 of size 768
		MO282[768] allocated at global:__C_ctype_toupper_data
