Error: memory error: out of bound pointer
File: libc/string/strnlen.c
Line: 30
assembly.ll line: 12220
State: 1
Stack: 
	#000012220 in wcsnlen (=210453397552, =18446744073709551615) at libc/string/strnlen.c:30
	#100010782 in _do_one_spec.299 (=94343894319768, =94343870594048, =94343901675928) at libc/stdio/_vfprintf.c:1702
	#200009926 in vfwprintf (=94343901292800, =94343901620320) at libc/stdio/_vfprintf.c:1919
	#300005897 in wprintf (=0) at libc/stdio/wprintf.c:20
	#400005687 in printWLine (=210453397552) at io.c:23
	#500004221 in CWE121_Stack_Based_Buffer_Overflow__wchar_t_type_overrun_memcpy_18_bad () at ./juliet_testcases/CWE121_Stack_Based_Buffer_Overflow__wchar_t_type_overrun_memcpy_18.c:47
	#600004279 in __klee_posix_wrapped_main (=1, =94343901585504) at ./juliet_testcases/CWE121_Stack_Based_Buffer_Overflow__wchar_t_type_overrun_memcpy_18.c:98
	#700002566 in __user_main (=1, =94343895399168, =94343895399184) at klee_src/runtime/POSIX/klee_init_env.c:245
	#800000474 in __uClibc_main (=1, =94343895399168) at libc/misc/internals/__uClibc_main.c:401
	#900000640 in main (=1, =94343895399168)
Info: 
	address: 210453397552
	next: object at 94343870566016 of size 128
		MO49642[128] allocated at _do_one_spec.299():  %21 = alloca [128 x i8], align 16
