Error: memory error: out of bound pointer
File: libc/string/strnlen.c
Line: 30
assembly.ll line: 12342
State: 1
Stack: 
	#000012342 in wcsnlen (=210453397552, =18446744073709551615) at libc/string/strnlen.c:30
	#100010904 in _do_one_spec.306 (=94660387414680, =94660363660544, =94660394779752) at libc/stdio/_vfprintf.c:1702
	#200010048 in vfwprintf (=94660394396000, =94660394731744) at libc/stdio/_vfprintf.c:1919
	#300006019 in wprintf (=0) at libc/stdio/wprintf.c:20
	#400005799 in printWLine (=210453397552) at io.c:23
	#500004241 in CWE122_Heap_Based_Buffer_Overflow__wchar_t_type_overrun_memcpy_11_bad () at ./juliet_testcases/CWE122_Heap_Based_Buffer_Overflow__wchar_t_type_overrun_memcpy_11.c:47
	#600004391 in __klee_posix_wrapped_main (=1, =94660394697072) at ./juliet_testcases/CWE122_Heap_Based_Buffer_Overflow__wchar_t_type_overrun_memcpy_11.c:130
	#700002567 in __user_main (=1, =94660388492544, =94660388492560) at klee_src/runtime/POSIX/klee_init_env.c:245
	#800000475 in __uClibc_main (=1, =94660388492544) at libc/misc/internals/__uClibc_main.c:401
	#900000641 in main (=1, =94660388492544)
Info: 
	address: 210453397552
	next: object at 94660363638912 of size 128
		MO293[128] allocated at global:randtbl
