Error: memory error: out of bound pointer
File: libc/string/memcpy.c
Line: 29
assembly.ll line: 4097
State: 1
Stack: 
	#000004097 in memcpy (=93847752651584, =93847753573696, =99) at libc/string/memcpy.c:29
	#100009163 in __stdio_fwrite (=93847753573696, =99, =93847764651008) at libc/stdio/_fwrite.c:39
	#200007169 in _do_one_spec (=93847764651008, =93847746056448, =93847776631936) at libc/stdio/_vfprintf.c:1817
	#300006242 in vfprintf (=93847764651008, =93847776628504, =93847777282880) at libc/stdio/_vfprintf.c:1919
	#400005757 in vsnprintf (=93847752651584, =99, =93847776628504, =93847777282880) at libc/stdio/vsnprintf.c:64
	#500005679 in snprintf (=93847752651584, =99, =0) at libc/stdio/snprintf.c:25
	#600004225 in CWE122_Heap_Based_Buffer_Overflow__c_CWE806_char_snprintf_14_bad () at ./juliet_testcases/CWE122_Heap_Based_Buffer_Overflow__c_CWE806_char_snprintf_14.c:43
	#700004341 in __klee_posix_wrapped_main (=1, =93847774518544) at ./juliet_testcases/CWE122_Heap_Based_Buffer_Overflow__c_CWE806_char_snprintf_14.c:127
	#800002563 in __user_main (=1, =93847745691136, =93847745691152) at klee_src/runtime/POSIX/klee_init_env.c:245
	#900000471 in __uClibc_main (=1, =93847745691136) at libc/misc/internals/__uClibc_main.c:401
	#1000000637 in main (=1, =93847745691136)
Info: 
	address: 93847752651634
	next: object at 93847745691136 of size 376
		MO0[376] allocated at main():  tail call fastcc void @__uClibc_main(i32 %0, i8** %1)
