Error: memory error: out of bound pointer
File: libc/string/memcpy.c
Line: 29
assembly.ll line: 4097
State: 1
Stack: 
	#000004097 in memcpy (=94197162841152, =94197162505360, =99) at libc/string/memcpy.c:29
	#100009118 in __stdio_fwrite (=94197162505360, =99, =94197180175328) at libc/stdio/_fwrite.c:39
	#200007124 in _do_one_spec (=94197180175328, =94197161580288, =94197192121176) at libc/stdio/_vfprintf.c:1817
	#300006197 in vfprintf (=94197180175328, =94197192117848, =94197192482784) at libc/stdio/_vfprintf.c:1919
	#400005712 in vsnprintf (=94197162841152, =99, =94197192117848, =94197192482784) at libc/stdio/vsnprintf.c:64
	#500005634 in snprintf (=94197162841152, =99, =0) at libc/stdio/snprintf.c:25
	#600004224 in CWE122_Heap_Based_Buffer_Overflow__c_CWE806_char_snprintf_63b_badSink (=94197192120248) at ./juliet_testcases/CWE122_Heap_Based_Buffer_Overflow__c_CWE806_char_snprintf_63b.c:35
	#700004202 in CWE122_Heap_Based_Buffer_Overflow__c_CWE806_char_snprintf_63_bad () at ./juliet_testcases/CWE122_Heap_Based_Buffer_Overflow__c_CWE806_char_snprintf_63a.c:39
	#800004296 in __klee_posix_wrapped_main (=1, =94197190024432) at ./juliet_testcases/CWE122_Heap_Based_Buffer_Overflow__c_CWE806_char_snprintf_63a.c:85
	#900002563 in __user_main (=1, =94197161213440, =94197161213456) at klee_src/runtime/POSIX/klee_init_env.c:245
	#1000000471 in __uClibc_main (=1, =94197161213440) at libc/misc/internals/__uClibc_main.c:401
	#1100000637 in main (=1, =94197161213440)
Info: 
	address: 94197162841202
	next: object at 94197161213440 of size 376
		MO0[376] allocated at main():  tail call fastcc void @__uClibc_main(i32 %0, i8** %1)
