Error: memory error: out of bound pointer
File: libc/string/strnlen.c
Line: 30
assembly.ll line: 12334
State: 1
Stack: 
	#000012334 in wcsnlen (=94630018045632, =18446744073709551615) at libc/string/strnlen.c:30
	#100010896 in _do_one_spec.305 (=94630032212920, =94630008483072, =94630039602136) at libc/stdio/_vfprintf.c:1702
	#200010040 in vfwprintf (=94630039224352, =94630039553440) at libc/stdio/_vfprintf.c:1919
	#300006011 in wprintf (=0) at libc/stdio/wprintf.c:20
	#400005801 in printWLine (=94630018045632) at io.c:23
	#500004210 in CWE126_Buffer_Overread__CWE170_wchar_t_strncpy_08_bad () at ./juliet_testcases/CWE126_Buffer_Overread__CWE170_wchar_t_strncpy_08.c:48
	#600004305 in __klee_posix_wrapped_main (=1, =94630039519568) at ./juliet_testcases/CWE126_Buffer_Overread__CWE170_wchar_t_strncpy_08.c:126
	#700002564 in __user_main (=1, =94630033302272, =94630033302288) at klee_src/runtime/POSIX/klee_init_env.c:245
	#800000472 in __uClibc_main (=1, =94630033302272) at libc/misc/internals/__uClibc_main.c:401
	#900000638 in main (=1, =94630033302272)
Info: 
	address: 94630018046032
	next: object at 94630008459648 of size 128
		MO293[128] allocated at global:randtbl
