Error: memory error: out of bound pointer
File: libc/string/strnlen.c
Line: 30
assembly.ll line: 12277
State: 1
Stack: 
	#000012277 in wcsnlen (=94821496395456, =18446744073709551615) at libc/string/strnlen.c:30
	#100010839 in _do_one_spec.305 (=94821510562456, =94821486845440, =94821517927048) at libc/stdio/_vfprintf.c:1702
	#200009983 in vfwprintf (=94821517546816, =94821517882528) at libc/stdio/_vfprintf.c:1919
	#300005954 in wprintf (=0) at libc/stdio/wprintf.c:20
	#400005744 in printWLine (=94821496395456) at io.c:23
	#500004211 in CWE126_Buffer_Overread__CWE170_wchar_t_memcpy_14_bad () at ./juliet_testcases/CWE126_Buffer_Overread__CWE170_wchar_t_memcpy_14.c:33
	#600004298 in __klee_posix_wrapped_main (=1, =94821517852896) at ./juliet_testcases/CWE126_Buffer_Overread__CWE170_wchar_t_memcpy_14.c:107
	#700002564 in __user_main (=1, =94821511502208, =94821511502224) at klee_src/runtime/POSIX/klee_init_env.c:245
	#800000472 in __uClibc_main (=1, =94821511502208) at libc/misc/internals/__uClibc_main.c:401
	#900000638 in main (=1, =94821511502208)
Info: 
	address: 94821496395856
	next: object at 94821486817664 of size 114
		MO41[114] allocated at main():  tail call fastcc void @__uClibc_main(i32 %0, i8** %1)
