Error: memory error: out of bound pointer
File: libc/string/memcpy.c
Line: 29
assembly.ll line: 4097
State: 1
Stack: 
	#000004097 in memcpy (=94730810981376, =94730792941248, =99) at libc/string/memcpy.c:29
	#100009148 in __stdio_fwrite (=94730792941248, =99, =94730808103808) at libc/stdio/_fwrite.c:39
	#200007154 in _do_one_spec (=94730808103808, =94730789555456, =94730820164352) at libc/stdio/_vfprintf.c:1817
	#300006227 in vfprintf (=94730808103808, =94730820161176, =94730820523872) at libc/stdio/_vfprintf.c:1919
	#400005742 in vsnprintf (=94730810981376, =100, =94730820161176, =94730820523872) at libc/stdio/vsnprintf.c:64
	#500005664 in snprintf (=94730810981376, =0, =0) at libc/stdio/snprintf.c:25
	#600004222 in CWE121_Stack_Based_Buffer_Overflow__CWE805_char_alloca_snprintf_05_bad () at ./juliet_testcases/CWE121_Stack_Based_Buffer_Overflow__CWE805_char_alloca_snprintf_05.c:53
	#700004326 in __klee_posix_wrapped_main (=1, =94730818051440) at ./juliet_testcases/CWE121_Stack_Based_Buffer_Overflow__CWE805_char_alloca_snprintf_05.c:138
	#800002563 in __user_main (=1, =94730789191168, =94730789191184) at klee_src/runtime/POSIX/klee_init_env.c:245
	#900000471 in __uClibc_main (=1, =94730789191168) at libc/misc/internals/__uClibc_main.c:401
	#1000000637 in main (=1, =94730789191168)
Info: 
	address: 94730810981426
	next: object at 94730789191168 of size 376
		MO0[376] allocated at main():  tail call fastcc void @__uClibc_main(i32 %0, i8** %1)
