Error: memory error: out of bound pointer
File: libc/string/memcpy.c
Line: 29
assembly.ll line: 4097
State: 1
Stack: 
	#000004097 in memcpy (=94380662977600, =94380668173312, =99) at libc/string/memcpy.c:29
	#100009136 in __stdio_fwrite (=94380668173312, =99, =94380663120160) at libc/stdio/_fwrite.c:39
	#200007142 in _do_one_spec (=94380663120160, =94380644486656, =94380675095432) at libc/stdio/_vfprintf.c:1817
	#300006215 in vfprintf (=94380663120160, =94380675092000, =94380675453920) at libc/stdio/_vfprintf.c:1919
	#400005730 in vsnprintf (=94380662977600, =100, =94380675092000, =94380675453920) at libc/stdio/vsnprintf.c:64
	#500005652 in snprintf (=94380662977600, =0, =0) at libc/stdio/snprintf.c:25
	#600004218 in CWE121_Stack_Based_Buffer_Overflow__CWE805_char_declare_snprintf_07_bad () at ./juliet_testcases/CWE121_Stack_Based_Buffer_Overflow__CWE805_char_declare_snprintf_07.c:52
	#700004314 in __klee_posix_wrapped_main (=1, =94380672851360) at ./juliet_testcases/CWE121_Stack_Based_Buffer_Overflow__CWE805_char_declare_snprintf_07.c:137
	#800002563 in __user_main (=1, =94380667701504, =94380667701520) at klee_src/runtime/POSIX/klee_init_env.c:245
	#900000471 in __uClibc_main (=1, =94380667701504) at libc/misc/internals/__uClibc_main.c:401
	#1000000637 in main (=1, =94380667701504)
Info: 
	address: 94380662977650
	next: object at 94380644428032 of size 768
		MO279[768] allocated at global:__C_ctype_tolower_data
