Error: memory error: out of bound pointer
File: libc/string/memcpy.c
Line: 29
assembly.ll line: 4097
State: 1
Stack: 
	#000004097 in memcpy (=94424462511232, =94424456436400, =99) at libc/string/memcpy.c:29
	#100009118 in __stdio_fwrite (=94424456436400, =99, =94424457776608) at libc/stdio/_fwrite.c:39
	#200007124 in _do_one_spec (=94424457776608, =94424439109888, =94424469715728) at libc/stdio/_vfprintf.c:1817
	#300006197 in vfprintf (=94424457776608, =94424469712448, =94424470086656) at libc/stdio/_vfprintf.c:1919
	#400005712 in vsnprintf (=94424462511232, =99, =94424469712448, =94424470086656) at libc/stdio/vsnprintf.c:64
	#500005634 in snprintf (=94424462511232, =99, =0) at libc/stdio/snprintf.c:25
	#600004212 in CWE121_Stack_Based_Buffer_Overflow__CWE806_char_alloca_snprintf_42_bad () at ./juliet_testcases/CWE121_Stack_Based_Buffer_Overflow__CWE806_char_alloca_snprintf_42.c:46
	#700004296 in __klee_posix_wrapped_main (=1, =94424467619056) at ./juliet_testcases/CWE121_Stack_Based_Buffer_Overflow__CWE806_char_alloca_snprintf_42.c:104
	#800002563 in __user_main (=1, =94424462312192, =94424462312208) at klee_src/runtime/POSIX/klee_init_env.c:245
	#900000471 in __uClibc_main (=1, =94424462312192) at libc/misc/internals/__uClibc_main.c:401
	#1000000637 in main (=1, =94424462312192)
Info: 
	address: 94424462511282
	next: object at 94424439048448 of size 768
		MO281[768] allocated at global:__C_ctype_tolower_data
