Error: memory error: out of bound pointer
File: libc/string/strnlen.c
Line: 30
assembly.ll line: 12328
State: 1
Stack: 
	#000012328 in wcsnlen (=94287346128576, =18446744073709551615) at libc/string/strnlen.c:30
	#100010890 in _do_one_spec.302 (=94287345511608, =94287321718016, =94287352816448) at libc/stdio/_vfprintf.c:1702
	#200010034 in vfwprintf (=94287352439616, =94287352772192) at libc/stdio/_vfprintf.c:1919
	#300006005 in wprintf (=0) at libc/stdio/wprintf.c:20
	#400005795 in printWLine (=94287346128576) at io.c:23
	#500004231 in CWE126_Buffer_Overread__CWE170_wchar_t_loop_15_bad () at ./juliet_testcases/CWE126_Buffer_Overread__CWE170_wchar_t_loop_15.c:38
	#600004349 in __klee_posix_wrapped_main (=1, =94287352734064) at ./juliet_testcases/CWE126_Buffer_Overread__CWE170_wchar_t_loop_15.c:132
	#700002564 in __user_main (=1, =94287346361088, =94287346361104) at klee_src/runtime/POSIX/klee_init_env.c:245
	#800000472 in __uClibc_main (=1, =94287346361088) at libc/misc/internals/__uClibc_main.c:401
	#900000638 in main (=1, =94287346361088)
Info: 
	address: 94287346128976
	next: object at 94287321655552 of size 768
		MO284[768] allocated at global:__C_ctype_toupper_data
