Error: memory error: out of bound pointer
File: libc/string/memcpy.c
Line: 29
assembly.ll line: 4097
State: 1
Stack: 
	#000004097 in memcpy (=93849297689408, =93849297698128, =99) at libc/string/memcpy.c:29
	#100009163 in __stdio_fwrite (=93849297698128, =99, =93849315374432) at libc/stdio/_fwrite.c:39
	#200007169 in _do_one_spec (=93849315374432, =93849296780032, =93849327369344) at libc/stdio/_vfprintf.c:1817
	#300006242 in vfprintf (=93849315374432, =93849327365912, =93849328003808) at libc/stdio/_vfprintf.c:1919
	#400005757 in vsnprintf (=93849297689408, =99, =93849327365912, =93849328003808) at libc/stdio/vsnprintf.c:64
	#500005679 in snprintf (=93849297689408, =99, =0) at libc/stdio/snprintf.c:25
	#600004225 in CWE122_Heap_Based_Buffer_Overflow__c_CWE806_char_snprintf_05_bad () at ./juliet_testcases/CWE122_Heap_Based_Buffer_Overflow__c_CWE806_char_snprintf_05.c:50
	#700004341 in __klee_posix_wrapped_main (=1, =93849325255952) at ./juliet_testcases/CWE122_Heap_Based_Buffer_Overflow__c_CWE806_char_snprintf_05.c:134
	#800002563 in __user_main (=1, =93849321459072, =93849321459088) at klee_src/runtime/POSIX/klee_init_env.c:245
	#900000471 in __uClibc_main (=1, =93849321459072) at libc/misc/internals/__uClibc_main.c:401
	#1000000637 in main (=1, =93849321459072)
Info: 
	address: 93849297689458
	next: object at 93849296718848 of size 768
		MO280[768] allocated at global:__C_ctype_tolower_data
