Error: memory error: out of bound pointer
File: libc/string/strnlen.c
Line: 30
assembly.ll line: 12259
State: 1
Stack: 
	#000012259 in wcsnlen (=94485845292736, =18446744073709551615) at libc/string/strnlen.c:30
	#100010821 in _do_one_spec.302 (=94485859795608, =94485836078080, =94485867184728) at libc/stdio/_vfprintf.c:1702
	#200009965 in vfwprintf (=94485866803744, =94485867147648) at libc/stdio/_vfprintf.c:1919
	#300005936 in wprintf (=0) at libc/stdio/wprintf.c:20
	#400005726 in printWLine (=94485845292736) at io.c:23
	#500004208 in CWE126_Buffer_Overread__CWE170_wchar_t_memcpy_15_bad () at ./juliet_testcases/CWE126_Buffer_Overread__CWE170_wchar_t_memcpy_15.c:34
	#600004280 in __klee_posix_wrapped_main (=1, =94485867102432) at ./juliet_testcases/CWE126_Buffer_Overread__CWE170_wchar_t_memcpy_15.c:120
	#700002564 in __user_main (=1, =94485842336896, =94485842336912) at klee_src/runtime/POSIX/klee_init_env.c:245
	#800000472 in __uClibc_main (=1, =94485842336896) at libc/misc/internals/__uClibc_main.c:401
	#900000638 in main (=1, =94485842336896)
Info: 
	address: 94485845293136
	next: object at 94485836053248 of size 128
		MO290[128] allocated at global:randtbl
