Error: memory error: out of bound pointer
File: libc/string/memcpy.c
Line: 29
assembly.ll line: 4097
State: 1
Stack: 
	#000004097 in memcpy (=94780008655232, =94780007407376, =99) at libc/string/memcpy.c:29
	#100009134 in __stdio_fwrite (=94780007407376, =99, =94780019649824) at libc/stdio/_fwrite.c:39
	#200007140 in _do_one_spec (=94780019649824, =94780006750464, =94780037372560) at libc/stdio/_vfprintf.c:1817
	#300006213 in vfprintf (=94780019649824, =94780037369408, =94780037739872) at libc/stdio/_vfprintf.c:1919
	#400005728 in vsnprintf (=94780008655232, =99, =94780037369408, =94780037739872) at libc/stdio/vsnprintf.c:64
	#500005650 in snprintf (=94780008655232, =99, =0) at libc/stdio/snprintf.c:25
	#600004234 in CWE121_Stack_Based_Buffer_Overflow__CWE806_char_alloca_snprintf_17_bad () at ./juliet_testcases/CWE121_Stack_Based_Buffer_Overflow__CWE806_char_alloca_snprintf_17.c:44
	#700004312 in __klee_posix_wrapped_main (=1, =94780034276624) at ./juliet_testcases/CWE121_Stack_Based_Buffer_Overflow__CWE806_char_alloca_snprintf_17.c:100
	#800002563 in __user_main (=1, =94780031409664, =94780031409680) at klee_src/runtime/POSIX/klee_init_env.c:245
	#900000471 in __uClibc_main (=1, =94780031409664) at libc/misc/internals/__uClibc_main.c:401
	#1000000637 in main (=1, =94780031409664)
Info: 
	address: 94780008655282
	next: object at 94780006689792 of size 768
		MO277[768] allocated at global:__C_ctype_b_data
