Error: memory error: out of bound pointer
File: libc/string/memcpy.c
Line: 29
assembly.ll line: 4097
State: 1
Stack: 
	#000004097 in memcpy (=94156366480768, =94156366583488, =99) at libc/string/memcpy.c:29
	#100009130 in __stdio_fwrite (=94156366583488, =99, =94156361057792) at libc/stdio/_fwrite.c:39
	#200007136 in _do_one_spec (=94156361057792, =94156359071488, =94156389628888) at libc/stdio/_vfprintf.c:1817
	#300006209 in vfprintf (=94156361057792, =94156389625528, =94156389991520) at libc/stdio/_vfprintf.c:1919
	#400005724 in vsnprintf (=94156366480768, =99, =94156389625528, =94156389991520) at libc/stdio/vsnprintf.c:64
	#500005646 in snprintf (=94156366480768, =99, =0) at libc/stdio/snprintf.c:25
	#600004230 in CWE122_Heap_Based_Buffer_Overflow__c_CWE806_char_snprintf_64b_badSink (=94156389627928) at ./juliet_testcases/CWE122_Heap_Based_Buffer_Overflow__c_CWE806_char_snprintf_64b.c:38
	#700004203 in CWE122_Heap_Based_Buffer_Overflow__c_CWE806_char_snprintf_64_bad () at ./juliet_testcases/CWE122_Heap_Based_Buffer_Overflow__c_CWE806_char_snprintf_64a.c:39
	#800004308 in __klee_posix_wrapped_main (=1, =94156387523856) at ./juliet_testcases/CWE122_Heap_Based_Buffer_Overflow__c_CWE806_char_snprintf_64a.c:85
	#900002563 in __user_main (=1, =94156383724672, =94156383724688) at klee_src/runtime/POSIX/klee_init_env.c:245
	#1000000471 in __uClibc_main (=1, =94156383724672) at libc/misc/internals/__uClibc_main.c:401
	#1100000637 in main (=1, =94156383724672)
Info: 
	address: 94156366480818
	next: object at 94156359071488 of size 256
		MO31354[256] allocated at vfprintf():  %7 = alloca %struct.ppfs_t.715, align 16
