Error: memory error: out of bound pointer
File: libc/string/memcpy.c
Line: 29
assembly.ll line: 4097
State: 1
Stack: 
	#000004097 in memcpy (=93927519226368, =93927535139056, =99) at libc/string/memcpy.c:29
	#100009118 in __stdio_fwrite (=93927535139056, =99, =93927536707936) at libc/stdio/_fwrite.c:39
	#200007124 in _do_one_spec (=93927536707936, =93927518115584, =93927542258432) at libc/stdio/_vfprintf.c:1817
	#300006197 in vfprintf (=93927536707936, =93927542255024, =93927543584608) at libc/stdio/_vfprintf.c:1919
	#400005712 in vsnprintf (=93927519226368, =100, =93927542255024, =93927543584608) at libc/stdio/vsnprintf.c:64
	#500005634 in snprintf (=93927519226368, =0, =0) at libc/stdio/snprintf.c:25
	#600004224 in CWE122_Heap_Based_Buffer_Overflow__c_CWE805_char_snprintf_16_bad () at ./juliet_testcases/CWE122_Heap_Based_Buffer_Overflow__c_CWE805_char_snprintf_16.c:46
	#700004296 in __klee_posix_wrapped_main (=1, =93927527161072) at ./juliet_testcases/CWE122_Heap_Based_Buffer_Overflow__c_CWE805_char_snprintf_16.c:106
	#800002563 in __user_main (=1, =93927542932608, =93927542932624) at klee_src/runtime/POSIX/klee_init_env.c:245
	#900000471 in __uClibc_main (=1, =93927542932608) at libc/misc/internals/__uClibc_main.c:401
	#1000000637 in main (=1, =93927542932608)
Info: 
	address: 93927519226418
	next: object at 93927518115584 of size 256
		MO31153[256] allocated at vfprintf():  %7 = alloca %struct.ppfs_t.715, align 16
