Error: memory error: out of bound pointer
File: libc/string/memcpy.c
Line: 29
assembly.ll line: 4097
State: 1
Stack: 
	#000004097 in memcpy (=94382864383296, =94382875360480, =99) at libc/string/memcpy.c:29
	#100009126 in __stdio_fwrite (=94382875360480, =99, =94382870278752) at libc/stdio/_fwrite.c:39
	#200007132 in _do_one_spec (=94382870278752, =94382851670272, =94382882290360) at libc/stdio/_vfprintf.c:1817
	#300006205 in vfprintf (=94382870278752, =94382882287152, =94382883038784) at libc/stdio/_vfprintf.c:1919
	#400005720 in vsnprintf (=94382864383296, =100, =94382882287152, =94382883038784) at libc/stdio/vsnprintf.c:64
	#500005642 in snprintf (=94382864383296, =0, =0) at libc/stdio/snprintf.c:25
	#600004230 in CWE121_Stack_Based_Buffer_Overflow__CWE805_char_alloca_snprintf_65b_badSink (=94382864383296) at ./juliet_testcases/CWE121_Stack_Based_Buffer_Overflow__CWE805_char_alloca_snprintf_65b.c:36
	#700004213 in CWE121_Stack_Based_Buffer_Overflow__CWE805_char_alloca_snprintf_65_bad () at ./juliet_testcases/CWE121_Stack_Based_Buffer_Overflow__CWE805_char_alloca_snprintf_65a.c:44
	#800004304 in __klee_posix_wrapped_main (=1, =94382880054528) at ./juliet_testcases/CWE121_Stack_Based_Buffer_Overflow__CWE805_char_alloca_snprintf_65a.c:92
	#900002563 in __user_main (=1, =94382876323968, =94382876323984) at klee_src/runtime/POSIX/klee_init_env.c:245
	#1000000471 in __uClibc_main (=1, =94382876323968) at libc/misc/internals/__uClibc_main.c:401
	#1100000637 in main (=1, =94382876323968)
Info: 
	address: 94382864383346
	next: object at 94382851614976 of size 768
		MO281[768] allocated at global:__C_ctype_toupper_data
