Error: memory error: out of bound pointer
File: libc/string/strnlen.c
Line: 30
assembly.ll line: 12259
State: 1
Stack: 
	#000012259 in wcsnlen (=93938724968128, =18446744073709551615) at libc/string/strnlen.c:30
	#100010821 in _do_one_spec.302 (=93938739471000, =93938715753984, =93938746810968) at libc/stdio/_vfprintf.c:1702
	#200009965 in vfwprintf (=93938746429984, =93938747173600) at libc/stdio/_vfprintf.c:1919
	#300005936 in wprintf (=0) at libc/stdio/wprintf.c:20
	#400005726 in printWLine (=93938724968128) at io.c:23
	#500004208 in CWE126_Buffer_Overread__CWE170_wchar_t_memcpy_06_bad () at ./juliet_testcases/CWE126_Buffer_Overread__CWE170_wchar_t_memcpy_06.c:38
	#600004280 in __klee_posix_wrapped_main (=1, =93938746736864) at ./juliet_testcases/CWE126_Buffer_Overread__CWE170_wchar_t_memcpy_06.c:112
	#700002564 in __user_main (=1, =93938740559360, =93938740559376) at klee_src/runtime/POSIX/klee_init_env.c:245
	#800000472 in __uClibc_main (=1, =93938740559360) at libc/misc/internals/__uClibc_main.c:401
	#900000638 in main (=1, =93938740559360)
Info: 
	address: 93938724968528
	next: object at 93938715692032 of size 768
		MO284[768] allocated at global:__C_ctype_toupper_data
