Error: memory error: out of bound pointer
File: libc/string/memcpy.c
Line: 29
assembly.ll line: 4097
State: 1
Stack: 
	#000004097 in memcpy (=94569683676160, =94569678413024, =99) at libc/string/memcpy.c:29
	#100009110 in __stdio_fwrite (=94569678413024, =99, =94569679989088) at libc/stdio/_fwrite.c:39
	#200007116 in _do_one_spec (=94569679989088, =94569661396736, =94569685539704) at libc/stdio/_vfprintf.c:1817
	#300006189 in vfprintf (=94569679989088, =94569685536272, =94569692389376) at libc/stdio/_vfprintf.c:1919
	#400005704 in vsnprintf (=94569683676160, =99, =94569685536272, =94569692389376) at libc/stdio/vsnprintf.c:64
	#500005626 in snprintf (=94569683676160, =99, =0) at libc/stdio/snprintf.c:25
	#600004222 in CWE121_Stack_Based_Buffer_Overflow__CWE806_char_alloca_snprintf_31_bad () at ./juliet_testcases/CWE121_Stack_Based_Buffer_Overflow__CWE806_char_alloca_snprintf_31.c:43
	#700004288 in __klee_posix_wrapped_main (=1, =94569689726224) at ./juliet_testcases/CWE121_Stack_Based_Buffer_Overflow__CWE806_char_alloca_snprintf_31.c:99
	#800002563 in __user_main (=1, =94569686054528, =94569686054544) at klee_src/runtime/POSIX/klee_init_env.c:245
	#900000471 in __uClibc_main (=1, =94569686054528) at libc/misc/internals/__uClibc_main.c:401
	#1000000637 in main (=1, =94569686054528)
Info: 
	address: 94569683676210
	next: object at 94569661396736 of size 256
		MO31381[256] allocated at vfprintf():  %7 = alloca %struct.ppfs_t.715, align 16
