Error: memory error: out of bound pointer
File: libc/string/memcpy.c
Line: 29
assembly.ll line: 4097
State: 1
Stack: 
	#000004097 in memcpy (=94238057559680, =94238041492544, =99) at libc/string/memcpy.c:29
	#100009142 in __stdio_fwrite (=94238041492544, =99, =94238059444320) at libc/stdio/_fwrite.c:39
	#200007148 in _do_one_spec (=94238059444320, =94238040606208, =94238071176176) at libc/stdio/_vfprintf.c:1817
	#300006221 in vfprintf (=94238059444320, =94238071172744, =94238071532960) at libc/stdio/_vfprintf.c:1919
	#400005736 in vsnprintf (=94238057559680, =100, =94238071172744, =94238071532960) at libc/stdio/vsnprintf.c:64
	#500005658 in snprintf (=94238057559680, =0, =0) at libc/stdio/snprintf.c:25
	#600004218 in CWE122_Heap_Based_Buffer_Overflow__c_CWE805_char_snprintf_02_bad () at ./juliet_testcases/CWE122_Heap_Based_Buffer_Overflow__c_CWE805_char_snprintf_02.c:45
	#700004320 in __klee_posix_wrapped_main (=1, =94238069062976) at ./juliet_testcases/CWE122_Heap_Based_Buffer_Overflow__c_CWE805_char_snprintf_02.c:133
	#800002563 in __user_main (=1, =94238065432960, =94238065432976) at klee_src/runtime/POSIX/klee_init_env.c:245
	#900000471 in __uClibc_main (=1, =94238065432960) at libc/misc/internals/__uClibc_main.c:401
	#1000000637 in main (=1, =94238065432960)
Info: 
	address: 94238057559730
	next: object at 94238040606208 of size 256
		MO36704[256] allocated at vfprintf():  %7 = alloca %struct.ppfs_t.715, align 16
