Error: memory error: out of bound pointer
File: libc/string/memcpy.c
Line: 29
assembly.ll line: 4097
State: 1
Stack: 
	#000004097 in memcpy (=94406554562624, =94406559524048, =99) at libc/string/memcpy.c:29
	#100009136 in __stdio_fwrite (=94406559524048, =99, =94406572620160) at libc/stdio/_fwrite.c:39
	#200007142 in _do_one_spec (=94406572620160, =94406554074112, =94406584638344) at libc/stdio/_vfprintf.c:1817
	#300006215 in vfprintf (=94406572620160, =94406584634912, =94406585004896) at libc/stdio/_vfprintf.c:1919
	#400005730 in vsnprintf (=94406554562624, =100, =94406584634912, =94406585004896) at libc/stdio/vsnprintf.c:64
	#500005652 in snprintf (=94406554562624, =0, =0) at libc/stdio/snprintf.c:25
	#600004218 in CWE121_Stack_Based_Buffer_Overflow__CWE805_char_declare_snprintf_10_bad () at ./juliet_testcases/CWE121_Stack_Based_Buffer_Overflow__CWE805_char_declare_snprintf_10.c:46
	#700004314 in __klee_posix_wrapped_main (=1, =94406582533536) at ./juliet_testcases/CWE121_Stack_Based_Buffer_Overflow__CWE805_char_declare_snprintf_10.c:131
	#800002563 in __user_main (=1, =94406578992768, =94406578992784) at klee_src/runtime/POSIX/klee_init_env.c:245
	#900000471 in __uClibc_main (=1, =94406578992768) at libc/misc/internals/__uClibc_main.c:401
	#1000000637 in main (=1, =94406578992768)
Info: 
	address: 94406554562674
	next: object at 94406554048000 of size 125
		MO9[125] allocated at main():  tail call fastcc void @__uClibc_main(i32 %0, i8** %1)
