Error: memory error: out of bound pointer
File: libc/string/memcpy.c
Line: 29
assembly.ll line: 4097
State: 1
Stack: 
	#000004097 in memcpy (=94181033111744, =94181019013056, =99) at libc/string/memcpy.c:29
	#100009148 in __stdio_fwrite (=94181019013056, =99, =94181036808672) at libc/stdio/_fwrite.c:39
	#200007154 in _do_one_spec (=94181036808672, =94181018138368, =94181048720128) at libc/stdio/_vfprintf.c:1817
	#300006227 in vfprintf (=94181036808672, =94181048716952, =94181049079744) at libc/stdio/_vfprintf.c:1919
	#400005742 in vsnprintf (=94181033111744, =100, =94181048716952, =94181049079744) at libc/stdio/vsnprintf.c:64
	#500005664 in snprintf (=94181033111744, =0, =0) at libc/stdio/snprintf.c:25
	#600004222 in CWE121_Stack_Based_Buffer_Overflow__CWE805_char_alloca_snprintf_14_bad () at ./juliet_testcases/CWE121_Stack_Based_Buffer_Overflow__CWE805_char_alloca_snprintf_14.c:46
	#700004326 in __klee_posix_wrapped_main (=1, =94181046607216) at ./juliet_testcases/CWE121_Stack_Based_Buffer_Overflow__CWE805_char_alloca_snprintf_14.c:131
	#800002563 in __user_main (=1, =94181017771136, =94181017771152) at klee_src/runtime/POSIX/klee_init_env.c:245
	#900000471 in __uClibc_main (=1, =94181017771136) at libc/misc/internals/__uClibc_main.c:401
	#1000000637 in main (=1, =94181017771136)
Info: 
	address: 94181033111794
	next: object at 94181017771136 of size 384
		MO0[384] allocated at main():  tail call fastcc void @__uClibc_main(i32 %0, i8** %1)
