Error: memory error: out of bound pointer
File: libc/string/memcpy.c
Line: 29
assembly.ll line: 4097
State: 1
Stack: 
	#000004097 in memcpy (=94296467768768, =94296461235232, =99) at libc/string/memcpy.c:29
	#100009118 in __stdio_fwrite (=94296461235232, =99, =94296479028096) at libc/stdio/_fwrite.c:39
	#200007124 in _do_one_spec (=94296479028096, =94296460360704, =94296490941344) at libc/stdio/_vfprintf.c:1817
	#300006197 in vfprintf (=94296479028096, =94296490937912, =94296491803616) at libc/stdio/_vfprintf.c:1919
	#400005712 in vsnprintf (=94296467768768, =99, =94296490937912, =94296491803616) at libc/stdio/vsnprintf.c:64
	#500005634 in snprintf (=94296467768768, =99, =0) at libc/stdio/snprintf.c:25
	#600004212 in CWE121_Stack_Based_Buffer_Overflow__CWE806_char_declare_snprintf_02_bad () at ./juliet_testcases/CWE121_Stack_Based_Buffer_Overflow__CWE806_char_declare_snprintf_02.c:43
	#700004296 in __klee_posix_wrapped_main (=1, =94296488844608) at ./juliet_testcases/CWE121_Stack_Based_Buffer_Overflow__CWE806_char_declare_snprintf_02.c:124
	#800002563 in __user_main (=1, =94296485273088, =94296485273104) at klee_src/runtime/POSIX/klee_init_env.c:245
	#900000471 in __uClibc_main (=1, =94296485273088) at libc/misc/internals/__uClibc_main.c:401
	#1000000637 in main (=1, =94296485273088)
Info: 
	address: 94296467768818
	next: object at 94296460300032 of size 768
		MO281[768] allocated at global:__C_ctype_toupper_data
