Error: memory error: out of bound pointer
File: libc/string/memcpy.c
Line: 29
assembly.ll line: 4097
State: 1
Stack: 
	#000004097 in memcpy (=93905074448448, =93905080037088, =99) at libc/string/memcpy.c:29
	#100009110 in __stdio_fwrite (=93905080037088, =99, =93905091092768) at libc/stdio/_fwrite.c:39
	#200007116 in _do_one_spec (=93905091092768, =93905072502528, =93905103035072) at libc/stdio/_vfprintf.c:1817
	#300006189 in vfprintf (=93905091092768, =93905103031792, =93905103408032) at libc/stdio/_vfprintf.c:1919
	#400005704 in vsnprintf (=93905074448448, =99, =93905103031792, =93905103408032) at libc/stdio/vsnprintf.c:64
	#500005626 in snprintf (=93905074448448, =99, =0) at libc/stdio/snprintf.c:25
	#600004222 in CWE121_Stack_Based_Buffer_Overflow__CWE806_char_declare_snprintf_51b_badSink (=93905080037088) at ./juliet_testcases/CWE121_Stack_Based_Buffer_Overflow__CWE806_char_declare_snprintf_51b.c:36
	#700004205 in CWE121_Stack_Based_Buffer_Overflow__CWE806_char_declare_snprintf_51_bad () at ./juliet_testcases/CWE121_Stack_Based_Buffer_Overflow__CWE806_char_declare_snprintf_51a.c:40
	#800004288 in __klee_posix_wrapped_main (=1, =93905100938512) at ./juliet_testcases/CWE121_Stack_Based_Buffer_Overflow__CWE806_char_declare_snprintf_51a.c:88
	#900002563 in __user_main (=1, =93905097304704, =93905097304720) at klee_src/runtime/POSIX/klee_init_env.c:245
	#1000000471 in __uClibc_main (=1, =93905097304704) at libc/misc/internals/__uClibc_main.c:401
	#1100000637 in main (=1, =93905097304704)
Info: 
	address: 93905074448498
	next: object at 93905072477440 of size 114
		MO40[114] allocated at main():  tail call fastcc void @__uClibc_main(i32 %0, i8** %1)
