Error: memory error: out of bound pointer
File: libc/string/memcpy.c
Line: 29
assembly.ll line: 4097
State: 1
Stack: 
	#000004097 in memcpy (=94609488882880, =94609471774480, =99) at libc/string/memcpy.c:29
	#100009106 in __stdio_fwrite (=94609471774480, =99, =94609489803840) at libc/stdio/_fwrite.c:39
	#200007112 in _do_one_spec (=94609489803840, =94609471117056, =94609501731376) at libc/stdio/_vfprintf.c:1817
	#300006185 in vfprintf (=94609489803840, =94609501728224, =94609502109376) at libc/stdio/_vfprintf.c:1919
	#400005700 in vsnprintf (=94609488882880, =99, =94609501728224, =94609502109376) at libc/stdio/vsnprintf.c:64
	#500005622 in snprintf (=94609488882880, =99, =0) at libc/stdio/snprintf.c:25
	#600004220 in CWE121_Stack_Based_Buffer_Overflow__CWE806_char_declare_snprintf_31_bad () at ./juliet_testcases/CWE121_Stack_Based_Buffer_Overflow__CWE806_char_declare_snprintf_31.c:43
	#700004284 in __klee_posix_wrapped_main (=1, =94609499634992) at ./juliet_testcases/CWE121_Stack_Based_Buffer_Overflow__CWE806_char_declare_snprintf_31.c:99
	#800002563 in __user_main (=1, =94609495489664, =94609495489680) at klee_src/runtime/POSIX/klee_init_env.c:245
	#900000471 in __uClibc_main (=1, =94609495489664) at libc/misc/internals/__uClibc_main.c:401
	#1000000637 in main (=1, =94609495489664)
Info: 
	address: 94609488882930
	next: object at 94609471092736 of size 128
		MO33813[128] allocated at _do_one_spec():  %19 = alloca [128 x i8], align 16
