Error: memory error: out of bound pointer
File: libc/string/strnlen.c
Line: 30
assembly.ll line: 12240
State: 1
Stack: 
	#000012240 in wcsnlen (=210453397552, =18446744073709551615) at libc/string/strnlen.c:30
	#100010802 in _do_one_spec.301 (=94464636437144, =94464612711936, =94464643793464) at libc/stdio/_vfprintf.c:1702
	#200009946 in vfwprintf (=94464643404032, =94464643750944) at libc/stdio/_vfprintf.c:1919
	#300005917 in wprintf (=0) at libc/stdio/wprintf.c:20
	#400005707 in printWLine (=210453397552) at io.c:23
	#500004217 in CWE121_Stack_Based_Buffer_Overflow__wchar_t_type_overrun_memmove_02_bad () at ./juliet_testcases/CWE121_Stack_Based_Buffer_Overflow__wchar_t_type_overrun_memmove_02.c:47
	#600004299 in __klee_posix_wrapped_main (=1, =94464643703040) at ./juliet_testcases/CWE121_Stack_Based_Buffer_Overflow__wchar_t_type_overrun_memmove_02.c:125
	#700002566 in __user_main (=1, =94464637359360, =94464637359376) at klee_src/runtime/POSIX/klee_init_env.c:245
	#800000474 in __uClibc_main (=1, =94464637359360) at libc/misc/internals/__uClibc_main.c:401
	#900000640 in main (=1, =94464637359360)
Info: 
	address: 210453397552
	next: object at 94464612686336 of size 128
		MO291[128] allocated at global:randtbl
