Error: memory error: out of bound pointer
File: libc/string/memcpy.c
Line: 29
assembly.ll line: 4098
State: 1
Stack: 
	#000004098 in memcpy (=93974055167360, =93974048651392, =99) at libc/string/memcpy.c:29
	#100009139 in __stdio_fwrite (=93974048651392, =99, =93974066404384) at libc/stdio/_fwrite.c:39
	#200007145 in _do_one_spec (=93974066404384, =93974047741696, =93974078307112) at libc/stdio/_vfprintf.c:1817
	#300006218 in vfprintf (=93974066404384, =93974078303904, =93974078949216) at libc/stdio/_vfprintf.c:1919
	#400005733 in vsnprintf (=93974055167360, =99, =93974078303904, =93974078949216) at libc/stdio/vsnprintf.c:64
	#500005655 in snprintf (=93974055167360, =99, =0) at libc/stdio/snprintf.c:25
	#600004237 in CWE121_Stack_Based_Buffer_Overflow__CWE806_char_alloca_snprintf_67b_badSink (=93974048651392) at ./juliet_testcases/CWE121_Stack_Based_Buffer_Overflow__CWE806_char_alloca_snprintf_67b.c:40
	#700004214 in CWE121_Stack_Based_Buffer_Overflow__CWE806_char_alloca_snprintf_67_bad () at ./juliet_testcases/CWE121_Stack_Based_Buffer_Overflow__CWE806_char_alloca_snprintf_67a.c:47
	#800004317 in __klee_posix_wrapped_main (=1, =93974076194224) at ./juliet_testcases/CWE121_Stack_Based_Buffer_Overflow__CWE806_char_alloca_snprintf_67a.c:96
	#900002564 in __user_main (=1, =93974072653824, =93974072653840) at klee_src/runtime/POSIX/klee_init_env.c:245
	#1000000472 in __uClibc_main (=1, =93974072653824) at libc/misc/internals/__uClibc_main.c:401
	#1100000638 in main (=1, =93974072653824)
Info: 
	address: 93974055167410
	next: object at 93974047682304 of size 768
		MO282[768] allocated at global:__C_ctype_toupper_data
