Error: memory error: out of bound pointer
File: libc/string/memcpy.c
Line: 29
assembly.ll line: 4098
State: 1
Stack: 
	#000004098 in memcpy (=94164021821568, =94164011886224, =99) at libc/string/memcpy.c:29
	#100009184 in __stdio_fwrite (=94164011886224, =99, =94164022910464) at libc/stdio/_fwrite.c:39
	#200007190 in _do_one_spec (=94164022910464, =94164004382976, =94164034960640) at libc/stdio/_vfprintf.c:1817
	#300006263 in vfprintf (=94164022910464, =94164034957208, =94164035346912) at libc/stdio/_vfprintf.c:1919
	#400005768 in vsnprintf (=94164021821568, =99, =94164034957208, =94164035346912) at libc/stdio/vsnprintf.c:64
	#500005690 in snprintf (=94164021821568, =99, =0) at libc/stdio/snprintf.c:25
	#600004228 in CWE122_Heap_Based_Buffer_Overflow__c_CWE806_char_snprintf_11_bad () at ./juliet_testcases/CWE122_Heap_Based_Buffer_Overflow__c_CWE806_char_snprintf_11.c:43
	#700004352 in __klee_posix_wrapped_main (=1, =94164032838992) at ./juliet_testcases/CWE122_Heap_Based_Buffer_Overflow__c_CWE806_char_snprintf_11.c:127
	#800002564 in __user_main (=1, =94164004019712, =94164004019728) at klee_src/runtime/POSIX/klee_init_env.c:245
	#900000472 in __uClibc_main (=1, =94164004019712) at libc/misc/internals/__uClibc_main.c:401
	#1000000638 in main (=1, =94164004019712)
Info: 
	address: 94164021821618
	next: object at 94164004019712 of size 376
		MO0[376] allocated at main():  tail call fastcc void @__uClibc_main(i32 %0, i8** %1)
