Error: memory error: out of bound pointer
File: libc/string/strnlen.c
Line: 30
assembly.ll line: 12303
State: 1
Stack: 
	#000012303 in wcsnlen (=94842697569984, =18446744073709551615) at libc/string/strnlen.c:30
	#100010865 in _do_one_spec.304 (=94842696967096, =94842673178112, =94842704331584) at libc/stdio/_vfprintf.c:1702
	#200010009 in vfwprintf (=94842703944352, =94842704347168) at libc/stdio/_vfprintf.c:1919
	#300005980 in wprintf (=0) at libc/stdio/wprintf.c:20
	#400005770 in printWLine (=94842697569984) at io.c:23
	#500004206 in CWE126_Buffer_Overread__CWE170_wchar_t_strncpy_03_bad () at ./juliet_testcases/CWE126_Buffer_Overread__CWE170_wchar_t_strncpy_03.c:35
	#600004274 in __klee_posix_wrapped_main (=1, =94842704257344) at ./juliet_testcases/CWE126_Buffer_Overread__CWE170_wchar_t_strncpy_03.c:113
	#700002564 in __user_main (=1, =94842697819648, =94842697819664) at klee_src/runtime/POSIX/klee_init_env.c:245
	#800000472 in __uClibc_main (=1, =94842697819648) at libc/misc/internals/__uClibc_main.c:401
	#900000638 in main (=1, =94842697819648)
Info: 
	address: 94842697570384
	next: object at 94842673121536 of size 768
		MO285[768] allocated at global:__C_ctype_toupper_data
