Error: memory error: out of bound pointer
File: libc/string/strnlen.c
Line: 30
assembly.ll line: 12359
State: 1
Stack: 
	#000012359 in wcsnlen (=93896471688896, =18446744073709551615) at libc/string/strnlen.c:30
	#100010921 in _do_one_spec.303 (=93896471160600, =93896447454464, =93896478639064) at libc/stdio/_vfprintf.c:1702
	#200010065 in vfwprintf (=93896478263488, =93896478596064) at libc/stdio/_vfprintf.c:1919
	#300006036 in wprintf (=0) at libc/stdio/wprintf.c:20
	#400005826 in printWLine (=93896471688896) at io.c:23
	#500004235 in CWE126_Buffer_Overread__CWE170_wchar_t_loop_08_bad () at ./juliet_testcases/CWE126_Buffer_Overread__CWE170_wchar_t_loop_08.c:50
	#600004380 in __klee_posix_wrapped_main (=1, =93896478556544) at ./juliet_testcases/CWE126_Buffer_Overread__CWE170_wchar_t_loop_08.c:132
	#700002564 in __user_main (=1, =93896472280576, =93896472280592) at klee_src/runtime/POSIX/klee_init_env.c:245
	#800000472 in __uClibc_main (=1, =93896472280576) at libc/misc/internals/__uClibc_main.c:401
	#900000638 in main (=1, =93896472280576)
Info: 
	address: 93896471689296
	next: object at 93896447387008 of size 55
		MO208[55] allocated at global:__evoke_link_warning_mktemp
