Error: memory error: out of bound pointer
File: libc/string/memcpy.c
Line: 29
assembly.ll line: 4097
State: 1
Stack: 
	#000004097 in memcpy (=94089443627456, =94089441827168, =99) at libc/string/memcpy.c:29
	#100009130 in __stdio_fwrite (=94089441827168, =99, =94089441910656) at libc/stdio/_fwrite.c:39
	#200007136 in _do_one_spec (=94089441910656, =94089423306240, =94089453894352) at libc/stdio/_vfprintf.c:1817
	#300006209 in vfprintf (=94089441910656, =94089453891176, =94089454253216) at libc/stdio/_vfprintf.c:1919
	#400005724 in vsnprintf (=94089443627456, =100, =94089453891176, =94089454253216) at libc/stdio/vsnprintf.c:64
	#500005646 in snprintf (=94089443627456, =0, =0) at libc/stdio/snprintf.c:25
	#600004216 in CWE121_Stack_Based_Buffer_Overflow__CWE805_char_alloca_snprintf_03_bad () at ./juliet_testcases/CWE121_Stack_Based_Buffer_Overflow__CWE805_char_alloca_snprintf_03.c:46
	#700004308 in __klee_posix_wrapped_main (=1, =94089451650416) at ./juliet_testcases/CWE121_Stack_Based_Buffer_Overflow__CWE805_char_alloca_snprintf_03.c:131
	#800002563 in __user_main (=1, =94089446513024, =94089446513040) at klee_src/runtime/POSIX/klee_init_env.c:245
	#900000471 in __uClibc_main (=1, =94089446513024) at libc/misc/internals/__uClibc_main.c:401
	#1000000637 in main (=1, =94089446513024)
Info: 
	address: 94089443627506
	next: object at 94089423243520 of size 768
		MO279[768] allocated at global:__C_ctype_tolower_data
