Error: memory error: out of bound pointer
File: libc/string/strnlen.c
Line: 30
assembly.ll line: 12321
State: 1
Stack: 
	#000012321 in wcsnlen (=94607568164544, =18446744073709551615) at libc/string/strnlen.c:30
	#100010883 in _do_one_spec.307 (=94607590335416, =94607566617600, =94607597781872) at libc/stdio/_vfprintf.c:1702
	#200010027 in vfwprintf (=94607597387200, =94607597732672) at libc/stdio/_vfprintf.c:1919
	#300005998 in wprintf (=0) at libc/stdio/wprintf.c:20
	#400005788 in printWLine (=94607568164544) at io.c:23
	#500004209 in CWE126_Buffer_Overread__CWE170_wchar_t_strncpy_13_bad () at ./juliet_testcases/CWE126_Buffer_Overread__CWE170_wchar_t_strncpy_13.c:35
	#600004292 in __klee_posix_wrapped_main (=1, =94607597699392) at ./juliet_testcases/CWE126_Buffer_Overread__CWE170_wchar_t_strncpy_13.c:113
	#700002564 in __user_main (=1, =94607582598016, =94607582598032) at klee_src/runtime/POSIX/klee_init_env.c:245
	#800000472 in __uClibc_main (=1, =94607582598016) at libc/misc/internals/__uClibc_main.c:401
	#900000638 in main (=1, =94607582598016)
Info: 
	address: 94607568164944
	next: object at 94607566555392 of size 768
		MO284[768] allocated at global:__C_ctype_tolower_data
