Error: memory error: out of bound pointer
File: libc/string/strnlen.c
Line: 30
assembly.ll line: 12277
State: 1
Stack: 
	#000012277 in wcsnlen (=94382535923392, =18446744073709551615) at libc/string/strnlen.c:30
	#100010839 in _do_one_spec.303 (=94382550090392, =94382526369024, =94382557438600) at libc/stdio/_vfprintf.c:1702
	#200009983 in vfwprintf (=94382557058400, =94382557703712) at libc/stdio/_vfprintf.c:1919
	#300005954 in wprintf (=0) at libc/stdio/wprintf.c:20
	#400005744 in printWLine (=94382535923392) at io.c:23
	#500004211 in CWE126_Buffer_Overread__CWE170_wchar_t_memcpy_07_bad () at ./juliet_testcases/CWE126_Buffer_Overread__CWE170_wchar_t_memcpy_07.c:38
	#600004298 in __klee_posix_wrapped_main (=1, =94382557364448) at ./juliet_testcases/CWE126_Buffer_Overread__CWE170_wchar_t_memcpy_07.c:112
	#700002564 in __user_main (=1, =94382550760960, =94382550760976) at klee_src/runtime/POSIX/klee_init_env.c:245
	#800000472 in __uClibc_main (=1, =94382550760960) at libc/misc/internals/__uClibc_main.c:401
	#900000638 in main (=1, =94382550760960)
Info: 
	address: 94382535923792
	next: object at 94382526345472 of size 114
		MO40[114] allocated at main():  tail call fastcc void @__uClibc_main(i32 %0, i8** %1)
