Error: memory error: out of bound pointer
File: libc/string/memcpy.c
Line: 29
assembly.ll line: 4099
State: 1
Stack: 
	#000004099 in memcpy (=93939325357376, =93939318427360, =99) at libc/string/memcpy.c:29
	#100009116 in __stdio_fwrite (=93939318427360, =99, =93939336632032) at libc/stdio/_fwrite.c:39
	#200007122 in _do_one_spec (=93939336632032, =93939317946112, =93939348446096) at libc/stdio/_vfprintf.c:1817
	#300006195 in vfprintf (=93939336632032, =93939348442696, =93939348865248) at libc/stdio/_vfprintf.c:1919
	#400005710 in vsnprintf (=93939325357376, =99, =93939348442696, =93939348865248) at libc/stdio/vsnprintf.c:64
	#500005632 in snprintf (=93939325357376, =99, =0) at libc/stdio/snprintf.c:25
	#600004224 in CWE122_Heap_Based_Buffer_Overflow__c_CWE806_char_snprintf_68b_badSink () at ./juliet_testcases/CWE122_Heap_Based_Buffer_Overflow__c_CWE806_char_snprintf_68b.c:40
	#700004206 in CWE122_Heap_Based_Buffer_Overflow__c_CWE806_char_snprintf_68_bad () at ./juliet_testcases/CWE122_Heap_Based_Buffer_Overflow__c_CWE806_char_snprintf_68a.c:43
	#800004294 in __klee_posix_wrapped_main (=1, =93939343744208) at ./juliet_testcases/CWE122_Heap_Based_Buffer_Overflow__c_CWE806_char_snprintf_68a.c:91
	#900002565 in __user_main (=1, =93939317579264, =93939317579280) at klee_src/runtime/POSIX/klee_init_env.c:245
	#1000000473 in __uClibc_main (=1, =93939317579264) at libc/misc/internals/__uClibc_main.c:401
	#1100000639 in main (=1, =93939317579264)
Info: 
	address: 93939325357426
	next: object at 93939317579264 of size 376
		MO0[376] allocated at main():  tail call fastcc void @__uClibc_main(i32 %0, i8** %1)
