Error: memory error: out of bound pointer
File: libc/string/memcpy.c
Line: 29
assembly.ll line: 4099
State: 1
Stack: 
	#000004099 in memcpy (=94527987049472, =94527967331872, =99) at libc/string/memcpy.c:29
	#100009124 in __stdio_fwrite (=94527967331872, =99, =94527985476736) at libc/stdio/_fwrite.c:39
	#200007130 in _do_one_spec (=94527985476736, =94527966754560, =94527992273848) at libc/stdio/_vfprintf.c:1817
	#300006203 in vfprintf (=94527985476736, =94527992270400, =94527997531680) at libc/stdio/_vfprintf.c:1919
	#400005718 in vsnprintf (=94527987049472, =100, =94527992270400, =94527997531680) at libc/stdio/vsnprintf.c:64
	#500005640 in snprintf (=94527987049472, =0, =0) at libc/stdio/snprintf.c:25
	#600004230 in CWE121_Stack_Based_Buffer_Overflow__CWE805_char_alloca_snprintf_68b_badSink () at ./juliet_testcases/CWE121_Stack_Based_Buffer_Overflow__CWE805_char_alloca_snprintf_68b.c:42
	#700004212 in CWE121_Stack_Based_Buffer_Overflow__CWE805_char_alloca_snprintf_68_bad () at ./juliet_testcases/CWE121_Stack_Based_Buffer_Overflow__CWE805_char_alloca_snprintf_68a.c:45
	#800004302 in __klee_posix_wrapped_main (=1, =94527994232112) at ./juliet_testcases/CWE121_Stack_Based_Buffer_Overflow__CWE805_char_alloca_snprintf_68a.c:94
	#900002565 in __user_main (=1, =94527991133056, =94527991133072) at klee_src/runtime/POSIX/klee_init_env.c:245
	#1000000473 in __uClibc_main (=1, =94527991133056) at libc/misc/internals/__uClibc_main.c:401
	#1100000639 in main (=1, =94527991133056)
Info: 
	address: 94527987049522
	next: object at 94527966729856 of size 125
		MO9[125] allocated at main():  tail call fastcc void @__uClibc_main(i32 %0, i8** %1)
