Error: memory error: out of bound pointer
File: libc/string/memcpy.c
Line: 29
assembly.ll line: 4097
State: 1
Stack: 
	#000004097 in memcpy (=94095445792128, =94095443990880, =99) at libc/string/memcpy.c:29
	#100009130 in __stdio_fwrite (=94095443990880, =99, =94095444074368) at libc/stdio/_fwrite.c:39
	#200007136 in _do_one_spec (=94095444074368, =94095425469952, =94095456066256) at libc/stdio/_vfprintf.c:1817
	#300006209 in vfprintf (=94095444074368, =94095456063080, =94095456425120) at libc/stdio/_vfprintf.c:1919
	#400005724 in vsnprintf (=94095445792128, =100, =94095456063080, =94095456425120) at libc/stdio/vsnprintf.c:64
	#500005646 in snprintf (=94095445792128, =0, =0) at libc/stdio/snprintf.c:25
	#600004216 in CWE121_Stack_Based_Buffer_Overflow__CWE805_char_alloca_snprintf_06_bad () at ./juliet_testcases/CWE121_Stack_Based_Buffer_Overflow__CWE805_char_alloca_snprintf_06.c:50
	#700004308 in __klee_posix_wrapped_main (=1, =94095453822320) at ./juliet_testcases/CWE121_Stack_Based_Buffer_Overflow__CWE805_char_alloca_snprintf_06.c:135
	#800002563 in __user_main (=1, =94095450374912, =94095450374928) at klee_src/runtime/POSIX/klee_init_env.c:245
	#900000471 in __uClibc_main (=1, =94095450374912) at libc/misc/internals/__uClibc_main.c:401
	#1000000637 in main (=1, =94095450374912)
Info: 
	address: 94095445792178
	next: object at 94095425396736 of size 55
		MO201[55] allocated at global:__evoke_link_warning_mktemp
