Error: memory error: out of bound pointer
File: libc/string/memcpy.c
Line: 29
assembly.ll line: 4097
State: 1
Stack: 
	#000004097 in memcpy (=93896673606464, =93896678797136, =99) at libc/string/memcpy.c:29
	#100009110 in __stdio_fwrite (=93896678797136, =99, =93896673748576) at libc/stdio/_fwrite.c:39
	#200007116 in _do_one_spec (=93896673748576, =93896655116544, =93896685705872) at libc/stdio/_vfprintf.c:1817
	#300006189 in vfprintf (=93896673748576, =93896685702592, =93896686083616) at libc/stdio/_vfprintf.c:1919
	#400005704 in vsnprintf (=93896673606464, =100, =93896685702592, =93896686083616) at libc/stdio/vsnprintf.c:64
	#500005626 in snprintf (=93896673606464, =0, =0) at libc/stdio/snprintf.c:25
	#600004222 in CWE121_Stack_Based_Buffer_Overflow__CWE805_char_declare_snprintf_51b_badSink (=93896673606464) at ./juliet_testcases/CWE121_Stack_Based_Buffer_Overflow__CWE805_char_declare_snprintf_51b.c:38
	#700004205 in CWE121_Stack_Based_Buffer_Overflow__CWE805_char_declare_snprintf_51_bad () at ./juliet_testcases/CWE121_Stack_Based_Buffer_Overflow__CWE805_char_declare_snprintf_51a.c:41
	#800004288 in __klee_posix_wrapped_main (=1, =93896683478352) at ./juliet_testcases/CWE121_Stack_Based_Buffer_Overflow__CWE805_char_declare_snprintf_51a.c:89
	#900002563 in __user_main (=1, =93896678320384, =93896678320400) at klee_src/runtime/POSIX/klee_init_env.c:245
	#1000000471 in __uClibc_main (=1, =93896678320384) at libc/misc/internals/__uClibc_main.c:401
	#1100000637 in main (=1, =93896678320384)
Info: 
	address: 93896673606514
	next: object at 93896654774832 of size 100
		MO21[100] allocated at main():  tail call fastcc void @__uClibc_main(i32 %0, i8** %1)
