Error: memory error: out of bound pointer
File: libc/string/strnlen.c
Line: 30
assembly.ll line: 12259
State: 1
Stack: 
	#000012259 in wcsnlen (=94423852086976, =18446744073709551615) at libc/string/strnlen.c:30
	#100010821 in _do_one_spec.302 (=94423866589848, =94423842872832, =94423873938008) at libc/stdio/_vfprintf.c:1702
	#200009965 in vfwprintf (=94423873557024, =94423873900928) at libc/stdio/_vfprintf.c:1919
	#300005936 in wprintf (=0) at libc/stdio/wprintf.c:20
	#400005726 in printWLine (=94423852086976) at io.c:23
	#500004208 in CWE126_Buffer_Overread__CWE170_wchar_t_memcpy_03_bad () at ./juliet_testcases/CWE126_Buffer_Overread__CWE170_wchar_t_memcpy_03.c:33
	#600004280 in __klee_posix_wrapped_main (=1, =94423873863904) at ./juliet_testcases/CWE126_Buffer_Overread__CWE170_wchar_t_memcpy_03.c:107
	#700002564 in __user_main (=1, =94423867516416, =94423867516432) at klee_src/runtime/POSIX/klee_init_env.c:245
	#800000472 in __uClibc_main (=1, =94423867516416) at libc/misc/internals/__uClibc_main.c:401
	#900000638 in main (=1, =94423867516416)
Info: 
	address: 94423852087376
	next: object at 94423842847232 of size 128
		MO290[128] allocated at global:randtbl
