Error: memory error: out of bound pointer
File: libc/string/memcpy.c
Line: 29
assembly.ll line: 4097
State: 1
Stack: 
	#000004097 in memcpy (=94240612857280, =94240609428464, =99) at libc/string/memcpy.c:29
	#100009118 in __stdio_fwrite (=94240609428464, =99, =94240607746912) at libc/stdio/_fwrite.c:39
	#200007124 in _do_one_spec (=94240607746912, =94240589141760, =94240619690840) at libc/stdio/_vfprintf.c:1817
	#300006197 in vfprintf (=94240607746912, =94240619687408, =94240620064928) at libc/stdio/_vfprintf.c:1919
	#400005712 in vsnprintf (=94240612857280, =100, =94240619687408, =94240620064928) at libc/stdio/vsnprintf.c:64
	#500005634 in snprintf (=94240612857280, =0, =0) at libc/stdio/snprintf.c:25
	#600004212 in CWE121_Stack_Based_Buffer_Overflow__CWE805_char_declare_snprintf_15_bad () at ./juliet_testcases/CWE121_Stack_Based_Buffer_Overflow__CWE805_char_declare_snprintf_15.c:52
	#700004296 in __klee_posix_wrapped_main (=1, =94240617594272) at ./juliet_testcases/CWE121_Stack_Based_Buffer_Overflow__CWE805_char_declare_snprintf_15.c:144
	#800002563 in __user_main (=1, =94240588774912, =94240588774928) at klee_src/runtime/POSIX/klee_init_env.c:245
	#900000471 in __uClibc_main (=1, =94240588774912) at libc/misc/internals/__uClibc_main.c:401
	#1000000637 in main (=1, =94240588774912)
Info: 
	address: 94240612857330
	next: object at 94240588774912 of size 376
		MO0[376] allocated at main():  tail call fastcc void @__uClibc_main(i32 %0, i8** %1)
